#
# There is insufficient memory for the Java Runtime Environment to continue.
# Native memory allocation (malloc) failed to allocate 1048576 bytes for AllocateHeap
# Possible reasons:
#   The system is out of physical RAM or swap space
#   The process is running with CompressedOops enabled, and the Java Heap may be blocking the growth of the native heap
# Possible solutions:
#   Reduce memory load on the system
#   Increase physical memory or swap space
#   Check if swap backing store is full
#   Decrease Java heap size (-Xmx/-Xms)
#   Decrease number of Java threads
#   Decrease Java thread stack sizes (-Xss)
#   Set larger code cache with -XX:ReservedCodeCacheSize=
#   JVM is running with Unscaled Compressed Oops mode in which the Java heap is
#     placed in the first 4GB address space. The Java Heap base address is the
#     maximum limit for the native heap growth. Please use -XX:HeapBaseMinAddress
#     to set the Java Heap base and to place the Java Heap above 4GB virtual address.
# This output file may be truncated or incomplete.
#
#  Out of Memory Error (allocation.cpp:44), pid=25004, tid=5536
#
# JRE version: OpenJDK Runtime Environment Temurin-17.0.7+7 (17.0.7+7) (build 17.0.7+7)
# Java VM: OpenJDK 64-Bit Server VM Temurin-17.0.7+7 (17.0.7+7, mixed mode, emulated-client, tiered, compressed oops, compressed class ptrs, g1 gc, windows-amd64)
# No core dump will be written. Minidumps are not enabled by default on client versions of Windows
#

---------------  S U M M A R Y ------------

Command Line: -XX:+HeapDumpOnOutOfMemoryError -Xmx1024m -Dsts.lsp.client=vscode -Dsts.log.file=/dev/null -XX:TieredStopAtLevel=1 -Xlog:jni+resolve=off -Dspring.config.location=file:c:\Users\ohkub\.vscode\extensions\vmware.vscode-spring-boot-1.47.0\language-server\BOOT-INF\classes\application.properties org.springframework.ide.vscode.boot.app.BootLanguageServerBootApp

Host: Intel(R) Core(TM) i7-8700K CPU @ 3.70GHz, 12 cores, 31G,  Windows 11 , 64 bit Build 22621 (10.0.22621.1928)
Time: Wed Aug  9 05:56:10 2023  Windows 11 , 64 bit Build 22621 (10.0.22621.1928) elapsed time: 396819.288127 seconds (4d 14h 13m 39s)

---------------  T H R E A D  ---------------

Current thread (0x000002026bec7be0):  VMThread "VM Thread" [stack: 0x000000eb24a00000,0x000000eb24b00000] [id=5536]

Stack: [0x000000eb24a00000,0x000000eb24b00000]
Native frames: (J=compiled Java code, j=interpreted, Vv=VM code, C=native code)
V  [jvm.dll+0x67754a]
V  [jvm.dll+0x834304]
V  [jvm.dll+0x835aae]
V  [jvm.dll+0x836113]
V  [jvm.dll+0x24696f]
V  [jvm.dll+0xa681f]
V  [jvm.dll+0x2f73f3]
V  [jvm.dll+0x2f30f0]
V  [jvm.dll+0x2db6c7]
V  [jvm.dll+0x31e777]
V  [jvm.dll+0x83a5bb]
V  [jvm.dll+0x83b2f4]
V  [jvm.dll+0x83b80c]
V  [jvm.dll+0x83bbe4]
V  [jvm.dll+0x83bcb0]
V  [jvm.dll+0x7e4e7a]
V  [jvm.dll+0x676395]
C  [ucrtbase.dll+0x29363]
C  [KERNEL32.DLL+0x126ad]
C  [ntdll.dll+0x5aa68]

VM_Operation (0x000000eb266fe7f0): G1CollectFull, mode: safepoint, requested by thread 0x000002026c13f260


---------------  P R O C E S S  ---------------

Threads class SMR info:
_java_thread_list=0x0000020272655670, length=32, elements={
0x000002026bec8680, 0x000002026bef2120, 0x000002026bf24290, 0x000002026bf24760,
0x000002026bf24c30, 0x000002026bf25310, 0x000002026bf2c0c0, 0x000002026bf38500,
0x000002026c13e8c0, 0x000002026c13d0b0, 0x000002026c13d580, 0x000002026c13da50,
0x000002026c13f260, 0x000002026c13ed90, 0x000002026c13f730, 0x000002026c13c710,
0x000002026c13fc00, 0x0000020271ee7df0, 0x0000020271ee4430, 0x0000020271ee4dd0,
0x00000202725ddbb0, 0x0000020271ee30f0, 0x0000020271ee8790, 0x0000020271ee3f60,
0x00000202725dd210, 0x00000202725df3c0, 0x00000202725e28b0, 0x00000202725db530,
0x00000202725dea20, 0x00000202725e0700, 0x00000202725e23e0, 0x00000202725e0bd0
}

Java Threads: ( => current thread )
  0x000002026bec8680 JavaThread "Reference Handler" daemon [_thread_blocked, id=24428, stack(0x000000eb24b00000,0x000000eb24c00000)]
  0x000002026bef2120 JavaThread "Finalizer" daemon [_thread_blocked, id=14192, stack(0x000000eb24c00000,0x000000eb24d00000)]
  0x000002026bf24290 JavaThread "Signal Dispatcher" daemon [_thread_blocked, id=26256, stack(0x000000eb24d00000,0x000000eb24e00000)]
  0x000002026bf24760 JavaThread "Attach Listener" daemon [_thread_blocked, id=17312, stack(0x000000eb24e00000,0x000000eb24f00000)]
  0x000002026bf24c30 JavaThread "Service Thread" daemon [_thread_blocked, id=28496, stack(0x000000eb24f00000,0x000000eb25000000)]
  0x000002026bf25310 JavaThread "Monitor Deflation Thread" daemon [_thread_blocked, id=24156, stack(0x000000eb25000000,0x000000eb25100000)]
  0x000002026bf2c0c0 JavaThread "C1 CompilerThread0" daemon [_thread_blocked, id=12132, stack(0x000000eb25100000,0x000000eb25200000)]
  0x000002026bf38500 JavaThread "Sweeper thread" daemon [_thread_blocked, id=26844, stack(0x000000eb25200000,0x000000eb25300000)]
  0x000002026c13e8c0 JavaThread "Notification Thread" daemon [_thread_blocked, id=21484, stack(0x000000eb25400000,0x000000eb25500000)]
  0x000002026c13d0b0 JavaThread "Common-Cleaner" daemon [_thread_blocked, id=24748, stack(0x000000eb25600000,0x000000eb25700000)]
  0x000002026c13d580 JavaThread "boundedElastic-evictor-1" daemon [_thread_blocked, id=13540, stack(0x000000eb26000000,0x000000eb26100000)]
  0x000002026c13da50 JavaThread "boundedElastic-evictor-2" daemon [_thread_blocked, id=17260, stack(0x000000eb26500000,0x000000eb26600000)]
  0x000002026c13f260 JavaThread "pool-10-thread-1" [_thread_blocked, id=9724, stack(0x000000eb26600000,0x000000eb26700000)]
  0x000002026c13ed90 JavaThread "LanguageServerApp-lifecycle" [_thread_blocked, id=27684, stack(0x000000eb26700000,0x000000eb26800000)]
  0x000002026c13f730 JavaThread "DestroyJavaVM" [_thread_blocked, id=17716, stack(0x000000eb24400000,0x000000eb24500000)]
  0x000002026c13c710 JavaThread "pool-11-thread-1" [_thread_in_native, id=24872, stack(0x000000eb26800000,0x000000eb26900000)]
  0x000002026c13fc00 JavaThread "Simple-Language-Server main thread" daemon [_thread_blocked, id=10256, stack(0x000000eb26900000,0x000000eb26a00000)]
  0x0000020271ee7df0 JavaThread "parallel-1" daemon [_thread_blocked, id=13948, stack(0x000000eb26e00000,0x000000eb26f00000)]
  0x0000020271ee4430 JavaThread "pool-4-thread-1" [_thread_blocked, id=25296, stack(0x000000eb28200000,0x000000eb28300000)]
  0x0000020271ee4dd0 JavaThread "parallel-2" daemon [_thread_blocked, id=1044, stack(0x000000eb28300000,0x000000eb28400000)]
  0x00000202725ddbb0 JavaThread "parallel-3" daemon [_thread_blocked, id=26000, stack(0x000000eb26f00000,0x000000eb27000000)]
  0x0000020271ee30f0 JavaThread "pool-6-thread-1" [_thread_blocked, id=25544, stack(0x000000eb26200000,0x000000eb26300000)]
  0x0000020271ee8790 JavaThread "parallel-4" daemon [_thread_blocked, id=1980, stack(0x000000eb27100000,0x000000eb27200000)]
  0x0000020271ee3f60 JavaThread "Reconciler-1" daemon [_thread_blocked, id=4228, stack(0x000000eb27700000,0x000000eb27800000)]
  0x00000202725dd210 JavaThread "parallel-5" daemon [_thread_blocked, id=22936, stack(0x000000eb24200000,0x000000eb24300000)]
  0x00000202725df3c0 JavaThread "parallel-6" daemon [_thread_blocked, id=25772, stack(0x000000eb24300000,0x000000eb24400000)]
  0x00000202725e28b0 JavaThread "parallel-7" daemon [_thread_blocked, id=3132, stack(0x000000eb25300000,0x000000eb25400000)]
  0x00000202725db530 JavaThread "parallel-8" daemon [_thread_blocked, id=28540, stack(0x000000eb26c00000,0x000000eb26d00000)]
  0x00000202725dea20 JavaThread "parallel-9" daemon [_thread_blocked, id=22676, stack(0x000000eb27000000,0x000000eb27100000)]
  0x00000202725e0700 JavaThread "parallel-10" daemon [_thread_blocked, id=22280, stack(0x000000eb27300000,0x000000eb27400000)]
  0x00000202725e23e0 JavaThread "parallel-11" daemon [_thread_blocked, id=23836, stack(0x000000eb27400000,0x000000eb27500000)]
  0x00000202725e0bd0 JavaThread "parallel-12" daemon [_thread_blocked, id=8628, stack(0x000000eb27500000,0x000000eb27600000)]

Other Threads:
=>0x000002026bec7be0 VMThread "VM Thread" [stack: 0x000000eb24a00000,0x000000eb24b00000] [id=5536]
  0x000002025ec17570 WatcherThread [stack: 0x000000eb25500000,0x000000eb25600000] [id=25388]
  0x000002025ebf2320 GCTaskThread "GC Thread#0" [stack: 0x000000eb24500000,0x000000eb24600000] [id=27852]
  0x00000202712422d0 GCTaskThread "GC Thread#1" [stack: 0x000000eb25700000,0x000000eb25800000] [id=16524]
  0x000002026caae8b0 GCTaskThread "GC Thread#2" [stack: 0x000000eb25800000,0x000000eb25900000] [id=7220]
  0x000002026caaeb60 GCTaskThread "GC Thread#3" [stack: 0x000000eb25900000,0x000000eb25a00000] [id=5128]
  0x000002027126b470 GCTaskThread "GC Thread#4" [stack: 0x000000eb25a00000,0x000000eb25b00000] [id=14608]
  0x000002027126bb30 GCTaskThread "GC Thread#5" [stack: 0x000000eb25b00000,0x000000eb25c00000] [id=23456]
  0x000002027126bde0 GCTaskThread "GC Thread#6" [stack: 0x000000eb25c00000,0x000000eb25d00000] [id=6008]
  0x00000202712714e0 GCTaskThread "GC Thread#7" [stack: 0x000000eb25d00000,0x000000eb25e00000] [id=19556]
  0x0000020271271790 GCTaskThread "GC Thread#8" [stack: 0x000000eb25e00000,0x000000eb25f00000] [id=15904]
  0x0000020271275a50 GCTaskThread "GC Thread#9" [stack: 0x000000eb25f00000,0x000000eb26000000] [id=6616]
  0x000002025ebfc270 ConcurrentGCThread "G1 Main Marker" [stack: 0x000000eb24600000,0x000000eb24700000] [id=13712]
  0x000002025ebfcde0 ConcurrentGCThread "G1 Conc#0" [stack: 0x000000eb24700000,0x000000eb24800000] [id=7352]
  0x00000202715fa370 ConcurrentGCThread "G1 Conc#1" [stack: 0x000000eb26300000,0x000000eb26400000] [id=21004]
  0x000002027157e160 ConcurrentGCThread "G1 Conc#2" [stack: 0x000000eb26400000,0x000000eb26500000] [id=24032]
  0x000002025ec5d240 ConcurrentGCThread "G1 Refine#0" [stack: 0x000000eb24800000,0x000000eb24900000] [id=13984]
  0x0000020272297490 ConcurrentGCThread "G1 Refine#1" [stack: 0x000000eb28400000,0x000000eb28500000] [id=9200]
  0x00000202722971b0 ConcurrentGCThread "G1 Refine#2" [stack: 0x000000eb28500000,0x000000eb28600000] [id=20528]
  0x0000020272296ed0 ConcurrentGCThread "G1 Refine#3" [stack: 0x000000eb28600000,0x000000eb28700000] [id=18776]
  0x0000020272297770 ConcurrentGCThread "G1 Refine#4" [stack: 0x000000eb28700000,0x000000eb28800000] [id=7108]
  0x0000020272297d30 ConcurrentGCThread "G1 Refine#5" [stack: 0x000000eb28800000,0x000000eb28900000] [id=23708]
  0x0000020272296910 ConcurrentGCThread "G1 Refine#6" [stack: 0x000000eb28900000,0x000000eb28a00000] [id=16592]
  0x0000020272297a50 ConcurrentGCThread "G1 Refine#7" [stack: 0x000000eb28a00000,0x000000eb28b00000] [id=18328]
  0x0000020272296630 ConcurrentGCThread "G1 Refine#8" [stack: 0x000000eb28b00000,0x000000eb28c00000] [id=21864]
  0x0000020272296070 ConcurrentGCThread "G1 Refine#9" [stack: 0x000000eb28c00000,0x000000eb28d00000] [id=23904]
  0x000002026bd47bc0 ConcurrentGCThread "G1 Service" [stack: 0x000000eb24900000,0x000000eb24a00000] [id=26956]

Threads with active compile tasks:

VM state: at safepoint (normal execution)

VM Mutex/Monitor currently owned by a thread:  ([mutex/lock_event])
[0x000002025ea0ab50] Threads_lock - owner thread: 0x000002026bec7be0
[0x000002025ebb2b40] Heap_lock - owner thread: 0x000002026c13f260

Heap address: 0x00000000c0000000, size: 1024 MB, Compressed Oops mode: 32-bit

CDS archive(s) not mapped
Compressed class space mapped at: 0x0000000100000000-0x0000000140000000, reserved size: 1073741824
Narrow klass base: 0x0000000000000000, Narrow klass shift: 3, Narrow klass range: 0x140000000

GC Precious Log:
 CPUs: 12 total, 12 available
 Memory: 32702M
 Large Page Support: Disabled
 NUMA Support: Disabled
 Compressed Oops: Enabled (32-bit)
 Heap Region Size: 1M
 Heap Min Capacity: 8M
 Heap Initial Capacity: 512M
 Heap Max Capacity: 1G
 Pre-touch: Disabled
 Parallel Workers: 10
 Concurrent Workers: 3
 Concurrent Refinement Workers: 10
 Periodic GC: Disabled

Heap:
 garbage-first heap   total 324608K, used 96712K [0x00000000c0000000, 0x0000000100000000)
  region size 1024K, 1 young (1024K), 0 survivors (0K)
 Metaspace       used 76509K, committed 77184K, reserved 1179648K
  class space    used 10486K, committed 10816K, reserved 1048576K

Heap Regions: E=young(eden), S=young(survivor), O=old, HS=humongous(starts), HC=humongous(continues), CS=collection set, F=free, OA=open archive, CA=closed archive, TAMS=top-at-mark-start (previous, next)
|   0|0x00000000c0000000, 0x00000000c0100000, 0x00000000c0100000|100%|HS|  |TAMS 0x00000000c0100000, 0x00000000c0000000| Untracked 
|   1|0x00000000c0100000, 0x00000000c0200000, 0x00000000c0200000|100%| O|  |TAMS 0x00000000c0200000, 0x00000000c0100000| Untracked 
|   2|0x00000000c0200000, 0x00000000c02fffd0, 0x00000000c0300000| 99%| O|  |TAMS 0x00000000c02fffd0, 0x00000000c0200000| Untracked 
|   3|0x00000000c0300000, 0x00000000c0400000, 0x00000000c0400000|100%| O|  |TAMS 0x00000000c0400000, 0x00000000c0300000| Untracked 
|   4|0x00000000c0400000, 0x00000000c0500000, 0x00000000c0500000|100%| O|  |TAMS 0x00000000c0500000, 0x00000000c0400000| Untracked 
|   5|0x00000000c0500000, 0x00000000c05fffe0, 0x00000000c0600000| 99%| O|  |TAMS 0x00000000c05fffe0, 0x00000000c0500000| Untracked 
|   6|0x00000000c0600000, 0x00000000c0700000, 0x00000000c0700000|100%| O|  |TAMS 0x00000000c0700000, 0x00000000c0600000| Untracked 
|   7|0x00000000c0700000, 0x00000000c0800000, 0x00000000c0800000|100%| O|  |TAMS 0x00000000c0800000, 0x00000000c0700000| Untracked 
|   8|0x00000000c0800000, 0x00000000c0900000, 0x00000000c0900000|100%| O|  |TAMS 0x00000000c0900000, 0x00000000c0800000| Untracked 
|   9|0x00000000c0900000, 0x00000000c0a00000, 0x00000000c0a00000|100%| O|  |TAMS 0x00000000c0a00000, 0x00000000c0900000| Untracked 
|  10|0x00000000c0a00000, 0x00000000c0affff0, 0x00000000c0b00000| 99%| O|  |TAMS 0x00000000c0affff0, 0x00000000c0a00000| Untracked 
|  11|0x00000000c0b00000, 0x00000000c0c00000, 0x00000000c0c00000|100%| O|  |TAMS 0x00000000c0c00000, 0x00000000c0b00000| Untracked 
|  12|0x00000000c0c00000, 0x00000000c0cfffe8, 0x00000000c0d00000| 99%| O|  |TAMS 0x00000000c0cfffe8, 0x00000000c0c00000| Untracked 
|  13|0x00000000c0d00000, 0x00000000c0e00000, 0x00000000c0e00000|100%| O|  |TAMS 0x00000000c0e00000, 0x00000000c0d00000| Untracked 
|  14|0x00000000c0e00000, 0x00000000c0efffc8, 0x00000000c0f00000| 99%| O|  |TAMS 0x00000000c0efffc8, 0x00000000c0e00000| Untracked 
|  15|0x00000000c0f00000, 0x00000000c0fffff0, 0x00000000c1000000| 99%| O|  |TAMS 0x00000000c0fffff0, 0x00000000c0f00000| Untracked 
|  16|0x00000000c1000000, 0x00000000c1100000, 0x00000000c1100000|100%| O|  |TAMS 0x00000000c1100000, 0x00000000c1000000| Untracked 
|  17|0x00000000c1100000, 0x00000000c11fffe8, 0x00000000c1200000| 99%| O|  |TAMS 0x00000000c11fffe8, 0x00000000c1100000| Untracked 
|  18|0x00000000c1200000, 0x00000000c1300000, 0x00000000c1300000|100%| O|  |TAMS 0x00000000c1300000, 0x00000000c1200000| Untracked 
|  19|0x00000000c1300000, 0x00000000c13feb18, 0x00000000c1400000| 99%| O|  |TAMS 0x00000000c13feb18, 0x00000000c1300000| Untracked 
|  20|0x00000000c1400000, 0x00000000c14fffd8, 0x00000000c1500000| 99%| O|  |TAMS 0x00000000c14fffd8, 0x00000000c1400000| Untracked 
|  21|0x00000000c1500000, 0x00000000c15fffe8, 0x00000000c1600000| 99%| O|  |TAMS 0x00000000c15fffe8, 0x00000000c1500000| Untracked 
|  22|0x00000000c1600000, 0x00000000c16ffff0, 0x00000000c1700000| 99%| O|  |TAMS 0x00000000c16ffff0, 0x00000000c1600000| Untracked 
|  23|0x00000000c1700000, 0x00000000c1800000, 0x00000000c1800000|100%| O|  |TAMS 0x00000000c1800000, 0x00000000c1700000| Untracked 
|  24|0x00000000c1800000, 0x00000000c18fffe0, 0x00000000c1900000| 99%| O|  |TAMS 0x00000000c18fffe0, 0x00000000c1800000| Untracked 
|  25|0x00000000c1900000, 0x00000000c19ffff8, 0x00000000c1a00000| 99%| O|  |TAMS 0x00000000c19ffff8, 0x00000000c1900000| Untracked 
|  26|0x00000000c1a00000, 0x00000000c1afffd8, 0x00000000c1b00000| 99%| O|  |TAMS 0x00000000c1afffd8, 0x00000000c1a00000| Untracked 
|  27|0x00000000c1b00000, 0x00000000c1c00000, 0x00000000c1c00000|100%| O|  |TAMS 0x00000000c1c00000, 0x00000000c1b00000| Untracked 
|  28|0x00000000c1c00000, 0x00000000c1cffff8, 0x00000000c1d00000| 99%| O|  |TAMS 0x00000000c1cffff8, 0x00000000c1c00000| Untracked 
|  29|0x00000000c1d00000, 0x00000000c1dffff0, 0x00000000c1e00000| 99%| O|  |TAMS 0x00000000c1dffff0, 0x00000000c1d00000| Untracked 
|  30|0x00000000c1e00000, 0x00000000c1efffd0, 0x00000000c1f00000| 99%| O|  |TAMS 0x00000000c1efffd0, 0x00000000c1e00000| Untracked 
|  31|0x00000000c1f00000, 0x00000000c1ffffc0, 0x00000000c2000000| 99%| O|  |TAMS 0x00000000c1ffffc0, 0x00000000c1f00000| Untracked 
|  32|0x00000000c2000000, 0x00000000c20fffc8, 0x00000000c2100000| 99%| O|  |TAMS 0x00000000c20fffc8, 0x00000000c2000000| Untracked 
|  33|0x00000000c2100000, 0x00000000c21fffe0, 0x00000000c2200000| 99%| O|  |TAMS 0x00000000c21fffe0, 0x00000000c2100000| Untracked 
|  34|0x00000000c2200000, 0x00000000c2300000, 0x00000000c2300000|100%| O|  |TAMS 0x00000000c2300000, 0x00000000c2200000| Untracked 
|  35|0x00000000c2300000, 0x00000000c23ffff0, 0x00000000c2400000| 99%| O|  |TAMS 0x00000000c23ffff0, 0x00000000c2300000| Untracked 
|  36|0x00000000c2400000, 0x00000000c24fffe8, 0x00000000c2500000| 99%| O|  |TAMS 0x00000000c24fffe8, 0x00000000c2400000| Untracked 
|  37|0x00000000c2500000, 0x00000000c25ffff0, 0x00000000c2600000| 99%| O|  |TAMS 0x00000000c25ffff0, 0x00000000c2500000| Untracked 
|  38|0x00000000c2600000, 0x00000000c26fffe0, 0x00000000c2700000| 99%| O|  |TAMS 0x00000000c26fffe0, 0x00000000c2600000| Untracked 
|  39|0x00000000c2700000, 0x00000000c27fd8e8, 0x00000000c2800000| 99%| O|  |TAMS 0x00000000c27fd8e8, 0x00000000c2700000| Untracked 
|  40|0x00000000c2800000, 0x00000000c28fffb8, 0x00000000c2900000| 99%| O|  |TAMS 0x00000000c28fffb8, 0x00000000c2800000| Untracked 
|  41|0x00000000c2900000, 0x00000000c29fffd8, 0x00000000c2a00000| 99%| O|  |TAMS 0x00000000c29fffd8, 0x00000000c2900000| Untracked 
|  42|0x00000000c2a00000, 0x00000000c2b00000, 0x00000000c2b00000|100%|HS|  |TAMS 0x00000000c2b00000, 0x00000000c2a00000| Untracked 
|  43|0x00000000c2b00000, 0x00000000c2bffff8, 0x00000000c2c00000| 99%| O|  |TAMS 0x00000000c2bffff8, 0x00000000c2b00000| Untracked 
|  44|0x00000000c2c00000, 0x00000000c2cfffe0, 0x00000000c2d00000| 99%| O|  |TAMS 0x00000000c2cfffe0, 0x00000000c2c00000| Untracked 
|  45|0x00000000c2d00000, 0x00000000c2dfffe8, 0x00000000c2e00000| 99%| O|  |TAMS 0x00000000c2dfffe8, 0x00000000c2d00000| Untracked 
|  46|0x00000000c2e00000, 0x00000000c2effff8, 0x00000000c2f00000| 99%| O|  |TAMS 0x00000000c2effff8, 0x00000000c2e00000| Untracked 
|  47|0x00000000c2f00000, 0x00000000c2ffffb0, 0x00000000c3000000| 99%| O|  |TAMS 0x00000000c2ffffb0, 0x00000000c2f00000| Untracked 
|  48|0x00000000c3000000, 0x00000000c30fffe8, 0x00000000c3100000| 99%| O|  |TAMS 0x00000000c30fffe8, 0x00000000c3000000| Untracked 
|  49|0x00000000c3100000, 0x00000000c3200000, 0x00000000c3200000|100%| O|  |TAMS 0x00000000c3200000, 0x00000000c3100000| Untracked 
|  50|0x00000000c3200000, 0x00000000c3300000, 0x00000000c3300000|100%| O|  |TAMS 0x00000000c3300000, 0x00000000c3200000| Untracked 
|  51|0x00000000c3300000, 0x00000000c33fffe8, 0x00000000c3400000| 99%| O|  |TAMS 0x00000000c33fffe8, 0x00000000c3300000| Untracked 
|  52|0x00000000c3400000, 0x00000000c34f3c08, 0x00000000c3500000| 95%| O|  |TAMS 0x00000000c34f3c08, 0x00000000c3400000| Untracked 
|  53|0x00000000c3500000, 0x00000000c35ff9c0, 0x00000000c3600000| 99%| O|  |TAMS 0x00000000c35ff9c0, 0x00000000c3500000| Untracked 
|  54|0x00000000c3600000, 0x00000000c36fffd0, 0x00000000c3700000| 99%| O|  |TAMS 0x00000000c36fffd0, 0x00000000c3600000| Untracked 
|  55|0x00000000c3700000, 0x00000000c37fffe0, 0x00000000c3800000| 99%| O|  |TAMS 0x00000000c37fffe0, 0x00000000c3700000| Untracked 
|  56|0x00000000c3800000, 0x00000000c38fffd8, 0x00000000c3900000| 99%| O|  |TAMS 0x00000000c38fffd8, 0x00000000c3800000| Untracked 
|  57|0x00000000c3900000, 0x00000000c39ffff8, 0x00000000c3a00000| 99%| O|  |TAMS 0x00000000c39ffff8, 0x00000000c3900000| Untracked 
|  58|0x00000000c3a00000, 0x00000000c3afffa0, 0x00000000c3b00000| 99%| O|  |TAMS 0x00000000c3afffa0, 0x00000000c3a00000| Untracked 
|  59|0x00000000c3b00000, 0x00000000c3bfffc8, 0x00000000c3c00000| 99%| O|  |TAMS 0x00000000c3bfffc8, 0x00000000c3b00000| Untracked 
|  60|0x00000000c3c00000, 0x00000000c3d00000, 0x00000000c3d00000|100%| O|  |TAMS 0x00000000c3d00000, 0x00000000c3c00000| Untracked 
|  61|0x00000000c3d00000, 0x00000000c3e00000, 0x00000000c3e00000|100%|HS|  |TAMS 0x00000000c3e00000, 0x00000000c3d00000| Untracked 
|  62|0x00000000c3e00000, 0x00000000c3efffd0, 0x00000000c3f00000| 99%| O|  |TAMS 0x00000000c3efffd0, 0x00000000c3e00000| Untracked 
|  63|0x00000000c3f00000, 0x00000000c3fffff8, 0x00000000c4000000| 99%| O|  |TAMS 0x00000000c3fffff8, 0x00000000c3f00000| Untracked 
|  64|0x00000000c4000000, 0x00000000c40ffd58, 0x00000000c4100000| 99%| O|  |TAMS 0x00000000c40ffd58, 0x00000000c4000000| Untracked 
|  65|0x00000000c4100000, 0x00000000c41f7998, 0x00000000c4200000| 96%| O|  |TAMS 0x00000000c41f7998, 0x00000000c4100000| Untracked 
|  66|0x00000000c4200000, 0x00000000c42edbf8, 0x00000000c4300000| 92%| O|  |TAMS 0x00000000c4200000, 0x00000000c4200000| Untracked 
|  67|0x00000000c4300000, 0x00000000c43e3d48, 0x00000000c4400000| 88%| O|  |TAMS 0x00000000c4300000, 0x00000000c4300000| Untracked 
|  68|0x00000000c4400000, 0x00000000c44fffe8, 0x00000000c4500000| 99%| O|  |TAMS 0x00000000c44fffe8, 0x00000000c4400000| Untracked 
|  69|0x00000000c4500000, 0x00000000c45fffc0, 0x00000000c4600000| 99%| O|  |TAMS 0x00000000c45fffc0, 0x00000000c4500000| Untracked 
|  70|0x00000000c4600000, 0x00000000c46fffc8, 0x00000000c4700000| 99%| O|  |TAMS 0x00000000c46fffc8, 0x00000000c4600000| Untracked 
|  71|0x00000000c4700000, 0x00000000c4800000, 0x00000000c4800000|100%| O|  |TAMS 0x00000000c4800000, 0x00000000c4700000| Untracked 
|  72|0x00000000c4800000, 0x00000000c48b9f20, 0x00000000c4900000| 72%| O|  |TAMS 0x00000000c4800000, 0x00000000c4800000| Untracked 
|  73|0x00000000c4900000, 0x00000000c4900000, 0x00000000c4a00000|  0%| F|  |TAMS 0x00000000c4900000, 0x00000000c4900000| Untracked 
|  74|0x00000000c4a00000, 0x00000000c4a00000, 0x00000000c4b00000|  0%| F|  |TAMS 0x00000000c4a00000, 0x00000000c4a00000| Untracked 
|  75|0x00000000c4b00000, 0x00000000c4bffff8, 0x00000000c4c00000| 99%| O|  |TAMS 0x00000000c4bffff8, 0x00000000c4b00000| Untracked 
|  76|0x00000000c4c00000, 0x00000000c4c00000, 0x00000000c4d00000|  0%| F|  |TAMS 0x00000000c4c00000, 0x00000000c4c00000| Untracked 
|  77|0x00000000c4d00000, 0x00000000c4dfffd0, 0x00000000c4e00000| 99%| O|  |TAMS 0x00000000c4dfffd0, 0x00000000c4d00000| Untracked 
|  78|0x00000000c4e00000, 0x00000000c4e00000, 0x00000000c4f00000|  0%| F|  |TAMS 0x00000000c4e00000, 0x00000000c4e00000| Untracked 
|  79|0x00000000c4f00000, 0x00000000c4f00000, 0x00000000c5000000|  0%| F|  |TAMS 0x00000000c4f00000, 0x00000000c4f00000| Untracked 
|  80|0x00000000c5000000, 0x00000000c50fffe0, 0x00000000c5100000| 99%| O|  |TAMS 0x00000000c50fffe0, 0x00000000c5000000| Untracked 
|  81|0x00000000c5100000, 0x00000000c5100000, 0x00000000c5200000|  0%| F|  |TAMS 0x00000000c5100000, 0x00000000c5100000| Untracked 
|  82|0x00000000c5200000, 0x00000000c5200000, 0x00000000c5300000|  0%| F|  |TAMS 0x00000000c5200000, 0x00000000c5200000| Untracked 
|  83|0x00000000c5300000, 0x00000000c5300000, 0x00000000c5400000|  0%| F|  |TAMS 0x00000000c5300000, 0x00000000c5300000| Untracked 
|  84|0x00000000c5400000, 0x00000000c5400000, 0x00000000c5500000|  0%| F|  |TAMS 0x00000000c5400000, 0x00000000c5400000| Untracked 
|  85|0x00000000c5500000, 0x00000000c5500000, 0x00000000c5600000|  0%| F|  |TAMS 0x00000000c5500000, 0x00000000c5500000| Untracked 
|  86|0x00000000c5600000, 0x00000000c5600000, 0x00000000c5700000|  0%| F|  |TAMS 0x00000000c5600000, 0x00000000c5600000| Untracked 
|  87|0x00000000c5700000, 0x00000000c57fffe0, 0x00000000c5800000| 99%| O|  |TAMS 0x00000000c57fffe0, 0x00000000c5700000| Untracked 
|  88|0x00000000c5800000, 0x00000000c5800000, 0x00000000c5900000|  0%| F|  |TAMS 0x00000000c5800000, 0x00000000c5800000| Untracked 
|  89|0x00000000c5900000, 0x00000000c5900000, 0x00000000c5a00000|  0%| F|  |TAMS 0x00000000c5900000, 0x00000000c5900000| Untracked 
|  90|0x00000000c5a00000, 0x00000000c5affff0, 0x00000000c5b00000| 99%| O|  |TAMS 0x00000000c5affff0, 0x00000000c5a00000| Untracked 
|  91|0x00000000c5b00000, 0x00000000c5b00000, 0x00000000c5c00000|  0%| F|  |TAMS 0x00000000c5b00000, 0x00000000c5b00000| Untracked 
|  92|0x00000000c5c00000, 0x00000000c5d00000, 0x00000000c5d00000|100%|HS|  |TAMS 0x00000000c5d00000, 0x00000000c5c00000| Untracked 
|  93|0x00000000c5d00000, 0x00000000c5e00000, 0x00000000c5e00000|100%|HC|  |TAMS 0x00000000c5e00000, 0x00000000c5d00000| Untracked 
|  94|0x00000000c5e00000, 0x00000000c5f00000, 0x00000000c5f00000|100%|HC|  |TAMS 0x00000000c5f00000, 0x00000000c5e00000| Untracked 
|  95|0x00000000c5f00000, 0x00000000c5f00000, 0x00000000c6000000|  0%| F|  |TAMS 0x00000000c5f00000, 0x00000000c5f00000| Untracked 
|  96|0x00000000c6000000, 0x00000000c6000000, 0x00000000c6100000|  0%| F|  |TAMS 0x00000000c6000000, 0x00000000c6000000| Untracked 
|  97|0x00000000c6100000, 0x00000000c61fffc8, 0x00000000c6200000| 99%| O|  |TAMS 0x00000000c61fffc8, 0x00000000c6100000| Untracked 
|  98|0x00000000c6200000, 0x00000000c6200000, 0x00000000c6300000|  0%| F|  |TAMS 0x00000000c6200000, 0x00000000c6200000| Untracked 
|  99|0x00000000c6300000, 0x00000000c6300000, 0x00000000c6400000|  0%| F|  |TAMS 0x00000000c6300000, 0x00000000c6300000| Untracked 
| 100|0x00000000c6400000, 0x00000000c6400000, 0x00000000c6500000|  0%| F|  |TAMS 0x00000000c6400000, 0x00000000c6400000| Untracked 
| 101|0x00000000c6500000, 0x00000000c6500000, 0x00000000c6600000|  0%| F|  |TAMS 0x00000000c6500000, 0x00000000c6500000| Untracked 
| 102|0x00000000c6600000, 0x00000000c6600000, 0x00000000c6700000|  0%| F|  |TAMS 0x00000000c6600000, 0x00000000c6600000| Untracked 
| 103|0x00000000c6700000, 0x00000000c6700000, 0x00000000c6800000|  0%| F|  |TAMS 0x00000000c6700000, 0x00000000c6700000| Untracked 
| 104|0x00000000c6800000, 0x00000000c68fffd8, 0x00000000c6900000| 99%| O|  |TAMS 0x00000000c68fffd8, 0x00000000c6800000| Untracked 
| 105|0x00000000c6900000, 0x00000000c6900000, 0x00000000c6a00000|  0%| F|  |TAMS 0x00000000c6900000, 0x00000000c6900000| Untracked 
| 106|0x00000000c6a00000, 0x00000000c6a00000, 0x00000000c6b00000|  0%| F|  |TAMS 0x00000000c6a00000, 0x00000000c6a00000| Untracked 
| 107|0x00000000c6b00000, 0x00000000c6b00000, 0x00000000c6c00000|  0%| F|  |TAMS 0x00000000c6b00000, 0x00000000c6b00000| Untracked 
| 108|0x00000000c6c00000, 0x00000000c6c00000, 0x00000000c6d00000|  0%| F|  |TAMS 0x00000000c6c00000, 0x00000000c6c00000| Untracked 
| 109|0x00000000c6d00000, 0x00000000c6d00000, 0x00000000c6e00000|  0%| F|  |TAMS 0x00000000c6d00000, 0x00000000c6d00000| Untracked 
| 110|0x00000000c6e00000, 0x00000000c6e00000, 0x00000000c6f00000|  0%| F|  |TAMS 0x00000000c6e00000, 0x00000000c6e00000| Untracked 
| 111|0x00000000c6f00000, 0x00000000c6f00000, 0x00000000c7000000|  0%| F|  |TAMS 0x00000000c6f00000, 0x00000000c6f00000| Untracked 
| 112|0x00000000c7000000, 0x00000000c7000000, 0x00000000c7100000|  0%| F|  |TAMS 0x00000000c7000000, 0x00000000c7000000| Untracked 
| 113|0x00000000c7100000, 0x00000000c7100000, 0x00000000c7200000|  0%| F|  |TAMS 0x00000000c7100000, 0x00000000c7100000| Untracked 
| 114|0x00000000c7200000, 0x00000000c72ffdb8, 0x00000000c7300000| 99%| O|  |TAMS 0x00000000c72ffdb8, 0x00000000c7200000| Untracked 
| 115|0x00000000c7300000, 0x00000000c7300000, 0x00000000c7400000|  0%| F|  |TAMS 0x00000000c7300000, 0x00000000c7300000| Untracked 
| 116|0x00000000c7400000, 0x00000000c7400000, 0x00000000c7500000|  0%| F|  |TAMS 0x00000000c7400000, 0x00000000c7400000| Untracked 
| 117|0x00000000c7500000, 0x00000000c7500000, 0x00000000c7600000|  0%| F|  |TAMS 0x00000000c7500000, 0x00000000c7500000| Untracked 
| 118|0x00000000c7600000, 0x00000000c76fffe8, 0x00000000c7700000| 99%| O|  |TAMS 0x00000000c76fffe8, 0x00000000c7600000| Untracked 
| 119|0x00000000c7700000, 0x00000000c7700000, 0x00000000c7800000|  0%| F|  |TAMS 0x00000000c7700000, 0x00000000c7700000| Untracked 
| 120|0x00000000c7800000, 0x00000000c7800000, 0x00000000c7900000|  0%| F|  |TAMS 0x00000000c7800000, 0x00000000c7800000| Untracked 
| 121|0x00000000c7900000, 0x00000000c7900000, 0x00000000c7a00000|  0%| F|  |TAMS 0x00000000c7900000, 0x00000000c7900000| Untracked 
| 122|0x00000000c7a00000, 0x00000000c7a00000, 0x00000000c7b00000|  0%| F|  |TAMS 0x00000000c7a00000, 0x00000000c7a00000| Untracked 
| 123|0x00000000c7b00000, 0x00000000c7b00000, 0x00000000c7c00000|  0%| F|  |TAMS 0x00000000c7b00000, 0x00000000c7b00000| Untracked 
| 124|0x00000000c7c00000, 0x00000000c7c00000, 0x00000000c7d00000|  0%| F|  |TAMS 0x00000000c7c00000, 0x00000000c7c00000| Untracked 
| 125|0x00000000c7d00000, 0x00000000c7d00000, 0x00000000c7e00000|  0%| F|  |TAMS 0x00000000c7d00000, 0x00000000c7d00000| Untracked 
| 126|0x00000000c7e00000, 0x00000000c7e00088, 0x00000000c7f00000|  0%| O|  |TAMS 0x00000000c7e00000, 0x00000000c7e00000| Untracked 
| 127|0x00000000c7f00000, 0x00000000c7f00000, 0x00000000c8000000|  0%| F|  |TAMS 0x00000000c7f00000, 0x00000000c7f00000| Untracked 
| 128|0x00000000c8000000, 0x00000000c8000000, 0x00000000c8100000|  0%| F|  |TAMS 0x00000000c8000000, 0x00000000c8000000| Untracked 
| 129|0x00000000c8100000, 0x00000000c8100000, 0x00000000c8200000|  0%| F|  |TAMS 0x00000000c8100000, 0x00000000c8100000| Untracked 
| 130|0x00000000c8200000, 0x00000000c8200000, 0x00000000c8300000|  0%| F|  |TAMS 0x00000000c8200000, 0x00000000c8200000| Untracked 
| 131|0x00000000c8300000, 0x00000000c8300000, 0x00000000c8400000|  0%| F|  |TAMS 0x00000000c8300000, 0x00000000c8300000| Untracked 
| 132|0x00000000c8400000, 0x00000000c8400000, 0x00000000c8500000|  0%| F|  |TAMS 0x00000000c8400000, 0x00000000c8400000| Untracked 
| 133|0x00000000c8500000, 0x00000000c8500000, 0x00000000c8600000|  0%| F|  |TAMS 0x00000000c8500000, 0x00000000c8500000| Untracked 
| 134|0x00000000c8600000, 0x00000000c8600000, 0x00000000c8700000|  0%| F|  |TAMS 0x00000000c8600000, 0x00000000c8600000| Untracked 
| 135|0x00000000c8700000, 0x00000000c8700000, 0x00000000c8800000|  0%| F|  |TAMS 0x00000000c8700000, 0x00000000c8700000| Untracked 
| 136|0x00000000c8800000, 0x00000000c8800000, 0x00000000c8900000|  0%| F|  |TAMS 0x00000000c8800000, 0x00000000c8800000| Untracked 
| 137|0x00000000c8900000, 0x00000000c8900000, 0x00000000c8a00000|  0%| F|  |TAMS 0x00000000c8900000, 0x00000000c8900000| Untracked 
| 138|0x00000000c8a00000, 0x00000000c8a00000, 0x00000000c8b00000|  0%| F|  |TAMS 0x00000000c8a00000, 0x00000000c8a00000| Untracked 
| 139|0x00000000c8b00000, 0x00000000c8b00000, 0x00000000c8c00000|  0%| F|  |TAMS 0x00000000c8b00000, 0x00000000c8b00000| Untracked 
| 140|0x00000000c8c00000, 0x00000000c8c00000, 0x00000000c8d00000|  0%| F|  |TAMS 0x00000000c8c00000, 0x00000000c8c00000| Untracked 
| 141|0x00000000c8d00000, 0x00000000c8d00000, 0x00000000c8e00000|  0%| F|  |TAMS 0x00000000c8d00000, 0x00000000c8d00000| Untracked 
| 142|0x00000000c8e00000, 0x00000000c8e00000, 0x00000000c8f00000|  0%| F|  |TAMS 0x00000000c8e00000, 0x00000000c8e00000| Untracked 
| 143|0x00000000c8f00000, 0x00000000c8f00000, 0x00000000c9000000|  0%| F|  |TAMS 0x00000000c8f00000, 0x00000000c8f00000| Untracked 
| 144|0x00000000c9000000, 0x00000000c9000000, 0x00000000c9100000|  0%| F|  |TAMS 0x00000000c9000000, 0x00000000c9000000| Untracked 
| 145|0x00000000c9100000, 0x00000000c9100000, 0x00000000c9200000|  0%| F|  |TAMS 0x00000000c9100000, 0x00000000c9100000| Untracked 
| 146|0x00000000c9200000, 0x00000000c9200000, 0x00000000c9300000|  0%| F|  |TAMS 0x00000000c9200000, 0x00000000c9200000| Untracked 
| 147|0x00000000c9300000, 0x00000000c9300000, 0x00000000c9400000|  0%| F|  |TAMS 0x00000000c9300000, 0x00000000c9300000| Untracked 
| 148|0x00000000c9400000, 0x00000000c9400000, 0x00000000c9500000|  0%| F|  |TAMS 0x00000000c9400000, 0x00000000c9400000| Untracked 
| 149|0x00000000c9500000, 0x00000000c9500000, 0x00000000c9600000|  0%| F|  |TAMS 0x00000000c9500000, 0x00000000c9500000| Untracked 
| 150|0x00000000c9600000, 0x00000000c9600000, 0x00000000c9700000|  0%| F|  |TAMS 0x00000000c9600000, 0x00000000c9600000| Untracked 
| 151|0x00000000c9700000, 0x00000000c9700000, 0x00000000c9800000|  0%| F|  |TAMS 0x00000000c9700000, 0x00000000c9700000| Untracked 
| 152|0x00000000c9800000, 0x00000000c9800000, 0x00000000c9900000|  0%| F|  |TAMS 0x00000000c9800000, 0x00000000c9800000| Untracked 
| 153|0x00000000c9900000, 0x00000000c9900000, 0x00000000c9a00000|  0%| F|  |TAMS 0x00000000c9900000, 0x00000000c9900000| Untracked 
| 154|0x00000000c9a00000, 0x00000000c9a00000, 0x00000000c9b00000|  0%| F|  |TAMS 0x00000000c9a00000, 0x00000000c9a00000| Untracked 
| 155|0x00000000c9b00000, 0x00000000c9b00000, 0x00000000c9c00000|  0%| F|  |TAMS 0x00000000c9b00000, 0x00000000c9b00000| Untracked 
| 156|0x00000000c9c00000, 0x00000000c9c00000, 0x00000000c9d00000|  0%| F|  |TAMS 0x00000000c9c00000, 0x00000000c9c00000| Untracked 
| 157|0x00000000c9d00000, 0x00000000c9d00000, 0x00000000c9e00000|  0%| F|  |TAMS 0x00000000c9d00000, 0x00000000c9d00000| Untracked 
| 158|0x00000000c9e00000, 0x00000000c9e00000, 0x00000000c9f00000|  0%| F|  |TAMS 0x00000000c9e00000, 0x00000000c9e00000| Untracked 
| 159|0x00000000c9f00000, 0x00000000c9f00000, 0x00000000ca000000|  0%| F|  |TAMS 0x00000000c9f00000, 0x00000000c9f00000| Untracked 
| 160|0x00000000ca000000, 0x00000000ca000000, 0x00000000ca100000|  0%| F|  |TAMS 0x00000000ca000000, 0x00000000ca000000| Untracked 
| 161|0x00000000ca100000, 0x00000000ca100000, 0x00000000ca200000|  0%| F|  |TAMS 0x00000000ca100000, 0x00000000ca100000| Untracked 
| 162|0x00000000ca200000, 0x00000000ca200000, 0x00000000ca300000|  0%| F|  |TAMS 0x00000000ca200000, 0x00000000ca200000| Untracked 
| 163|0x00000000ca300000, 0x00000000ca300000, 0x00000000ca400000|  0%| F|  |TAMS 0x00000000ca300000, 0x00000000ca300000| Untracked 
| 164|0x00000000ca400000, 0x00000000ca400000, 0x00000000ca500000|  0%| F|  |TAMS 0x00000000ca400000, 0x00000000ca400000| Untracked 
| 165|0x00000000ca500000, 0x00000000ca500000, 0x00000000ca600000|  0%| F|  |TAMS 0x00000000ca500000, 0x00000000ca500000| Untracked 
| 166|0x00000000ca600000, 0x00000000ca600000, 0x00000000ca700000|  0%| F|  |TAMS 0x00000000ca600000, 0x00000000ca600000| Untracked 
| 167|0x00000000ca700000, 0x00000000ca700000, 0x00000000ca800000|  0%| F|  |TAMS 0x00000000ca700000, 0x00000000ca700000| Untracked 
| 168|0x00000000ca800000, 0x00000000ca800000, 0x00000000ca900000|  0%| F|  |TAMS 0x00000000ca800000, 0x00000000ca800000| Untracked 
| 169|0x00000000ca900000, 0x00000000ca900000, 0x00000000caa00000|  0%| F|  |TAMS 0x00000000ca900000, 0x00000000ca900000| Untracked 
| 170|0x00000000caa00000, 0x00000000caa00000, 0x00000000cab00000|  0%| F|  |TAMS 0x00000000caa00000, 0x00000000caa00000| Untracked 
| 171|0x00000000cab00000, 0x00000000cab00000, 0x00000000cac00000|  0%| F|  |TAMS 0x00000000cab00000, 0x00000000cab00000| Untracked 
| 172|0x00000000cac00000, 0x00000000cac00000, 0x00000000cad00000|  0%| F|  |TAMS 0x00000000cac00000, 0x00000000cac00000| Untracked 
| 173|0x00000000cad00000, 0x00000000cad00000, 0x00000000cae00000|  0%| F|  |TAMS 0x00000000cad00000, 0x00000000cad00000| Untracked 
| 174|0x00000000cae00000, 0x00000000cae00000, 0x00000000caf00000|  0%| F|  |TAMS 0x00000000cae00000, 0x00000000cae00000| Untracked 
| 175|0x00000000caf00000, 0x00000000caf00000, 0x00000000cb000000|  0%| F|  |TAMS 0x00000000caf00000, 0x00000000caf00000| Untracked 
| 176|0x00000000cb000000, 0x00000000cb000000, 0x00000000cb100000|  0%| F|  |TAMS 0x00000000cb000000, 0x00000000cb000000| Untracked 
| 177|0x00000000cb100000, 0x00000000cb100000, 0x00000000cb200000|  0%| F|  |TAMS 0x00000000cb100000, 0x00000000cb100000| Untracked 
| 178|0x00000000cb200000, 0x00000000cb200000, 0x00000000cb300000|  0%| F|  |TAMS 0x00000000cb200000, 0x00000000cb200000| Untracked 
| 179|0x00000000cb300000, 0x00000000cb300000, 0x00000000cb400000|  0%| F|  |TAMS 0x00000000cb300000, 0x00000000cb300000| Untracked 
| 180|0x00000000cb400000, 0x00000000cb400000, 0x00000000cb500000|  0%| F|  |TAMS 0x00000000cb400000, 0x00000000cb400000| Untracked 
| 181|0x00000000cb500000, 0x00000000cb500000, 0x00000000cb600000|  0%| F|  |TAMS 0x00000000cb500000, 0x00000000cb500000| Untracked 
| 182|0x00000000cb600000, 0x00000000cb600000, 0x00000000cb700000|  0%| F|  |TAMS 0x00000000cb600000, 0x00000000cb600000| Untracked 
| 183|0x00000000cb700000, 0x00000000cb700000, 0x00000000cb800000|  0%| F|  |TAMS 0x00000000cb700000, 0x00000000cb700000| Untracked 
| 184|0x00000000cb800000, 0x00000000cb800000, 0x00000000cb900000|  0%| F|  |TAMS 0x00000000cb800000, 0x00000000cb800000| Untracked 
| 185|0x00000000cb900000, 0x00000000cb900000, 0x00000000cba00000|  0%| F|  |TAMS 0x00000000cb900000, 0x00000000cb900000| Untracked 
| 186|0x00000000cba00000, 0x00000000cba00000, 0x00000000cbb00000|  0%| F|  |TAMS 0x00000000cba00000, 0x00000000cba00000| Untracked 
| 187|0x00000000cbb00000, 0x00000000cbb00000, 0x00000000cbc00000|  0%| F|  |TAMS 0x00000000cbb00000, 0x00000000cbb00000| Untracked 
| 188|0x00000000cbc00000, 0x00000000cbc00000, 0x00000000cbd00000|  0%| F|  |TAMS 0x00000000cbc00000, 0x00000000cbc00000| Untracked 
| 189|0x00000000cbd00000, 0x00000000cbd00000, 0x00000000cbe00000|  0%| F|  |TAMS 0x00000000cbd00000, 0x00000000cbd00000| Untracked 
| 190|0x00000000cbe00000, 0x00000000cbe00000, 0x00000000cbf00000|  0%| F|  |TAMS 0x00000000cbe00000, 0x00000000cbe00000| Untracked 
| 191|0x00000000cbf00000, 0x00000000cbf00000, 0x00000000cc000000|  0%| F|  |TAMS 0x00000000cbf00000, 0x00000000cbf00000| Untracked 
| 192|0x00000000cc000000, 0x00000000cc000000, 0x00000000cc100000|  0%| F|  |TAMS 0x00000000cc000000, 0x00000000cc000000| Untracked 
| 193|0x00000000cc100000, 0x00000000cc100000, 0x00000000cc200000|  0%| F|  |TAMS 0x00000000cc100000, 0x00000000cc100000| Untracked 
| 194|0x00000000cc200000, 0x00000000cc200000, 0x00000000cc300000|  0%| F|  |TAMS 0x00000000cc200000, 0x00000000cc200000| Untracked 
| 195|0x00000000cc300000, 0x00000000cc300000, 0x00000000cc400000|  0%| F|  |TAMS 0x00000000cc300000, 0x00000000cc300000| Untracked 
| 196|0x00000000cc400000, 0x00000000cc400000, 0x00000000cc500000|  0%| F|  |TAMS 0x00000000cc400000, 0x00000000cc400000| Untracked 
| 197|0x00000000cc500000, 0x00000000cc500000, 0x00000000cc600000|  0%| F|  |TAMS 0x00000000cc500000, 0x00000000cc500000| Untracked 
| 198|0x00000000cc600000, 0x00000000cc600000, 0x00000000cc700000|  0%| F|  |TAMS 0x00000000cc600000, 0x00000000cc600000| Untracked 
| 199|0x00000000cc700000, 0x00000000cc700000, 0x00000000cc800000|  0%| F|  |TAMS 0x00000000cc700000, 0x00000000cc700000| Untracked 
| 200|0x00000000cc800000, 0x00000000cc800000, 0x00000000cc900000|  0%| F|  |TAMS 0x00000000cc800000, 0x00000000cc800000| Untracked 
| 201|0x00000000cc900000, 0x00000000cc900000, 0x00000000cca00000|  0%| F|  |TAMS 0x00000000cc900000, 0x00000000cc900000| Untracked 
| 202|0x00000000cca00000, 0x00000000cca00000, 0x00000000ccb00000|  0%| F|  |TAMS 0x00000000cca00000, 0x00000000cca00000| Untracked 
| 203|0x00000000ccb00000, 0x00000000ccb00000, 0x00000000ccc00000|  0%| F|  |TAMS 0x00000000ccb00000, 0x00000000ccb00000| Untracked 
| 204|0x00000000ccc00000, 0x00000000ccc00000, 0x00000000ccd00000|  0%| F|  |TAMS 0x00000000ccc00000, 0x00000000ccc00000| Untracked 
| 205|0x00000000ccd00000, 0x00000000ccd00000, 0x00000000cce00000|  0%| F|  |TAMS 0x00000000ccd00000, 0x00000000ccd00000| Untracked 
| 206|0x00000000cce00000, 0x00000000cce00000, 0x00000000ccf00000|  0%| F|  |TAMS 0x00000000cce00000, 0x00000000cce00000| Untracked 
| 207|0x00000000ccf00000, 0x00000000ccf00000, 0x00000000cd000000|  0%| F|  |TAMS 0x00000000ccf00000, 0x00000000ccf00000| Untracked 
| 208|0x00000000cd000000, 0x00000000cd000000, 0x00000000cd100000|  0%| F|  |TAMS 0x00000000cd000000, 0x00000000cd000000| Untracked 
| 209|0x00000000cd100000, 0x00000000cd100000, 0x00000000cd200000|  0%| F|  |TAMS 0x00000000cd100000, 0x00000000cd100000| Untracked 
| 210|0x00000000cd200000, 0x00000000cd200000, 0x00000000cd300000|  0%| F|  |TAMS 0x00000000cd200000, 0x00000000cd200000| Untracked 
| 211|0x00000000cd300000, 0x00000000cd300000, 0x00000000cd400000|  0%| F|  |TAMS 0x00000000cd300000, 0x00000000cd300000| Untracked 
| 212|0x00000000cd400000, 0x00000000cd400000, 0x00000000cd500000|  0%| F|  |TAMS 0x00000000cd400000, 0x00000000cd400000| Untracked 
| 213|0x00000000cd500000, 0x00000000cd500000, 0x00000000cd600000|  0%| F|  |TAMS 0x00000000cd500000, 0x00000000cd500000| Untracked 
| 214|0x00000000cd600000, 0x00000000cd600000, 0x00000000cd700000|  0%| F|  |TAMS 0x00000000cd600000, 0x00000000cd600000| Untracked 
| 215|0x00000000cd700000, 0x00000000cd700000, 0x00000000cd800000|  0%| F|  |TAMS 0x00000000cd700000, 0x00000000cd700000| Untracked 
| 216|0x00000000cd800000, 0x00000000cd800000, 0x00000000cd900000|  0%| F|  |TAMS 0x00000000cd800000, 0x00000000cd800000| Untracked 
| 217|0x00000000cd900000, 0x00000000cd900000, 0x00000000cda00000|  0%| F|  |TAMS 0x00000000cd900000, 0x00000000cd900000| Untracked 
| 218|0x00000000cda00000, 0x00000000cda00000, 0x00000000cdb00000|  0%| F|  |TAMS 0x00000000cda00000, 0x00000000cda00000| Untracked 
| 219|0x00000000cdb00000, 0x00000000cdb00000, 0x00000000cdc00000|  0%| F|  |TAMS 0x00000000cdb00000, 0x00000000cdb00000| Untracked 
| 220|0x00000000cdc00000, 0x00000000cdc00000, 0x00000000cdd00000|  0%| F|  |TAMS 0x00000000cdc00000, 0x00000000cdc00000| Untracked 
| 221|0x00000000cdd00000, 0x00000000cdd00000, 0x00000000cde00000|  0%| F|  |TAMS 0x00000000cdd00000, 0x00000000cdd00000| Untracked 
| 222|0x00000000cde00000, 0x00000000cde00000, 0x00000000cdf00000|  0%| F|  |TAMS 0x00000000cde00000, 0x00000000cde00000| Untracked 
| 223|0x00000000cdf00000, 0x00000000cdf00000, 0x00000000ce000000|  0%| F|  |TAMS 0x00000000cdf00000, 0x00000000cdf00000| Untracked 
| 224|0x00000000ce000000, 0x00000000ce000000, 0x00000000ce100000|  0%| F|  |TAMS 0x00000000ce000000, 0x00000000ce000000| Untracked 
| 225|0x00000000ce100000, 0x00000000ce100000, 0x00000000ce200000|  0%| F|  |TAMS 0x00000000ce100000, 0x00000000ce100000| Untracked 
| 226|0x00000000ce200000, 0x00000000ce200000, 0x00000000ce300000|  0%| F|  |TAMS 0x00000000ce200000, 0x00000000ce200000| Untracked 
| 227|0x00000000ce300000, 0x00000000ce300000, 0x00000000ce400000|  0%| F|  |TAMS 0x00000000ce300000, 0x00000000ce300000| Untracked 
| 228|0x00000000ce400000, 0x00000000ce400000, 0x00000000ce500000|  0%| F|  |TAMS 0x00000000ce400000, 0x00000000ce400000| Untracked 
| 229|0x00000000ce500000, 0x00000000ce500000, 0x00000000ce600000|  0%| F|  |TAMS 0x00000000ce500000, 0x00000000ce500000| Untracked 
| 230|0x00000000ce600000, 0x00000000ce600000, 0x00000000ce700000|  0%| F|  |TAMS 0x00000000ce600000, 0x00000000ce600000| Untracked 
| 231|0x00000000ce700000, 0x00000000ce700000, 0x00000000ce800000|  0%| F|  |TAMS 0x00000000ce700000, 0x00000000ce700000| Untracked 
| 232|0x00000000ce800000, 0x00000000ce800000, 0x00000000ce900000|  0%| F|  |TAMS 0x00000000ce800000, 0x00000000ce800000| Untracked 
| 233|0x00000000ce900000, 0x00000000ce900000, 0x00000000cea00000|  0%| F|  |TAMS 0x00000000ce900000, 0x00000000ce900000| Untracked 
| 234|0x00000000cea00000, 0x00000000cea00000, 0x00000000ceb00000|  0%| F|  |TAMS 0x00000000cea00000, 0x00000000cea00000| Untracked 
| 235|0x00000000ceb00000, 0x00000000ceb00000, 0x00000000cec00000|  0%| F|  |TAMS 0x00000000ceb00000, 0x00000000ceb00000| Untracked 
| 236|0x00000000cec00000, 0x00000000cec00000, 0x00000000ced00000|  0%| F|  |TAMS 0x00000000cec00000, 0x00000000cec00000| Untracked 
| 237|0x00000000ced00000, 0x00000000ced00000, 0x00000000cee00000|  0%| F|  |TAMS 0x00000000ced00000, 0x00000000ced00000| Untracked 
| 238|0x00000000cee00000, 0x00000000cee00000, 0x00000000cef00000|  0%| F|  |TAMS 0x00000000cee00000, 0x00000000cee00000| Untracked 
| 239|0x00000000cef00000, 0x00000000cef00000, 0x00000000cf000000|  0%| F|  |TAMS 0x00000000cef00000, 0x00000000cef00000| Untracked 
| 240|0x00000000cf000000, 0x00000000cf000000, 0x00000000cf100000|  0%| F|  |TAMS 0x00000000cf000000, 0x00000000cf000000| Untracked 
| 241|0x00000000cf100000, 0x00000000cf100000, 0x00000000cf200000|  0%| F|  |TAMS 0x00000000cf100000, 0x00000000cf100000| Untracked 
| 242|0x00000000cf200000, 0x00000000cf200000, 0x00000000cf300000|  0%| F|  |TAMS 0x00000000cf200000, 0x00000000cf200000| Untracked 
| 243|0x00000000cf300000, 0x00000000cf300000, 0x00000000cf400000|  0%| F|  |TAMS 0x00000000cf300000, 0x00000000cf300000| Untracked 
| 244|0x00000000cf400000, 0x00000000cf400000, 0x00000000cf500000|  0%| F|  |TAMS 0x00000000cf400000, 0x00000000cf400000| Untracked 
| 245|0x00000000cf500000, 0x00000000cf500000, 0x00000000cf600000|  0%| F|  |TAMS 0x00000000cf500000, 0x00000000cf500000| Untracked 
| 246|0x00000000cf600000, 0x00000000cf600000, 0x00000000cf700000|  0%| F|  |TAMS 0x00000000cf600000, 0x00000000cf600000| Untracked 
| 247|0x00000000cf700000, 0x00000000cf700000, 0x00000000cf800000|  0%| F|  |TAMS 0x00000000cf700000, 0x00000000cf700000| Untracked 
| 248|0x00000000cf800000, 0x00000000cf800000, 0x00000000cf900000|  0%| F|  |TAMS 0x00000000cf800000, 0x00000000cf800000| Untracked 
| 249|0x00000000cf900000, 0x00000000cf900000, 0x00000000cfa00000|  0%| F|  |TAMS 0x00000000cf900000, 0x00000000cf900000| Untracked 
| 250|0x00000000cfa00000, 0x00000000cfa00000, 0x00000000cfb00000|  0%| F|  |TAMS 0x00000000cfa00000, 0x00000000cfa00000| Untracked 
| 251|0x00000000cfb00000, 0x00000000cfb00000, 0x00000000cfc00000|  0%| F|  |TAMS 0x00000000cfb00000, 0x00000000cfb00000| Untracked 
| 252|0x00000000cfc00000, 0x00000000cfc00000, 0x00000000cfd00000|  0%| F|  |TAMS 0x00000000cfc00000, 0x00000000cfc00000| Untracked 
| 253|0x00000000cfd00000, 0x00000000cfd00000, 0x00000000cfe00000|  0%| F|  |TAMS 0x00000000cfd00000, 0x00000000cfd00000| Untracked 
| 254|0x00000000cfe00000, 0x00000000cfe00000, 0x00000000cff00000|  0%| F|  |TAMS 0x00000000cfe00000, 0x00000000cfe00000| Untracked 
| 255|0x00000000cff00000, 0x00000000cff00000, 0x00000000d0000000|  0%| F|  |TAMS 0x00000000cff00000, 0x00000000cff00000| Untracked 
| 256|0x00000000d0000000, 0x00000000d0000000, 0x00000000d0100000|  0%| F|  |TAMS 0x00000000d0000000, 0x00000000d0000000| Untracked 
| 257|0x00000000d0100000, 0x00000000d0100000, 0x00000000d0200000|  0%| F|  |TAMS 0x00000000d0100000, 0x00000000d0100000| Untracked 
| 258|0x00000000d0200000, 0x00000000d0200000, 0x00000000d0300000|  0%| F|  |TAMS 0x00000000d0200000, 0x00000000d0200000| Untracked 
| 259|0x00000000d0300000, 0x00000000d0300000, 0x00000000d0400000|  0%| F|  |TAMS 0x00000000d0300000, 0x00000000d0300000| Untracked 
| 260|0x00000000d0400000, 0x00000000d0400000, 0x00000000d0500000|  0%| F|  |TAMS 0x00000000d0400000, 0x00000000d0400000| Untracked 
| 261|0x00000000d0500000, 0x00000000d0500000, 0x00000000d0600000|  0%| F|  |TAMS 0x00000000d0500000, 0x00000000d0500000| Untracked 
| 262|0x00000000d0600000, 0x00000000d0600000, 0x00000000d0700000|  0%| F|  |TAMS 0x00000000d0600000, 0x00000000d0600000| Untracked 
| 263|0x00000000d0700000, 0x00000000d0700000, 0x00000000d0800000|  0%| F|  |TAMS 0x00000000d0700000, 0x00000000d0700000| Untracked 
| 264|0x00000000d0800000, 0x00000000d0800000, 0x00000000d0900000|  0%| F|  |TAMS 0x00000000d0800000, 0x00000000d0800000| Untracked 
| 265|0x00000000d0900000, 0x00000000d0900000, 0x00000000d0a00000|  0%| F|  |TAMS 0x00000000d0900000, 0x00000000d0900000| Untracked 
| 266|0x00000000d0a00000, 0x00000000d0a00000, 0x00000000d0b00000|  0%| F|  |TAMS 0x00000000d0a00000, 0x00000000d0a00000| Untracked 
| 267|0x00000000d0b00000, 0x00000000d0b00000, 0x00000000d0c00000|  0%| F|  |TAMS 0x00000000d0b00000, 0x00000000d0b00000| Untracked 
| 268|0x00000000d0c00000, 0x00000000d0c00000, 0x00000000d0d00000|  0%| F|  |TAMS 0x00000000d0c00000, 0x00000000d0c00000| Untracked 
| 269|0x00000000d0d00000, 0x00000000d0d00000, 0x00000000d0e00000|  0%| F|  |TAMS 0x00000000d0d00000, 0x00000000d0d00000| Untracked 
| 270|0x00000000d0e00000, 0x00000000d0e00000, 0x00000000d0f00000|  0%| F|  |TAMS 0x00000000d0e00000, 0x00000000d0e00000| Untracked 
| 271|0x00000000d0f00000, 0x00000000d1000000, 0x00000000d1000000|100%| O|  |TAMS 0x00000000d1000000, 0x00000000d0f00000| Untracked 
| 272|0x00000000d1000000, 0x00000000d1000000, 0x00000000d1100000|  0%| F|  |TAMS 0x00000000d1000000, 0x00000000d1000000| Untracked 
| 273|0x00000000d1100000, 0x00000000d1100000, 0x00000000d1200000|  0%| F|  |TAMS 0x00000000d1100000, 0x00000000d1100000| Untracked 
| 274|0x00000000d1200000, 0x00000000d1300000, 0x00000000d1300000|100%| O|  |TAMS 0x00000000d1300000, 0x00000000d1200000| Untracked 
| 275|0x00000000d1300000, 0x00000000d1300000, 0x00000000d1400000|  0%| F|  |TAMS 0x00000000d1300000, 0x00000000d1300000| Untracked 
| 276|0x00000000d1400000, 0x00000000d1400000, 0x00000000d1500000|  0%| F|  |TAMS 0x00000000d1400000, 0x00000000d1400000| Untracked 
| 277|0x00000000d1500000, 0x00000000d1600000, 0x00000000d1600000|100%| O|  |TAMS 0x00000000d1600000, 0x00000000d1500000| Untracked 
| 278|0x00000000d1600000, 0x00000000d1600000, 0x00000000d1700000|  0%| F|  |TAMS 0x00000000d1600000, 0x00000000d1600000| Untracked 
| 279|0x00000000d1700000, 0x00000000d1700000, 0x00000000d1800000|  0%| F|  |TAMS 0x00000000d1700000, 0x00000000d1700000| Untracked 
| 280|0x00000000d1800000, 0x00000000d1900000, 0x00000000d1900000|100%| O|  |TAMS 0x00000000d1900000, 0x00000000d1800000| Untracked 
| 281|0x00000000d1900000, 0x00000000d1900000, 0x00000000d1a00000|  0%| F|  |TAMS 0x00000000d1900000, 0x00000000d1900000| Untracked 
| 282|0x00000000d1a00000, 0x00000000d1b00000, 0x00000000d1b00000|100%| O|  |TAMS 0x00000000d1b00000, 0x00000000d1a00000| Untracked 
| 283|0x00000000d1b00000, 0x00000000d1b00000, 0x00000000d1c00000|  0%| F|  |TAMS 0x00000000d1b00000, 0x00000000d1b00000| Untracked 
| 284|0x00000000d1c00000, 0x00000000d1d00000, 0x00000000d1d00000|100%| O|  |TAMS 0x00000000d1d00000, 0x00000000d1c00000| Untracked 
| 285|0x00000000d1d00000, 0x00000000d1e00000, 0x00000000d1e00000|100%| O|  |TAMS 0x00000000d1e00000, 0x00000000d1d00000| Untracked 
| 286|0x00000000d1e00000, 0x00000000d1e00000, 0x00000000d1f00000|  0%| F|  |TAMS 0x00000000d1e00000, 0x00000000d1e00000| Untracked 
| 287|0x00000000d1f00000, 0x00000000d1f00000, 0x00000000d2000000|  0%| F|  |TAMS 0x00000000d1f00000, 0x00000000d1f00000| Untracked 
| 288|0x00000000d2000000, 0x00000000d2000000, 0x00000000d2100000|  0%| F|  |TAMS 0x00000000d2000000, 0x00000000d2000000| Untracked 
| 289|0x00000000d2100000, 0x00000000d2100000, 0x00000000d2200000|  0%| F|  |TAMS 0x00000000d2100000, 0x00000000d2100000| Untracked 
| 290|0x00000000d2200000, 0x00000000d2300000, 0x00000000d2300000|100%| O|  |TAMS 0x00000000d2300000, 0x00000000d2200000| Untracked 
| 291|0x00000000d2300000, 0x00000000d2300000, 0x00000000d2400000|  0%| F|  |TAMS 0x00000000d2300000, 0x00000000d2300000| Untracked 
| 292|0x00000000d2400000, 0x00000000d2400000, 0x00000000d2500000|  0%| F|  |TAMS 0x00000000d2400000, 0x00000000d2400000| Untracked 
| 293|0x00000000d2500000, 0x00000000d2500000, 0x00000000d2600000|  0%| F|  |TAMS 0x00000000d2500000, 0x00000000d2500000| Untracked 
| 294|0x00000000d2600000, 0x00000000d2600000, 0x00000000d2700000|  0%| F|  |TAMS 0x00000000d2600000, 0x00000000d2600000| Untracked 
| 295|0x00000000d2700000, 0x00000000d2700000, 0x00000000d2800000|  0%| F|  |TAMS 0x00000000d2700000, 0x00000000d2700000| Untracked 
| 296|0x00000000d2800000, 0x00000000d2800000, 0x00000000d2900000|  0%| F|  |TAMS 0x00000000d2800000, 0x00000000d2800000| Untracked 
| 297|0x00000000d2900000, 0x00000000d2900000, 0x00000000d2a00000|  0%| F|  |TAMS 0x00000000d2900000, 0x00000000d2900000| Untracked 
| 298|0x00000000d2a00000, 0x00000000d2a00000, 0x00000000d2b00000|  0%| F|  |TAMS 0x00000000d2a00000, 0x00000000d2a00000| Untracked 
| 299|0x00000000d2b00000, 0x00000000d2b00000, 0x00000000d2c00000|  0%| F|  |TAMS 0x00000000d2b00000, 0x00000000d2b00000| Untracked 
| 300|0x00000000d2c00000, 0x00000000d2c00000, 0x00000000d2d00000|  0%| F|  |TAMS 0x00000000d2c00000, 0x00000000d2c00000| Untracked 
| 301|0x00000000d2d00000, 0x00000000d2d00000, 0x00000000d2e00000|  0%| F|  |TAMS 0x00000000d2d00000, 0x00000000d2d00000| Untracked 
| 302|0x00000000d2e00000, 0x00000000d2e00000, 0x00000000d2f00000|  0%| F|  |TAMS 0x00000000d2e00000, 0x00000000d2e00000| Untracked 
| 303|0x00000000d2f00000, 0x00000000d2f00000, 0x00000000d3000000|  0%| F|  |TAMS 0x00000000d2f00000, 0x00000000d2f00000| Untracked 
| 304|0x00000000d3000000, 0x00000000d3000000, 0x00000000d3100000|  0%| F|  |TAMS 0x00000000d3000000, 0x00000000d3000000| Untracked 
| 305|0x00000000d3100000, 0x00000000d3100000, 0x00000000d3200000|  0%| F|  |TAMS 0x00000000d3100000, 0x00000000d3100000| Untracked 
| 306|0x00000000d3200000, 0x00000000d3200000, 0x00000000d3300000|  0%| F|  |TAMS 0x00000000d3200000, 0x00000000d3200000| Untracked 
| 307|0x00000000d3300000, 0x00000000d3400000, 0x00000000d3400000|100%| O|  |TAMS 0x00000000d3400000, 0x00000000d3300000| Untracked 
| 308|0x00000000d3400000, 0x00000000d3400000, 0x00000000d3500000|  0%| F|  |TAMS 0x00000000d3400000, 0x00000000d3400000| Untracked 
| 309|0x00000000d3500000, 0x00000000d3500000, 0x00000000d3600000|  0%| F|  |TAMS 0x00000000d3500000, 0x00000000d3500000| Untracked 
| 310|0x00000000d3600000, 0x00000000d3700000, 0x00000000d3700000|100%| O|  |TAMS 0x00000000d3700000, 0x00000000d3600000| Untracked 
| 311|0x00000000d3700000, 0x00000000d3700000, 0x00000000d3800000|  0%| F|  |TAMS 0x00000000d3700000, 0x00000000d3700000| Untracked 
| 312|0x00000000d3800000, 0x00000000d3800000, 0x00000000d3900000|  0%| F|  |TAMS 0x00000000d3800000, 0x00000000d3800000| Untracked 
| 313|0x00000000d3900000, 0x00000000d3900000, 0x00000000d3a00000|  0%| F|  |TAMS 0x00000000d3900000, 0x00000000d3900000| Untracked 
| 314|0x00000000d3a00000, 0x00000000d3a00000, 0x00000000d3b00000|  0%| F|  |TAMS 0x00000000d3a00000, 0x00000000d3a00000| Untracked 
| 315|0x00000000d3b00000, 0x00000000d3b00000, 0x00000000d3c00000|  0%| F|  |TAMS 0x00000000d3b00000, 0x00000000d3b00000| Untracked 
| 316|0x00000000d3c00000, 0x00000000d3c060d0, 0x00000000d3d00000|  2%| E|  |TAMS 0x00000000d3c00000, 0x00000000d3c00000| Complete 

Card table byte_map: [0x0000020266d20000,0x0000020266f20000] _byte_map_base: 0x0000020266720000

Marking Bits (Prev, Next): (CMBitMap*) 0x000002025ebf3940, (CMBitMap*) 0x000002025ebf3980
 Prev Bits: [0x0000020267120000, 0x0000020268120000)
 Next Bits: [0x0000020268120000, 0x0000020269120000)

Polling page: 0x000002025ec60000

Metaspace:

Usage:
  Non-class:     64.47 MB used.
      Class:     10.24 MB used.
       Both:     74.72 MB used.

Virtual space:
  Non-class space:      128.00 MB reserved,      64.81 MB ( 51%) committed,  2 nodes.
      Class space:        1.00 GB reserved,      10.56 MB (  1%) committed,  1 nodes.
             Both:        1.12 GB reserved,      75.38 MB (  7%) committed. 

Chunk freelists:
   Non-Class:  15.01 MB
       Class:  5.39 MB
        Both:  20.41 MB

MaxMetaspaceSize: unlimited
CompressedClassSpaceSize: 1.00 GB
Initial GC threshold: 21.00 MB
Current GC threshold: 125.44 MB
CDS: off
MetaspaceReclaimPolicy: balanced
 - commit_granule_bytes: 65536.
 - commit_granule_words: 8192.
 - virtual_space_node_default_size: 8388608.
 - enlarge_chunks_in_place: 1.
 - new_chunks_are_fully_committed: 0.
 - uncommit_free_chunks: 1.
 - use_allocation_guard: 0.
 - handle_deallocations: 1.


Internal statistics:

num_allocs_failed_limit: 8.
num_arena_births: 1198.
num_arena_deaths: 554.
num_vsnodes_births: 3.
num_vsnodes_deaths: 0.
num_space_committed: 1206.
num_space_uncommitted: 0.
num_chunks_returned_to_freelist: 729.
num_chunks_taken_from_freelist: 3995.
num_chunk_merges: 246.
num_chunk_splits: 2563.
num_chunks_enlarged: 1806.
num_inconsistent_stats: 0.

CodeCache: size=49152Kb used=35647Kb max_used=36170Kb free=13505Kb
 bounds [0x0000020263020000, 0x00000202653f0000, 0x0000020266020000]
 total_blobs=19010 nmethods=18311 adapters=623
 compilation: enabled
              stopped_count=0, restarted_count=0
 full_count=0

Compilation events (20 events):
Event: 307168.622 Thread 0x000002026bf2c0c0 18626       1       org.springframework.ide.vscode.boot.java.handlers.BootJavaHoverProvider$$Lambda$1438/0x000000010061ccf8::apply (32 bytes)
Event: 307168.622 Thread 0x000002026bf2c0c0 nmethod 18626 0x0000020265339b10 code [0x0000020265339ca0, 0x0000020265339de8]
Event: 307175.026 Thread 0x000002026bf2c0c0 18627       1       org.eclipse.lsp4j.adapters.HoverTypeAdapter::write (10 bytes)
Event: 307175.027 Thread 0x000002026bf2c0c0 nmethod 18627 0x0000020265339790 code [0x0000020265339920, 0x0000020265339a28]
Event: 307175.027 Thread 0x000002026bf2c0c0 18628       1       org.eclipse.lsp4j.adapters.HoverTypeAdapter::write (53 bytes)
Event: 307175.033 Thread 0x000002026bf2c0c0 nmethod 18628 0x0000020265339190 code [0x0000020265339380, 0x00000202653395c8]
Event: 307175.033 Thread 0x000002026bf2c0c0 18629       1       org.eclipse.lsp4j.adapters.HoverTypeAdapter::writeContents (104 bytes)
Event: 307175.037 Thread 0x000002026bf2c0c0 nmethod 18629 0x0000020265338a90 code [0x0000020265338c80, 0x0000020265338f68]
Event: 307175.037 Thread 0x000002026bf2c0c0 18630       1       org.eclipse.lsp4j.adapters.HoverTypeAdapter::writeRange (12 bytes)
Event: 307175.037 Thread 0x000002026bf2c0c0 nmethod 18630 0x0000020265338710 code [0x00000202653388a0, 0x00000202653389a8]
Event: 307175.971 Thread 0x000002026bf2c0c0 18631       1       com.google.gson.internal.$Gson$Types$ParameterizedTypeImpl::equals (24 bytes)
Event: 307175.971 Thread 0x000002026bf2c0c0 nmethod 18631 0x0000020265338310 code [0x00000202653384c0, 0x0000020265338668]
Event: 307177.639 Thread 0x000002026bf2c0c0 18632       1       org.springframework.ide.vscode.boot.java.handlers.BootJavaHoverProvider::provideHover (155 bytes)
Event: 307177.642 Thread 0x000002026bf2c0c0 nmethod 18632 0x0000020265337a10 code [0x0000020265337c20, 0x00000202653380f8]
Event: 307202.480 Thread 0x000002026bf2c0c0 18633   !   1       jdk.internal.reflect.GeneratedConstructorAccessor74::newInstance (49 bytes)
Event: 307202.483 Thread 0x000002026bf2c0c0 nmethod 18633 0x0000020265337410 code [0x00000202653375c0, 0x0000020265337848]
Event: 307202.485 Thread 0x000002026bf2c0c0 18634   !   1       jdk.internal.reflect.GeneratedMethodAccessor64::invoke (67 bytes)
Event: 307202.487 Thread 0x000002026bf2c0c0 nmethod 18634 0x0000020265336a90 code [0x0000020265336c80, 0x00000202653370f8]
Event: 307287.192 Thread 0x000002026bf2c0c0 18635   !   1       org.springframework.ide.vscode.boot.app.SpringSymbolIndex::getAdditonalInformation (99 bytes)
Event: 307287.193 Thread 0x000002026bf2c0c0 nmethod 18635 0x0000020265335f10 code [0x0000020265336120, 0x0000020265336688]

GC Heap History (20 events):
Event: 396717.169 GC heap before
{Heap before GC invocations=39420 (full 38334):
 garbage-first heap   total 324608K, used 96712K [0x00000000c0000000, 0x0000000100000000)
  region size 1024K, 1 young (1024K), 0 survivors (0K)
 Metaspace       used 76509K, committed 77184K, reserved 1179648K
  class space    used 10486K, committed 10816K, reserved 1048576K
}
Event: 396717.227 GC heap after
{Heap after GC invocations=39421 (full 38335):
 garbage-first heap   total 324608K, used 96712K [0x00000000c0000000, 0x0000000100000000)
  region size 1024K, 0 young (0K), 0 survivors (0K)
 Metaspace       used 76509K, committed 77184K, reserved 1179648K
  class space    used 10486K, committed 10816K, reserved 1048576K
}
Event: 396727.379 GC heap before
{Heap before GC invocations=39421 (full 38335):
 garbage-first heap   total 324608K, used 96712K [0x00000000c0000000, 0x0000000100000000)
  region size 1024K, 1 young (1024K), 0 survivors (0K)
 Metaspace       used 76509K, committed 77184K, reserved 1179648K
  class space    used 10486K, committed 10816K, reserved 1048576K
}
Event: 396727.449 GC heap after
{Heap after GC invocations=39422 (full 38336):
 garbage-first heap   total 324608K, used 96712K [0x00000000c0000000, 0x0000000100000000)
  region size 1024K, 0 young (0K), 0 survivors (0K)
 Metaspace       used 76509K, committed 77184K, reserved 1179648K
  class space    used 10486K, committed 10816K, reserved 1048576K
}
Event: 396737.613 GC heap before
{Heap before GC invocations=39422 (full 38336):
 garbage-first heap   total 324608K, used 96712K [0x00000000c0000000, 0x0000000100000000)
  region size 1024K, 1 young (1024K), 0 survivors (0K)
 Metaspace       used 76509K, committed 77184K, reserved 1179648K
  class space    used 10486K, committed 10816K, reserved 1048576K
}
Event: 396737.679 GC heap after
{Heap after GC invocations=39423 (full 38337):
 garbage-first heap   total 324608K, used 96712K [0x00000000c0000000, 0x0000000100000000)
  region size 1024K, 0 young (0K), 0 survivors (0K)
 Metaspace       used 76509K, committed 77184K, reserved 1179648K
  class space    used 10486K, committed 10816K, reserved 1048576K
}
Event: 396747.843 GC heap before
{Heap before GC invocations=39423 (full 38337):
 garbage-first heap   total 324608K, used 96712K [0x00000000c0000000, 0x0000000100000000)
  region size 1024K, 1 young (1024K), 0 survivors (0K)
 Metaspace       used 76509K, committed 77184K, reserved 1179648K
  class space    used 10486K, committed 10816K, reserved 1048576K
}
Event: 396747.903 GC heap after
{Heap after GC invocations=39424 (full 38338):
 garbage-first heap   total 324608K, used 96712K [0x00000000c0000000, 0x0000000100000000)
  region size 1024K, 0 young (0K), 0 survivors (0K)
 Metaspace       used 76509K, committed 77184K, reserved 1179648K
  class space    used 10486K, committed 10816K, reserved 1048576K
}
Event: 396758.046 GC heap before
{Heap before GC invocations=39424 (full 38338):
 garbage-first heap   total 324608K, used 96712K [0x00000000c0000000, 0x0000000100000000)
  region size 1024K, 1 young (1024K), 0 survivors (0K)
 Metaspace       used 76509K, committed 77184K, reserved 1179648K
  class space    used 10486K, committed 10816K, reserved 1048576K
}
Event: 396758.105 GC heap after
{Heap after GC invocations=39425 (full 38339):
 garbage-first heap   total 324608K, used 96712K [0x00000000c0000000, 0x0000000100000000)
  region size 1024K, 0 young (0K), 0 survivors (0K)
 Metaspace       used 76509K, committed 77184K, reserved 1179648K
  class space    used 10486K, committed 10816K, reserved 1048576K
}
Event: 396768.242 GC heap before
{Heap before GC invocations=39425 (full 38339):
 garbage-first heap   total 324608K, used 96712K [0x00000000c0000000, 0x0000000100000000)
  region size 1024K, 1 young (1024K), 0 survivors (0K)
 Metaspace       used 76509K, committed 77184K, reserved 1179648K
  class space    used 10486K, committed 10816K, reserved 1048576K
}
Event: 396768.300 GC heap after
{Heap after GC invocations=39426 (full 38340):
 garbage-first heap   total 324608K, used 96712K [0x00000000c0000000, 0x0000000100000000)
  region size 1024K, 0 young (0K), 0 survivors (0K)
 Metaspace       used 76509K, committed 77184K, reserved 1179648K
  class space    used 10486K, committed 10816K, reserved 1048576K
}
Event: 396778.446 GC heap before
{Heap before GC invocations=39426 (full 38340):
 garbage-first heap   total 324608K, used 96712K [0x00000000c0000000, 0x0000000100000000)
  region size 1024K, 1 young (1024K), 0 survivors (0K)
 Metaspace       used 76509K, committed 77184K, reserved 1179648K
  class space    used 10486K, committed 10816K, reserved 1048576K
}
Event: 396778.507 GC heap after
{Heap after GC invocations=39427 (full 38341):
 garbage-first heap   total 324608K, used 96712K [0x00000000c0000000, 0x0000000100000000)
  region size 1024K, 0 young (0K), 0 survivors (0K)
 Metaspace       used 76509K, committed 77184K, reserved 1179648K
  class space    used 10486K, committed 10816K, reserved 1048576K
}
Event: 396788.651 GC heap before
{Heap before GC invocations=39427 (full 38341):
 garbage-first heap   total 324608K, used 96712K [0x00000000c0000000, 0x0000000100000000)
  region size 1024K, 1 young (1024K), 0 survivors (0K)
 Metaspace       used 76509K, committed 77184K, reserved 1179648K
  class space    used 10486K, committed 10816K, reserved 1048576K
}
Event: 396788.708 GC heap after
{Heap after GC invocations=39428 (full 38342):
 garbage-first heap   total 324608K, used 96712K [0x00000000c0000000, 0x0000000100000000)
  region size 1024K, 0 young (0K), 0 survivors (0K)
 Metaspace       used 76509K, committed 77184K, reserved 1179648K
  class space    used 10486K, committed 10816K, reserved 1048576K
}
Event: 396798.865 GC heap before
{Heap before GC invocations=39428 (full 38342):
 garbage-first heap   total 324608K, used 96712K [0x00000000c0000000, 0x0000000100000000)
  region size 1024K, 1 young (1024K), 0 survivors (0K)
 Metaspace       used 76509K, committed 77184K, reserved 1179648K
  class space    used 10486K, committed 10816K, reserved 1048576K
}
Event: 396798.934 GC heap after
{Heap after GC invocations=39429 (full 38343):
 garbage-first heap   total 324608K, used 96712K [0x00000000c0000000, 0x0000000100000000)
  region size 1024K, 0 young (0K), 0 survivors (0K)
 Metaspace       used 76509K, committed 77184K, reserved 1179648K
  class space    used 10486K, committed 10816K, reserved 1048576K
}
Event: 396809.077 GC heap before
{Heap before GC invocations=39429 (full 38343):
 garbage-first heap   total 324608K, used 96712K [0x00000000c0000000, 0x0000000100000000)
  region size 1024K, 1 young (1024K), 0 survivors (0K)
 Metaspace       used 76509K, committed 77184K, reserved 1179648K
  class space    used 10486K, committed 10816K, reserved 1048576K
}
Event: 396809.131 GC heap after
{Heap after GC invocations=39430 (full 38344):
 garbage-first heap   total 324608K, used 96712K [0x00000000c0000000, 0x0000000100000000)
  region size 1024K, 0 young (0K), 0 survivors (0K)
 Metaspace       used 76509K, committed 77184K, reserved 1179648K
  class space    used 10486K, committed 10816K, reserved 1048576K
}

Dll operation events (10 events):
Event: 0.010 Loaded shared library c:\Users\ohkub\.vscode\extensions\redhat.java-1.21.0-win32-x64\jre\17.0.7-win32-x86_64\bin\java.dll
Event: 0.351 Loaded shared library C:\Users\ohkub\.vscode\extensions\redhat.java-1.21.0-win32-x64\jre\17.0.7-win32-x86_64\bin\net.dll
Event: 0.354 Loaded shared library C:\Users\ohkub\.vscode\extensions\redhat.java-1.21.0-win32-x64\jre\17.0.7-win32-x86_64\bin\nio.dll
Event: 0.363 Loaded shared library C:\Users\ohkub\.vscode\extensions\redhat.java-1.21.0-win32-x64\jre\17.0.7-win32-x86_64\bin\zip.dll
Event: 0.631 Loaded shared library C:\Users\ohkub\.vscode\extensions\redhat.java-1.21.0-win32-x64\jre\17.0.7-win32-x86_64\bin\jimage.dll
Event: 4.073 Loaded shared library C:\Users\ohkub\.vscode\extensions\redhat.java-1.21.0-win32-x64\jre\17.0.7-win32-x86_64\bin\management.dll
Event: 4.089 Loaded shared library C:\Users\ohkub\.vscode\extensions\redhat.java-1.21.0-win32-x64\jre\17.0.7-win32-x86_64\bin\management_ext.dll
Event: 5.496 Loaded shared library C:\Users\ohkub\.vscode\extensions\redhat.java-1.21.0-win32-x64\jre\17.0.7-win32-x86_64\bin\sunmscapi.dll
Event: 12.022 Loaded shared library c:\Users\ohkub\.vscode\extensions\redhat.java-1.21.0-win32-x64\jre\17.0.7-win32-x86_64\bin\verify.dll
Event: 15.634 Loaded shared library C:\Users\ohkub\AppData\Local\Temp\snappy-1.1.8-8c01c464-9506-4f3e-8574-46a3d8a5ce02-snappyjava.dll

Deoptimization events (20 events):
Event: 142217.338 Thread 0x000002027414fed0 DEOPT PACKING pc=0x0000020264d8e71f sp=0x000000eb261fd2c0
Event: 142217.338 Thread 0x000002027414fed0 DEOPT UNPACKING pc=0x0000020263077143 sp=0x000000eb261fccf8 mode 3
Event: 144376.950 Thread 0x000002027404cfa0 DEOPT PACKING pc=0x0000020264dec751 sp=0x000000eb261fe270
Event: 144376.950 Thread 0x000002027404cfa0 DEOPT UNPACKING pc=0x0000020263077143 sp=0x000000eb261fd760 mode 3
Event: 144395.078 Thread 0x000002027404d940 DEOPT PACKING pc=0x0000020264f5d50f sp=0x000000eb26afe520
Event: 144395.078 Thread 0x000002027404d940 DEOPT UNPACKING pc=0x0000020263077143 sp=0x000000eb26afda70 mode 3
Event: 144765.006 Thread 0x0000020271ee6110 DEOPT PACKING pc=0x0000020264e70f18 sp=0x000000eb241fe090
Event: 144765.006 Thread 0x0000020271ee6110 DEOPT UNPACKING pc=0x0000020263077143 sp=0x000000eb241fd580 mode 3
Event: 217083.127 Thread 0x000002027404c7a0 DEOPT PACKING pc=0x00000202644a2c99 sp=0x000000eb298fe690
Event: 217083.128 Thread 0x000002027404c7a0 DEOPT UNPACKING pc=0x0000020263077143 sp=0x000000eb298fdc20 mode 3
Event: 217098.113 Thread 0x000002027404c7a0 DEOPT PACKING pc=0x00000202650e0a2b sp=0x000000eb298fe870
Event: 217098.114 Thread 0x000002027404c7a0 DEOPT UNPACKING pc=0x0000020263077143 sp=0x000000eb298fdd70 mode 3
Event: 217407.960 Thread 0x000002027404c7a0 DEOPT PACKING pc=0x00000202652bb636 sp=0x000000eb298fd940
Event: 217407.960 Thread 0x000002027404c7a0 DEOPT UNPACKING pc=0x0000020263077143 sp=0x000000eb298fce60 mode 3
Event: 217408.182 Thread 0x0000020273857b20 DEOPT PACKING pc=0x00000202652b6e1d sp=0x000000eb261fc4c0
Event: 217408.182 Thread 0x0000020273857b20 DEOPT UNPACKING pc=0x0000020263077143 sp=0x000000eb261fb9f0 mode 3
Event: 217491.508 Thread 0x000002027378bb70 DEOPT PACKING pc=0x000002026527000a sp=0x000000eb241fe3e0
Event: 217491.508 Thread 0x000002027378bb70 DEOPT UNPACKING pc=0x0000020263077143 sp=0x000000eb241fd850 mode 3
Event: 217517.017 Thread 0x00000202730cc330 DEOPT PACKING pc=0x0000020265261780 sp=0x000000eb297fde60
Event: 217517.017 Thread 0x00000202730cc330 DEOPT UNPACKING pc=0x0000020263077143 sp=0x000000eb297fd370 mode 3

Classes unloaded (20 events):
Event: 217835.756 Thread 0x000002026bec7be0 Unloading class 0x0000000100a6cc00 'java/lang/invoke/LambdaForm$MH+0x0000000100a6cc00'
Event: 217835.756 Thread 0x000002026bec7be0 Unloading class 0x0000000100a6e000 'java/lang/invoke/LambdaForm$MH+0x0000000100a6e000'
Event: 217835.756 Thread 0x000002026bec7be0 Unloading class 0x0000000100aa1800 'jdk/internal/reflect/GeneratedConstructorAccessor152'
Event: 217835.756 Thread 0x000002026bec7be0 Unloading class 0x0000000100aa1400 'jdk/internal/reflect/GeneratedMethodAccessor119'
Event: 217835.756 Thread 0x000002026bec7be0 Unloading class 0x0000000100aa0c00 'jdk/internal/reflect/GeneratedMethodAccessor118'
Event: 217835.756 Thread 0x000002026bec7be0 Unloading class 0x0000000100a9a000 'jdk/internal/reflect/GeneratedConstructorAccessor146'
Event: 217835.756 Thread 0x000002026bec7be0 Unloading class 0x0000000100a99c00 'jdk/internal/reflect/GeneratedConstructorAccessor145'
Event: 217835.756 Thread 0x000002026bec7be0 Unloading class 0x0000000100a99400 'jdk/internal/reflect/GeneratedMethodAccessor111'
Event: 217835.756 Thread 0x000002026bec7be0 Unloading class 0x0000000100a99000 'jdk/internal/reflect/GeneratedConstructorAccessor143'
Event: 217835.756 Thread 0x000002026bec7be0 Unloading class 0x0000000100a98c00 'jdk/internal/reflect/GeneratedConstructorAccessor142'
Event: 217835.756 Thread 0x000002026bec7be0 Unloading class 0x0000000100a98800 'jdk/internal/reflect/GeneratedConstructorAccessor141'
Event: 217835.756 Thread 0x000002026bec7be0 Unloading class 0x0000000100a98400 'jdk/internal/reflect/GeneratedMethodAccessor110'
Event: 217835.756 Thread 0x000002026bec7be0 Unloading class 0x0000000100a98000 'jdk/internal/reflect/GeneratedConstructorAccessor140'
Event: 217927.663 Thread 0x000002026bec7be0 Unloading class 0x0000000100a9bc00 'jdk/internal/reflect/GeneratedMethodAccessor116'
Event: 217927.663 Thread 0x000002026bec7be0 Unloading class 0x0000000100a9b800 'jdk/internal/reflect/GeneratedConstructorAccessor148'
Event: 217927.663 Thread 0x000002026bec7be0 Unloading class 0x0000000100a9b400 'jdk/internal/reflect/GeneratedMethodAccessor115'
Event: 217927.663 Thread 0x000002026bec7be0 Unloading class 0x0000000100a9b000 'jdk/internal/reflect/GeneratedConstructorAccessor147'
Event: 217927.663 Thread 0x000002026bec7be0 Unloading class 0x0000000100a9ac00 'jdk/internal/reflect/GeneratedMethodAccessor114'
Event: 217927.663 Thread 0x000002026bec7be0 Unloading class 0x0000000100a9a800 'jdk/internal/reflect/GeneratedMethodAccessor113'
Event: 217927.663 Thread 0x000002026bec7be0 Unloading class 0x0000000100a9a400 'jdk/internal/reflect/GeneratedMethodAccessor112'

Classes redefined (0 events):
No events

Internal exceptions (20 events):
Event: 217567.696 Thread 0x0000020273856cb0 Exception <a 'sun/nio/fs/WindowsException'{0x00000000f51cdd80}> (0x00000000f51cdd80) 
thrown [s\src\hotspot\share\prims\jni.cpp, line 516]
Event: 217567.696 Thread 0x0000020273856cb0 Exception <a 'sun/nio/fs/WindowsException'{0x00000000f51ce068}> (0x00000000f51ce068) 
thrown [s\src\hotspot\share\prims\jni.cpp, line 516]
Event: 217567.696 Thread 0x0000020273856cb0 Exception <a 'sun/nio/fs/WindowsException'{0x00000000f51cf498}> (0x00000000f51cf498) 
thrown [s\src\hotspot\share\prims\jni.cpp, line 516]
Event: 217567.696 Thread 0x0000020273856cb0 Exception <a 'sun/nio/fs/WindowsException'{0x00000000f51cf798}> (0x00000000f51cf798) 
thrown [s\src\hotspot\share\prims\jni.cpp, line 516]
Event: 217567.771 Thread 0x00000202730cc330 Exception <a 'sun/nio/fs/WindowsException'{0x00000000f4b10d90}> (0x00000000f4b10d90) 
thrown [s\src\hotspot\share\prims\jni.cpp, line 516]
Event: 217567.771 Thread 0x00000202730cc330 Exception <a 'sun/nio/fs/WindowsException'{0x00000000f4b11c68}> (0x00000000f4b11c68) 
thrown [s\src\hotspot\share\prims\jni.cpp, line 516]
Event: 217567.904 Thread 0x00000202730cc330 Exception <a 'sun/nio/fs/WindowsException'{0x00000000f4667fa0}> (0x00000000f4667fa0) 
thrown [s\src\hotspot\share\prims\jni.cpp, line 516]
Event: 217567.904 Thread 0x00000202730cc330 Exception <a 'sun/nio/fs/WindowsException'{0x00000000f4668240}> (0x00000000f4668240) 
thrown [s\src\hotspot\share\prims\jni.cpp, line 516]
Event: 217567.905 Thread 0x00000202730cc330 Exception <a 'sun/nio/fs/WindowsException'{0x00000000f46690e0}> (0x00000000f46690e0) 
thrown [s\src\hotspot\share\prims\jni.cpp, line 516]
Event: 217567.905 Thread 0x00000202730cc330 Exception <a 'sun/nio/fs/WindowsException'{0x00000000f46693a0}> (0x00000000f46693a0) 
thrown [s\src\hotspot\share\prims\jni.cpp, line 516]
Event: 217567.905 Thread 0x00000202730cc330 Exception <a 'sun/nio/fs/WindowsException'{0x00000000f466e548}> (0x00000000f466e548) 
thrown [s\src\hotspot\share\prims\jni.cpp, line 516]
Event: 217567.905 Thread 0x00000202730cc330 Exception <a 'sun/nio/fs/WindowsException'{0x00000000f466e808}> (0x00000000f466e808) 
thrown [s\src\hotspot\share\prims\jni.cpp, line 516]
Event: 217567.905 Thread 0x00000202730cc330 Exception <a 'sun/nio/fs/WindowsException'{0x00000000f466f6b8}> (0x00000000f466f6b8) 
thrown [s\src\hotspot\share\prims\jni.cpp, line 516]
Event: 217567.905 Thread 0x00000202730cc330 Exception <a 'sun/nio/fs/WindowsException'{0x00000000f466f988}> (0x00000000f466f988) 
thrown [s\src\hotspot\share\prims\jni.cpp, line 516]
Event: 217712.308 Thread 0x00000202730cc330 Exception <a 'sun/nio/fs/WindowsException'{0x00000000d75dfe48}> (0x00000000d75dfe48) 
thrown [s\src\hotspot\share\prims\jni.cpp, line 516]
Event: 217712.308 Thread 0x00000202730cc330 Exception <a 'sun/nio/fs/WindowsException'{0x00000000d75e0d20}> (0x00000000d75e0d20) 
thrown [s\src\hotspot\share\prims\jni.cpp, line 516]
Event: 307108.406 Thread 0x000002027374c090 Exception <a 'sun/nio/fs/WindowsException'{0x00000000d376e1b8}> (0x00000000d376e1b8) 
thrown [s\src\hotspot\share\prims\jni.cpp, line 516]
Event: 307108.411 Thread 0x000002027374c090 Exception <a 'sun/nio/fs/WindowsException'{0x00000000d376f090}> (0x00000000d376f090) 
thrown [s\src\hotspot\share\prims\jni.cpp, line 516]
Event: 307710.286 Thread 0x0000020271ee2c20 Exception <a 'sun/nio/fs/WindowsException'{0x00000000d376cb88}> (0x00000000d376cb88) 
thrown [s\src\hotspot\share\prims\jni.cpp, line 516]
Event: 307710.287 Thread 0x0000020271ee2c20 Exception <a 'sun/nio/fs/WindowsException'{0x00000000d376da60}> (0x00000000d376da60) 
thrown [s\src\hotspot\share\prims\jni.cpp, line 516]

VM Operations (20 events):
Event: 396717.227 Executing VM operation: G1CollectFull done
Event: 396727.379 Executing VM operation: G1CollectFull
Event: 396727.449 Executing VM operation: G1CollectFull done
Event: 396737.612 Executing VM operation: G1CollectFull
Event: 396737.679 Executing VM operation: G1CollectFull done
Event: 396747.843 Executing VM operation: G1CollectFull
Event: 396747.903 Executing VM operation: G1CollectFull done
Event: 396758.046 Executing VM operation: G1CollectFull
Event: 396758.105 Executing VM operation: G1CollectFull done
Event: 396768.242 Executing VM operation: G1CollectFull
Event: 396768.300 Executing VM operation: G1CollectFull done
Event: 396778.446 Executing VM operation: G1CollectFull
Event: 396778.507 Executing VM operation: G1CollectFull done
Event: 396788.651 Executing VM operation: G1CollectFull
Event: 396788.708 Executing VM operation: G1CollectFull done
Event: 396798.865 Executing VM operation: G1CollectFull
Event: 396798.934 Executing VM operation: G1CollectFull done
Event: 396809.077 Executing VM operation: G1CollectFull
Event: 396809.131 Executing VM operation: G1CollectFull done
Event: 396819.278 Executing VM operation: G1CollectFull

Events (20 events):
Event: 307420.558 Thread 0x0000020274355dc0 Thread exited: 0x0000020274355dc0
Event: 307480.562 Thread 0x0000020274356290 Thread exited: 0x0000020274356290
Event: 307538.515 Thread 0x0000020273481e00 Thread added: 0x0000020273481e00
Event: 307538.517 Thread 0x00000202740e88d0 Thread added: 0x00000202740e88d0
Event: 307598.551 Thread 0x00000202740e88d0 Thread exited: 0x00000202740e88d0
Event: 307604.528 Thread 0x0000020273481e00 Thread exited: 0x0000020273481e00
Event: 307614.514 Thread 0x00000202740583c0 Thread added: 0x00000202740583c0
Event: 307614.516 Thread 0x0000020273481930 Thread added: 0x0000020273481930
Event: 307674.550 Thread 0x0000020273481930 Thread exited: 0x0000020273481930
Event: 307708.522 Thread 0x00000202740583c0 Thread exited: 0x00000202740583c0
Event: 307709.116 Thread 0x0000020274058d60 Thread added: 0x0000020274058d60
Event: 307709.119 Thread 0x0000020271ee2c20 Thread added: 0x0000020271ee2c20
Event: 307710.303 Thread 0x0000020274059230 Thread added: 0x0000020274059230
Event: 307743.814 Thread 0x00000202740583c0 Thread added: 0x00000202740583c0
Event: 307770.421 Thread 0x0000020274059230 Thread exited: 0x0000020274059230
Event: 307775.487 Thread 0x0000020271ee2c20 Thread exited: 0x0000020271ee2c20
Event: 307776.436 Thread 0x0000020274058d60 Thread exited: 0x0000020274058d60
Event: 307803.819 Thread 0x00000202740583c0 Thread exited: 0x00000202740583c0
Event: 307918.628 Thread 0x00000202740e8400 Thread added: 0x00000202740e8400
Event: 307978.645 Thread 0x00000202740e8400 Thread exited: 0x00000202740e8400


Dynamic libraries:
0x00007ff6ecd30000 - 0x00007ff6ecd3e000 	c:\Users\ohkub\.vscode\extensions\redhat.java-1.21.0-win32-x64\jre\17.0.7-win32-x86_64\bin\java.exe
0x00007ffa15270000 - 0x00007ffa15484000 	C:\WINDOWS\SYSTEM32\ntdll.dll
0x00007ffa135a0000 - 0x00007ffa13662000 	C:\WINDOWS\System32\KERNEL32.DLL
0x00007ffa12a90000 - 0x00007ffa12e33000 	C:\WINDOWS\System32\KERNELBASE.dll
0x00007ffa0f5c0000 - 0x00007ffa0f657000 	C:\WINDOWS\SYSTEM32\apphelp.dll
0x00007ffa12e40000 - 0x00007ffa12f51000 	C:\WINDOWS\System32\ucrtbase.dll
0x00007ff9fcb50000 - 0x00007ff9fcb67000 	c:\Users\ohkub\.vscode\extensions\redhat.java-1.21.0-win32-x64\jre\17.0.7-win32-x86_64\bin\jli.dll
0x00007ff9fb910000 - 0x00007ff9fb929000 	c:\Users\ohkub\.vscode\extensions\redhat.java-1.21.0-win32-x64\jre\17.0.7-win32-x86_64\bin\VCRUNTIME140.dll
0x00007ffa133f0000 - 0x00007ffa1359a000 	C:\WINDOWS\System32\USER32.dll
0x00007ffa129a0000 - 0x00007ffa129c6000 	C:\WINDOWS\System32\win32u.dll
0x00007ffa15200000 - 0x00007ffa15229000 	C:\WINDOWS\System32\GDI32.dll
0x00007ff9f5560000 - 0x00007ff9f57ee000 	C:\WINDOWS\WinSxS\amd64_microsoft.windows.common-controls_6595b64144ccf1df_6.0.22621.1635_none_270f70857386168e\COMCTL32.dll
0x00007ffa12880000 - 0x00007ffa12999000 	C:\WINDOWS\System32\gdi32full.dll
0x00007ffa146e0000 - 0x00007ffa14787000 	C:\WINDOWS\System32\msvcrt.dll
0x00007ffa127e0000 - 0x00007ffa1287a000 	C:\WINDOWS\System32\msvcp_win.dll
0x00007ffa14370000 - 0x00007ffa143a1000 	C:\WINDOWS\System32\IMM32.DLL
0x00007ffa06880000 - 0x00007ffa0688c000 	c:\Users\ohkub\.vscode\extensions\redhat.java-1.21.0-win32-x64\jre\17.0.7-win32-x86_64\bin\vcruntime140_1.dll
0x00007ff9e2e90000 - 0x00007ff9e2f21000 	c:\Users\ohkub\.vscode\extensions\redhat.java-1.21.0-win32-x64\jre\17.0.7-win32-x86_64\bin\msvcp140.dll
0x00007ff97b980000 - 0x00007ff97c5c8000 	c:\Users\ohkub\.vscode\extensions\redhat.java-1.21.0-win32-x64\jre\17.0.7-win32-x86_64\bin\server\jvm.dll
0x00007ffa14e00000 - 0x00007ffa14eae000 	C:\WINDOWS\System32\ADVAPI32.dll
0x00007ffa14920000 - 0x00007ffa149c4000 	C:\WINDOWS\System32\sechost.dll
0x00007ffa14790000 - 0x00007ffa148a7000 	C:\WINDOWS\System32\RPCRT4.dll
0x00007ff9fe0e0000 - 0x00007ff9fe0e9000 	C:\WINDOWS\SYSTEM32\WSOCK32.dll
0x00007ffa14b10000 - 0x00007ffa14b81000 	C:\WINDOWS\System32\WS2_32.dll
0x00007ffa0b110000 - 0x00007ffa0b144000 	C:\WINDOWS\SYSTEM32\WINMM.dll
0x00007ffa0b390000 - 0x00007ffa0b39a000 	C:\WINDOWS\SYSTEM32\VERSION.dll
0x00007ffa116b0000 - 0x00007ffa116c8000 	C:\WINDOWS\SYSTEM32\kernel.appcore.dll
0x00007ffa02ec0000 - 0x00007ffa02eca000 	c:\Users\ohkub\.vscode\extensions\redhat.java-1.21.0-win32-x64\jre\17.0.7-win32-x86_64\bin\jimage.dll
0x00007ffa10110000 - 0x00007ffa1033e000 	C:\WINDOWS\SYSTEM32\DBGHELP.DLL
0x00007ffa13050000 - 0x00007ffa133d9000 	C:\WINDOWS\System32\combase.dll
0x00007ffa14ec0000 - 0x00007ffa14f97000 	C:\WINDOWS\System32\OLEAUT32.dll
0x00007ffa013f0000 - 0x00007ffa01422000 	C:\WINDOWS\SYSTEM32\dbgcore.DLL
0x00007ffa12fd0000 - 0x00007ffa1304a000 	C:\WINDOWS\System32\bcryptPrimitives.dll
0x00007ff9fb8e0000 - 0x00007ff9fb905000 	c:\Users\ohkub\.vscode\extensions\redhat.java-1.21.0-win32-x64\jre\17.0.7-win32-x86_64\bin\java.dll
0x00007ff9fb640000 - 0x00007ff9fb658000 	c:\Users\ohkub\.vscode\extensions\redhat.java-1.21.0-win32-x64\jre\17.0.7-win32-x86_64\bin\zip.dll
0x00007ffa136f0000 - 0x00007ffa13ee9000 	C:\WINDOWS\System32\SHELL32.dll
0x00007ffa10660000 - 0x00007ffa10f2e000 	C:\WINDOWS\SYSTEM32\windows.storage.dll
0x00007ffa104f0000 - 0x00007ffa1062e000 	C:\WINDOWS\SYSTEM32\wintypes.dll
0x00007ffa14c50000 - 0x00007ffa14d41000 	C:\WINDOWS\System32\SHCORE.dll
0x00007ffa14fa0000 - 0x00007ffa14ffe000 	C:\WINDOWS\System32\shlwapi.dll
0x00007ffa125a0000 - 0x00007ffa125c6000 	C:\WINDOWS\SYSTEM32\profapi.dll
0x00007ff9fcb90000 - 0x00007ff9fcba9000 	C:\Users\ohkub\.vscode\extensions\redhat.java-1.21.0-win32-x64\jre\17.0.7-win32-x86_64\bin\net.dll
0x00007ffa0af80000 - 0x00007ffa0b0b7000 	C:\WINDOWS\SYSTEM32\WINHTTP.dll
0x00007ffa11b30000 - 0x00007ffa11b99000 	C:\WINDOWS\system32\mswsock.dll
0x00007ff9fcb70000 - 0x00007ff9fcb85000 	C:\Users\ohkub\.vscode\extensions\redhat.java-1.21.0-win32-x64\jre\17.0.7-win32-x86_64\bin\nio.dll
0x00007ffa11e00000 - 0x00007ffa11e1b000 	C:\WINDOWS\SYSTEM32\CRYPTSP.dll
0x00007ffa11620000 - 0x00007ffa11655000 	C:\WINDOWS\system32\rsaenh.dll
0x00007ffa11c30000 - 0x00007ffa11c5c000 	C:\WINDOWS\SYSTEM32\USERENV.dll
0x00007ffa12020000 - 0x00007ffa12048000 	C:\WINDOWS\SYSTEM32\bcrypt.dll
0x00007ffa11e20000 - 0x00007ffa11e2c000 	C:\WINDOWS\SYSTEM32\CRYPTBASE.dll
0x00007ffa11190000 - 0x00007ffa111bd000 	C:\WINDOWS\SYSTEM32\IPHLPAPI.DLL
0x00007ffa14b90000 - 0x00007ffa14b99000 	C:\WINDOWS\System32\NSI.dll
0x00007ffa0af10000 - 0x00007ffa0af29000 	C:\WINDOWS\SYSTEM32\dhcpcsvc6.DLL
0x00007ffa0add0000 - 0x00007ffa0adef000 	C:\WINDOWS\SYSTEM32\dhcpcsvc.DLL
0x00007ffa11200000 - 0x00007ffa112f3000 	C:\WINDOWS\SYSTEM32\DNSAPI.dll
0x00007ffa01110000 - 0x00007ffa01119000 	C:\Users\ohkub\.vscode\extensions\redhat.java-1.21.0-win32-x64\jre\17.0.7-win32-x86_64\bin\management.dll
0x00007ffa00770000 - 0x00007ffa0077b000 	C:\Users\ohkub\.vscode\extensions\redhat.java-1.21.0-win32-x64\jre\17.0.7-win32-x86_64\bin\management_ext.dll
0x00007ffa14eb0000 - 0x00007ffa14eb8000 	C:\WINDOWS\System32\PSAPI.DLL
0x00007ffa004a0000 - 0x00007ffa004ae000 	C:\Users\ohkub\.vscode\extensions\redhat.java-1.21.0-win32-x64\jre\17.0.7-win32-x86_64\bin\sunmscapi.dll
0x00007ffa12670000 - 0x00007ffa127d7000 	C:\WINDOWS\System32\CRYPT32.dll
0x00007ffa11ff0000 - 0x00007ffa1201e000 	C:\WINDOWS\SYSTEM32\ncrypt.dll
0x00007ffa11fb0000 - 0x00007ffa11fe7000 	C:\WINDOWS\SYSTEM32\NTASN1.dll
0x00007ffa07110000 - 0x00007ffa0711a000 	C:\Windows\System32\rasadhlp.dll
0x00007ffa09ec0000 - 0x00007ffa09f44000 	C:\WINDOWS\System32\fwpuclnt.dll
0x00007ff9fc990000 - 0x00007ff9fc9a0000 	c:\Users\ohkub\.vscode\extensions\redhat.java-1.21.0-win32-x64\jre\17.0.7-win32-x86_64\bin\verify.dll
0x000000006c500000 - 0x000000006c5c7000 	C:\Users\ohkub\AppData\Local\Temp\snappy-1.1.8-8c01c464-9506-4f3e-8574-46a3d8a5ce02-snappyjava.dll

dbghelp: loaded successfully - version: 4.0.5 - missing functions: none
symbol engine: initialized successfully - sym options: 0x614 - pdb path: .;c:\Users\ohkub\.vscode\extensions\redhat.java-1.21.0-win32-x64\jre\17.0.7-win32-x86_64\bin;C:\WINDOWS\SYSTEM32;C:\WINDOWS\WinSxS\amd64_microsoft.windows.common-controls_6595b64144ccf1df_6.0.22621.1635_none_270f70857386168e;c:\Users\ohkub\.vscode\extensions\redhat.java-1.21.0-win32-x64\jre\17.0.7-win32-x86_64\bin\server;C:\Users\ohkub\AppData\Local\Temp

VM Arguments:
jvm_args: -XX:+HeapDumpOnOutOfMemoryError -Xmx1024m -Dsts.lsp.client=vscode -Dsts.log.file=/dev/null -XX:TieredStopAtLevel=1 -Xlog:jni+resolve=off -Dspring.config.location=file:c:\Users\ohkub\.vscode\extensions\vmware.vscode-spring-boot-1.47.0\language-server\BOOT-INF\classes\application.properties 
java_command: org.springframework.ide.vscode.boot.app.BootLanguageServerBootApp
java_class_path (initial): c:\Users\ohkub\.vscode\extensions\vmware.vscode-spring-boot-1.47.0\language-server\BOOT-INF\classes;c:\Users\ohkub\.vscode\extensions\vmware.vscode-spring-boot-1.47.0\language-server\BOOT-INF\lib\annotations-24.0.1.jar;c:\Users\ohkub\.vscode\extensions\vmware.vscode-spring-boot-1.47.0\language-server\BOOT-INF\lib\antlr-runtime-3.5.3.jar;c:\Users\ohkub\.vscode\extensions\vmware.vscode-spring-boot-1.47.0\language-server\BOOT-INF\lib\antlr4-4.11.1.jar;c:\Users\ohkub\.vscode\extensions\vmware.vscode-spring-boot-1.47.0\language-server\BOOT-INF\lib\antlr4-runtime-4.11.1.jar;c:\Users\ohkub\.vscode\extensions\vmware.vscode-spring-boot-1.47.0\language-server\BOOT-INF\lib\aopalliance-1.0.jar;c:\Users\ohkub\.vscode\extensions\vmware.vscode-spring-boot-1.47.0\language-server\BOOT-INF\lib\asm-9.5.jar;c:\Users\ohkub\.vscode\extensions\vmware.vscode-spring-boot-1.47.0\language-server\BOOT-INF\lib\asm-analysis-9.5.jar;c:\Users\ohkub\.vscode\extensions\vmware.vscode-spring-boot-1.47.0\language-server\BOOT-INF\lib\asm-tree-9.5.jar;c:\Users\ohkub\.vscode\extensions\vmware.vscode-spring-boot-1.47.0\language-server\BOOT-INF\lib\asm-util-9.5.jar;c:\Users\ohkub\.vscode\extensions\vmware.vscode-spring-boot-1.47.0\language-server\BOOT-INF\lib\auto-common-1.2.1.jar;c:\Users\ohkub\.vscode\extensions\vmware.vscode-spring-boot-1.47.0\language-server\BOOT-INF\lib\auto-value-annotations-1.9.jar;c:\Users\ohkub\.vscode\extensions\vmware.vscode-spring-boot-1.47.0\language-server\BOOT-INF\lib\caffeine-3.1.2.jar;c:\Users\ohkub\.vscode\extensions\vmware.vscode-spring-boot-1.47.0\language-server\BOOT-INF\lib\checker-qual-3.12.0.jar;c:\Users\ohkub\.vscode\extensions\vmware.vscode-spring-boot-1.47.0\language-server\BOOT-INF\lib\classgraph-4.8.149.jar;c:\Users\ohkub\.vscode\extensions\vmware.vscode-spring-boot-1.47.0\language-server\BOOT-INF\lib\commons-codec-1.15.jar;c:\Users\ohkub\.vscode\extensions\vmware.vscode-spring-boot-1.47.0\language-server\BOOT-INF\lib\commons-compres
Launcher Type: SUN_STANDARD

[Global flags]
     intx CICompilerCount                          = 4                                         {product} {ergonomic}
     uint ConcGCThreads                            = 3                                         {product} {ergonomic}
     uint G1ConcRefinementThreads                  = 10                                        {product} {ergonomic}
   size_t G1HeapRegionSize                         = 1048576                                   {product} {ergonomic}
    uintx GCDrainStackTargetSize                   = 64                                        {product} {ergonomic}
     bool HeapDumpOnOutOfMemoryError               = true                                   {manageable} {command line}
   size_t InitialHeapSize                          = 536870912                                 {product} {ergonomic}
   size_t MarkStackSize                            = 4194304                                   {product} {ergonomic}
   size_t MaxHeapSize                              = 1073741824                                {product} {command line}
   size_t MaxNewSize                               = 643825664                                 {product} {ergonomic}
   size_t MinHeapDeltaBytes                        = 1048576                                   {product} {ergonomic}
   size_t MinHeapSize                              = 8388608                                   {product} {ergonomic}
    uintx NonProfiledCodeHeapSize                  = 0                                      {pd product} {ergonomic}
     bool ProfileInterpreter                       = false                                  {pd product} {command line}
    uintx ProfiledCodeHeapSize                     = 0                                      {pd product} {ergonomic}
   size_t SoftMaxHeapSize                          = 1073741824                             {manageable} {ergonomic}
     intx TieredStopAtLevel                        = 1                                         {product} {command line}
     bool UseCompressedClassPointers               = true                           {product lp64_product} {ergonomic}
     bool UseCompressedOops                        = true                           {product lp64_product} {ergonomic}
     bool UseG1GC                                  = true                                      {product} {ergonomic}
     bool UseLargePagesIndividualAllocation        = false                                  {pd product} {ergonomic}

Logging:
Log output configuration:
 #0: stdout all=warning,jni+resolve=off uptime,level,tags
 #1: stderr all=off uptime,level,tags

Environment Variables:
JAVA_HOME=C:\Program Files\Amazon Corretto\jdk17.0.7_7
PATH=C:\Program Files\Amazon Corretto\jdk17.0.7_7\bin;C:\Program Files\Common Files\Oracle\Java\javapath;C:\WINDOWS\system32;C:\WINDOWS;C:\WINDOWS\System32\Wbem;C:\WINDOWS\System32\WindowsPowerShell\v1.0\;C:\WINDOWS\System32\OpenSSH\;C:\Program Files\MySQL\MySQL Server 8.0\bin;C:\Program Files\Git\cmd;C:\Program Files (x86)\Google\Cloud SDK\google-cloud-sdk\bin;C:\Program Files\TortoiseGit\bin;C:\Program Files\PostgreSQL\15\bin;;C:\Program Files\NVIDIA Corporation\NVIDIA NvDLISR;C:\Program Files (x86)\NVIDIA Corporation\PhysX\Common;C:\Users\ohkub\AppData\Local\Microsoft\WindowsApps;C:\Users\ohkub\AppData\Local\Programs\Microsoft VS Code\bin;C:\Program Files\heroku\bin;C:\Users\ohkub\AppData\Local\GitHubDesktop\bin
USERNAME=ohkub
OS=Windows_NT
PROCESSOR_IDENTIFIER=Intel64 Family 6 Model 158 Stepping 10, GenuineIntel
TMP=C:\Users\ohkub\AppData\Local\Temp
TEMP=C:\Users\ohkub\AppData\Local\Temp



---------------  S Y S T E M  ---------------

OS:
 Windows 11 , 64 bit Build 22621 (10.0.22621.1928)
OS uptime: 12 days 7:21 hours

CPU: total 12 (initial active 12) (6 cores per cpu, 2 threads per core) family 6 model 158 stepping 10 microcode 0xde, cx8, cmov, fxsr, ht, mmx, 3dnowpref, sse, sse2, sse3, ssse3, sse4.1, sse4.2, popcnt, lzcnt, tsc, tscinvbit, avx, avx2, aes, erms, clmul, bmi1, bmi2, rtm, adx, fma, vzeroupper, clflush, clflushopt

Memory: 4k page, system-wide physical 32702M (14490M free)
TotalPageFile size 89699M (AvailPageFile size 10M)
current process WorkingSet (physical memory assigned to process): 174M, peak: 1337M
current process commit charge ("private bytes"): 575M, peak: 1311M

vm_info: OpenJDK 64-Bit Server VM (17.0.7+7) for windows-amd64 JRE (17.0.7+7), built on Apr 18 2023 22:10:42 by "temurin" with MS VC++ 16.7 (VS2019)

END.
