#
# There is insufficient memory for the Java Runtime Environment to continue.
# Native memory allocation (malloc) failed to allocate 1048576 bytes for AllocateHeap
# Possible reasons:
#   The system is out of physical RAM or swap space
#   The process is running with CompressedOops enabled, and the Java Heap may be blocking the growth of the native heap
# Possible solutions:
#   Reduce memory load on the system
#   Increase physical memory or swap space
#   Check if swap backing store is full
#   Decrease Java heap size (-Xmx/-Xms)
#   Decrease number of Java threads
#   Decrease Java thread stack sizes (-Xss)
#   Set larger code cache with -XX:ReservedCodeCacheSize=
#   JVM is running with Unscaled Compressed Oops mode in which the Java heap is
#     placed in the first 4GB address space. The Java Heap base address is the
#     maximum limit for the native heap growth. Please use -XX:HeapBaseMinAddress
#     to set the Java Heap base and to place the Java Heap above 4GB virtual address.
# This output file may be truncated or incomplete.
#
#  Out of Memory Error (allocation.cpp:44), pid=20920, tid=13420
#
# JRE version: OpenJDK Runtime Environment Temurin-17.0.7+7 (17.0.7+7) (build 17.0.7+7)
# Java VM: OpenJDK 64-Bit Server VM Temurin-17.0.7+7 (17.0.7+7, mixed mode, emulated-client, tiered, compressed oops, compressed class ptrs, g1 gc, windows-amd64)
# No core dump will be written. Minidumps are not enabled by default on client versions of Windows
#

---------------  S U M M A R Y ------------

Command Line: -XX:+HeapDumpOnOutOfMemoryError -Xmx1024m -Dsts.lsp.client=vscode -Dsts.log.file=/dev/null -XX:TieredStopAtLevel=1 -Xlog:jni+resolve=off -Dspring.config.location=file:c:\Users\ohkub\.vscode\extensions\vmware.vscode-spring-boot-1.47.0\language-server\BOOT-INF\classes\application.properties org.springframework.ide.vscode.boot.app.BootLanguageServerBootApp

Host: Intel(R) Core(TM) i7-8700K CPU @ 3.70GHz, 12 cores, 31G,  Windows 11 , 64 bit Build 22621 (10.0.22621.1928)
Time: Fri Jul 21 23:55:13 2023  Windows 11 , 64 bit Build 22621 (10.0.22621.1928) elapsed time: 176642.136079 seconds (2d 1h 4m 2s)

---------------  T H R E A D  ---------------

Current thread (0x0000029d9eba9ad0):  VMThread "VM Thread" [stack: 0x000000e087700000,0x000000e087800000] [id=13420]

Stack: [0x000000e087700000,0x000000e087800000]
Native frames: (J=compiled Java code, j=interpreted, Vv=VM code, C=native code)
V  [jvm.dll+0x67754a]
V  [jvm.dll+0x834304]
V  [jvm.dll+0x835aae]
V  [jvm.dll+0x836113]
V  [jvm.dll+0x24696f]
V  [jvm.dll+0xa681f]
V  [jvm.dll+0x2f73f3]
V  [jvm.dll+0x2f30f0]
V  [jvm.dll+0x2db6c7]
V  [jvm.dll+0x31e777]
V  [jvm.dll+0x83a5bb]
V  [jvm.dll+0x83b2f4]
V  [jvm.dll+0x83b80c]
V  [jvm.dll+0x83bbe4]
V  [jvm.dll+0x83bcb0]
V  [jvm.dll+0x7e4e7a]
V  [jvm.dll+0x676395]
C  [ucrtbase.dll+0x29363]
C  [KERNEL32.DLL+0x126ad]
C  [ntdll.dll+0x5aa68]

VM_Operation (0x000000e0893fea50): G1CollectFull, mode: safepoint, requested by thread 0x0000029da45aa970


---------------  P R O C E S S  ---------------

Threads class SMR info:
_java_thread_list=0x0000029da46cdf10, length=32, elements={
0x0000029d9ebcc390, 0x0000029d9ebcd460, 0x0000029d9ec01bf0, 0x0000029d9ec026b0,
0x0000029d9ec02f70, 0x0000029d9ec03830, 0x0000029d9ec040f0, 0x0000029d9ec0f120,
0x0000029d9ee2b610, 0x0000029d9ee37f20, 0x0000029da449e500, 0x0000029da44c7f50,
0x0000029da45aa970, 0x0000029da4674d70, 0x0000029d9172e9f0, 0x0000029da46b2ee0,
0x0000029da46da4b0, 0x0000029da46e6500, 0x0000029da476d480, 0x0000029da4770e90,
0x0000029da476d9a0, 0x0000029da47709c0, 0x0000029da476f680, 0x0000029da4771360,
0x0000029da4e09a50, 0x0000029da4e0a3f0, 0x0000029da4e08710, 0x0000029da4e0a8c0,
0x0000029da4e0ad90, 0x0000029da4e090b0, 0x0000029da4e0b260, 0x0000029da4e09580
}

Java Threads: ( => current thread )
  0x0000029d9ebcc390 JavaThread "Reference Handler" daemon [_thread_blocked, id=18548, stack(0x000000e087800000,0x000000e087900000)]
  0x0000029d9ebcd460 JavaThread "Finalizer" daemon [_thread_blocked, id=9896, stack(0x000000e087900000,0x000000e087a00000)]
  0x0000029d9ec01bf0 JavaThread "Signal Dispatcher" daemon [_thread_blocked, id=18504, stack(0x000000e087a00000,0x000000e087b00000)]
  0x0000029d9ec026b0 JavaThread "Attach Listener" daemon [_thread_blocked, id=6860, stack(0x000000e087b00000,0x000000e087c00000)]
  0x0000029d9ec02f70 JavaThread "Service Thread" daemon [_thread_blocked, id=6800, stack(0x000000e087c00000,0x000000e087d00000)]
  0x0000029d9ec03830 JavaThread "Monitor Deflation Thread" daemon [_thread_blocked, id=18704, stack(0x000000e087d00000,0x000000e087e00000)]
  0x0000029d9ec040f0 JavaThread "C1 CompilerThread0" daemon [_thread_blocked, id=20552, stack(0x000000e087e00000,0x000000e087f00000)]
  0x0000029d9ec0f120 JavaThread "Sweeper thread" daemon [_thread_blocked, id=17176, stack(0x000000e087f00000,0x000000e088000000)]
  0x0000029d9ee2b610 JavaThread "Notification Thread" daemon [_thread_blocked, id=19972, stack(0x000000e088100000,0x000000e088200000)]
  0x0000029d9ee37f20 JavaThread "Common-Cleaner" daemon [_thread_blocked, id=14408, stack(0x000000e088300000,0x000000e088400000)]
  0x0000029da449e500 JavaThread "boundedElastic-evictor-1" daemon [_thread_blocked, id=15884, stack(0x000000e088d00000,0x000000e088e00000)]
  0x0000029da44c7f50 JavaThread "boundedElastic-evictor-2" daemon [_thread_blocked, id=16324, stack(0x000000e089200000,0x000000e089300000)]
  0x0000029da45aa970 JavaThread "pool-10-thread-1" [_thread_blocked, id=19068, stack(0x000000e089300000,0x000000e089400000)]
  0x0000029da4674d70 JavaThread "LanguageServerApp-lifecycle" [_thread_blocked, id=17960, stack(0x000000e089400000,0x000000e089500000)]
  0x0000029d9172e9f0 JavaThread "DestroyJavaVM" [_thread_blocked, id=20508, stack(0x000000e087100000,0x000000e087200000)]
  0x0000029da46b2ee0 JavaThread "pool-11-thread-1" [_thread_in_native, id=13108, stack(0x000000e089500000,0x000000e089600000)]
  0x0000029da46da4b0 JavaThread "Simple-Language-Server main thread" daemon [_thread_blocked, id=18616, stack(0x000000e089600000,0x000000e089700000)]
  0x0000029da46e6500 JavaThread "pool-6-thread-1" [_thread_blocked, id=2992, stack(0x000000e089900000,0x000000e089a00000)]
  0x0000029da476d480 JavaThread "parallel-1" daemon [_thread_blocked, id=15316, stack(0x000000e089a00000,0x000000e089b00000)]
  0x0000029da4770e90 JavaThread "pool-4-thread-1" [_thread_blocked, id=12080, stack(0x000000e089e00000,0x000000e089f00000)]
  0x0000029da476d9a0 JavaThread "parallel-2" daemon [_thread_blocked, id=20180, stack(0x000000e089f00000,0x000000e08a000000)]
  0x0000029da47709c0 JavaThread "parallel-3" daemon [_thread_blocked, id=18696, stack(0x000000e08a000000,0x000000e08a100000)]
  0x0000029da476f680 JavaThread "parallel-4" daemon [_thread_blocked, id=20448, stack(0x000000e08a200000,0x000000e08a300000)]
  0x0000029da4771360 JavaThread "parallel-5" daemon [_thread_blocked, id=20580, stack(0x000000e08a600000,0x000000e08a700000)]
  0x0000029da4e09a50 JavaThread "parallel-6" daemon [_thread_blocked, id=14900, stack(0x000000e088f00000,0x000000e089000000)]
  0x0000029da4e0a3f0 JavaThread "parallel-7" daemon [_thread_blocked, id=20572, stack(0x000000e08a800000,0x000000e08a900000)]
  0x0000029da4e08710 JavaThread "parallel-8" daemon [_thread_blocked, id=18924, stack(0x000000e08a900000,0x000000e08aa00000)]
  0x0000029da4e0a8c0 JavaThread "parallel-9" daemon [_thread_blocked, id=20584, stack(0x000000e08aa00000,0x000000e08ab00000)]
  0x0000029da4e0ad90 JavaThread "Reconciler-1" daemon [_thread_blocked, id=21464, stack(0x000000e08ab00000,0x000000e08ac00000)]
  0x0000029da4e090b0 JavaThread "parallel-10" daemon [_thread_blocked, id=1948, stack(0x000000e089800000,0x000000e089900000)]
  0x0000029da4e0b260 JavaThread "parallel-11" daemon [_thread_blocked, id=16728, stack(0x000000e089b00000,0x000000e089c00000)]
  0x0000029da4e09580 JavaThread "parallel-12" daemon [_thread_blocked, id=13352, stack(0x000000e089c00000,0x000000e089d00000)]

Other Threads:
=>0x0000029d9eba9ad0 VMThread "VM Thread" [stack: 0x000000e087700000,0x000000e087800000] [id=13420]
  0x0000029d938e4150 WatcherThread [stack: 0x000000e088200000,0x000000e088300000] [id=6268]
  0x0000029d938d3ec0 GCTaskThread "GC Thread#0" [stack: 0x000000e087200000,0x000000e087300000] [id=20520]
  0x0000029da3a74620 GCTaskThread "GC Thread#1" [stack: 0x000000e088400000,0x000000e088500000] [id=10884]
  0x0000029da3a748d0 GCTaskThread "GC Thread#2" [stack: 0x000000e088500000,0x000000e088600000] [id=16344]
  0x0000029da3906480 GCTaskThread "GC Thread#3" [stack: 0x000000e088600000,0x000000e088700000] [id=14984]
  0x0000029da3906730 GCTaskThread "GC Thread#4" [stack: 0x000000e088700000,0x000000e088800000] [id=19776]
  0x0000029da3b26060 GCTaskThread "GC Thread#5" [stack: 0x000000e088800000,0x000000e088900000] [id=20536]
  0x0000029da3b26310 GCTaskThread "GC Thread#6" [stack: 0x000000e088900000,0x000000e088a00000] [id=13664]
  0x0000029da39069e0 GCTaskThread "GC Thread#7" [stack: 0x000000e088a00000,0x000000e088b00000] [id=20892]
  0x0000029da3b333b0 GCTaskThread "GC Thread#8" [stack: 0x000000e088b00000,0x000000e088c00000] [id=12472]
  0x0000029da3b328f0 GCTaskThread "GC Thread#9" [stack: 0x000000e088c00000,0x000000e088d00000] [id=1200]
  0x0000029d938dce70 ConcurrentGCThread "G1 Main Marker" [stack: 0x000000e087300000,0x000000e087400000] [id=11744]
  0x0000029d938ddf30 ConcurrentGCThread "G1 Conc#0" [stack: 0x000000e087400000,0x000000e087500000] [id=18556]
  0x0000029da3b33660 ConcurrentGCThread "G1 Conc#1" [stack: 0x000000e089000000,0x000000e089100000] [id=16356]
  0x0000029da3b32640 ConcurrentGCThread "G1 Conc#2" [stack: 0x000000e089100000,0x000000e089200000] [id=8524]
  0x0000029d9394eae0 ConcurrentGCThread "G1 Refine#0" [stack: 0x000000e087500000,0x000000e087600000] [id=8392]
  0x0000029d9ea1d650 ConcurrentGCThread "G1 Service" [stack: 0x000000e087600000,0x000000e087700000] [id=6692]

Threads with active compile tasks:

VM state: at safepoint (normal execution)

VM Mutex/Monitor currently owned by a thread:  ([mutex/lock_event])
[0x0000029d9166b4b0] Threads_lock - owner thread: 0x0000029d9eba9ad0
[0x0000029d93892800] Heap_lock - owner thread: 0x0000029da45aa970

Heap address: 0x00000000c0000000, size: 1024 MB, Compressed Oops mode: 32-bit

CDS archive(s) not mapped
Compressed class space mapped at: 0x0000000100000000-0x0000000140000000, reserved size: 1073741824
Narrow klass base: 0x0000000000000000, Narrow klass shift: 3, Narrow klass range: 0x140000000

GC Precious Log:
 CPUs: 12 total, 12 available
 Memory: 32702M
 Large Page Support: Disabled
 NUMA Support: Disabled
 Compressed Oops: Enabled (32-bit)
 Heap Region Size: 1M
 Heap Min Capacity: 8M
 Heap Initial Capacity: 512M
 Heap Max Capacity: 1G
 Pre-touch: Disabled
 Parallel Workers: 10
 Concurrent Workers: 3
 Concurrent Refinement Workers: 10
 Periodic GC: Disabled

Heap:
 garbage-first heap   total 99328K, used 29065K [0x00000000c0000000, 0x0000000100000000)
  region size 1024K, 1 young (1024K), 0 survivors (0K)
 Metaspace       used 55754K, committed 56320K, reserved 1114112K
  class space    used 7091K, committed 7360K, reserved 1048576K

Heap Regions: E=young(eden), S=young(survivor), O=old, HS=humongous(starts), HC=humongous(continues), CS=collection set, F=free, OA=open archive, CA=closed archive, TAMS=top-at-mark-start (previous, next)
|   0|0x00000000c0000000, 0x00000000c0100000, 0x00000000c0100000|100%|HS|  |TAMS 0x00000000c0100000, 0x00000000c0000000| Untracked 
|   1|0x00000000c0100000, 0x00000000c01fffe8, 0x00000000c0200000| 99%| O|  |TAMS 0x00000000c01fffe8, 0x00000000c0100000| Untracked 
|   2|0x00000000c0200000, 0x00000000c0300000, 0x00000000c0300000|100%| O|  |TAMS 0x00000000c0300000, 0x00000000c0200000| Untracked 
|   3|0x00000000c0300000, 0x00000000c0400000, 0x00000000c0400000|100%| O|  |TAMS 0x00000000c0400000, 0x00000000c0300000| Untracked 
|   4|0x00000000c0400000, 0x00000000c0500000, 0x00000000c0500000|100%| O|  |TAMS 0x00000000c0500000, 0x00000000c0400000| Untracked 
|   5|0x00000000c0500000, 0x00000000c0600000, 0x00000000c0600000|100%| O|  |TAMS 0x00000000c0600000, 0x00000000c0500000| Untracked 
|   6|0x00000000c0600000, 0x00000000c06fffe8, 0x00000000c0700000| 99%| O|  |TAMS 0x00000000c06fffe8, 0x00000000c0600000| Untracked 
|   7|0x00000000c0700000, 0x00000000c0800000, 0x00000000c0800000|100%| O|  |TAMS 0x00000000c0800000, 0x00000000c0700000| Untracked 
|   8|0x00000000c0800000, 0x00000000c0900000, 0x00000000c0900000|100%| O|  |TAMS 0x00000000c0900000, 0x00000000c0800000| Untracked 
|   9|0x00000000c0900000, 0x00000000c0a00000, 0x00000000c0a00000|100%| O|  |TAMS 0x00000000c0a00000, 0x00000000c0900000| Untracked 
|  10|0x00000000c0a00000, 0x00000000c0b00000, 0x00000000c0b00000|100%| O|  |TAMS 0x00000000c0b00000, 0x00000000c0a00000| Untracked 
|  11|0x00000000c0b00000, 0x00000000c0bfffc0, 0x00000000c0c00000| 99%| O|  |TAMS 0x00000000c0bfffc0, 0x00000000c0b00000| Untracked 
|  12|0x00000000c0c00000, 0x00000000c0cfffc0, 0x00000000c0d00000| 99%| O|  |TAMS 0x00000000c0cfffc0, 0x00000000c0c00000| Untracked 
|  13|0x00000000c0d00000, 0x00000000c0dffff8, 0x00000000c0e00000| 99%| O|  |TAMS 0x00000000c0dffff8, 0x00000000c0d00000| Untracked 
|  14|0x00000000c0e00000, 0x00000000c0effad8, 0x00000000c0f00000| 99%| O|  |TAMS 0x00000000c0effad8, 0x00000000c0e00000| Untracked 
|  15|0x00000000c0f00000, 0x00000000c0ffffe8, 0x00000000c1000000| 99%| O|  |TAMS 0x00000000c0ffffe8, 0x00000000c0f00000| Untracked 
|  16|0x00000000c1000000, 0x00000000c10fff40, 0x00000000c1100000| 99%| O|  |TAMS 0x00000000c10fff40, 0x00000000c1000000| Untracked 
|  17|0x00000000c1100000, 0x00000000c11ffff0, 0x00000000c1200000| 99%| O|  |TAMS 0x00000000c11ffff0, 0x00000000c1100000| Untracked 
|  18|0x00000000c1200000, 0x00000000c1300000, 0x00000000c1300000|100%| O|  |TAMS 0x00000000c1300000, 0x00000000c1200000| Untracked 
|  19|0x00000000c1300000, 0x00000000c13ffff8, 0x00000000c1400000| 99%| O|  |TAMS 0x00000000c13ffff8, 0x00000000c1300000| Untracked 
|  20|0x00000000c1400000, 0x00000000c14fffe0, 0x00000000c1500000| 99%| O|  |TAMS 0x00000000c14fffe0, 0x00000000c1400000| Untracked 
|  21|0x00000000c1500000, 0x00000000c15ffff8, 0x00000000c1600000| 99%| O|  |TAMS 0x00000000c15ffff8, 0x00000000c1500000| Untracked 
|  22|0x00000000c1600000, 0x00000000c16fffc0, 0x00000000c1700000| 99%| O|  |TAMS 0x00000000c16fffc0, 0x00000000c1600000| Untracked 
|  23|0x00000000c1700000, 0x00000000c17ffca0, 0x00000000c1800000| 99%| O|  |TAMS 0x00000000c17ffca0, 0x00000000c1700000| Untracked 
|  24|0x00000000c1800000, 0x00000000c18fff80, 0x00000000c1900000| 99%| O|  |TAMS 0x00000000c18fff80, 0x00000000c1800000| Untracked 
|  25|0x00000000c1900000, 0x00000000c19fa598, 0x00000000c1a00000| 97%| O|  |TAMS 0x00000000c19fa598, 0x00000000c1900000| Untracked 
|  26|0x00000000c1a00000, 0x00000000c1a68920, 0x00000000c1b00000| 40%| O|  |TAMS 0x00000000c1a00000, 0x00000000c1a00000| Untracked 
|  27|0x00000000c1b00000, 0x00000000c1b00218, 0x00000000c1c00000|  0%| O|  |TAMS 0x00000000c1b00000, 0x00000000c1b00000| Untracked 
|  28|0x00000000c1c00000, 0x00000000c1c00000, 0x00000000c1d00000|  0%| F|  |TAMS 0x00000000c1c00000, 0x00000000c1c00000| Untracked 
|  29|0x00000000c1d00000, 0x00000000c1d00000, 0x00000000c1e00000|  0%| F|  |TAMS 0x00000000c1d00000, 0x00000000c1d00000| Untracked 
|  30|0x00000000c1e00000, 0x00000000c1e00000, 0x00000000c1f00000|  0%| F|  |TAMS 0x00000000c1e00000, 0x00000000c1e00000| Untracked 
|  31|0x00000000c1f00000, 0x00000000c1f00000, 0x00000000c2000000|  0%| F|  |TAMS 0x00000000c1f00000, 0x00000000c1f00000| Untracked 
|  32|0x00000000c2000000, 0x00000000c2000000, 0x00000000c2100000|  0%| F|  |TAMS 0x00000000c2000000, 0x00000000c2000000| Untracked 
|  33|0x00000000c2100000, 0x00000000c2100000, 0x00000000c2200000|  0%| F|  |TAMS 0x00000000c2100000, 0x00000000c2100000| Untracked 
|  34|0x00000000c2200000, 0x00000000c2200000, 0x00000000c2300000|  0%| F|  |TAMS 0x00000000c2200000, 0x00000000c2200000| Untracked 
|  35|0x00000000c2300000, 0x00000000c2300000, 0x00000000c2400000|  0%| F|  |TAMS 0x00000000c2300000, 0x00000000c2300000| Untracked 
|  36|0x00000000c2400000, 0x00000000c2400000, 0x00000000c2500000|  0%| F|  |TAMS 0x00000000c2400000, 0x00000000c2400000| Untracked 
|  37|0x00000000c2500000, 0x00000000c2500000, 0x00000000c2600000|  0%| F|  |TAMS 0x00000000c2500000, 0x00000000c2500000| Untracked 
|  38|0x00000000c2600000, 0x00000000c2600000, 0x00000000c2700000|  0%| F|  |TAMS 0x00000000c2600000, 0x00000000c2600000| Untracked 
|  39|0x00000000c2700000, 0x00000000c2700000, 0x00000000c2800000|  0%| F|  |TAMS 0x00000000c2700000, 0x00000000c2700000| Untracked 
|  40|0x00000000c2800000, 0x00000000c2800000, 0x00000000c2900000|  0%| F|  |TAMS 0x00000000c2800000, 0x00000000c2800000| Untracked 
|  41|0x00000000c2900000, 0x00000000c2900000, 0x00000000c2a00000|  0%| F|  |TAMS 0x00000000c2900000, 0x00000000c2900000| Untracked 
|  42|0x00000000c2a00000, 0x00000000c2a00000, 0x00000000c2b00000|  0%| F|  |TAMS 0x00000000c2a00000, 0x00000000c2a00000| Untracked 
|  43|0x00000000c2b00000, 0x00000000c2b00000, 0x00000000c2c00000|  0%| F|  |TAMS 0x00000000c2b00000, 0x00000000c2b00000| Untracked 
|  44|0x00000000c2c00000, 0x00000000c2c00000, 0x00000000c2d00000|  0%| F|  |TAMS 0x00000000c2c00000, 0x00000000c2c00000| Untracked 
|  45|0x00000000c2d00000, 0x00000000c2d00000, 0x00000000c2e00000|  0%| F|  |TAMS 0x00000000c2d00000, 0x00000000c2d00000| Untracked 
|  46|0x00000000c2e00000, 0x00000000c2e00000, 0x00000000c2f00000|  0%| F|  |TAMS 0x00000000c2e00000, 0x00000000c2e00000| Untracked 
|  47|0x00000000c2f00000, 0x00000000c2f00000, 0x00000000c3000000|  0%| F|  |TAMS 0x00000000c2f00000, 0x00000000c2f00000| Untracked 
|  48|0x00000000c3000000, 0x00000000c3000000, 0x00000000c3100000|  0%| F|  |TAMS 0x00000000c3000000, 0x00000000c3000000| Untracked 
|  49|0x00000000c3100000, 0x00000000c3100000, 0x00000000c3200000|  0%| F|  |TAMS 0x00000000c3100000, 0x00000000c3100000| Untracked 
|  50|0x00000000c3200000, 0x00000000c3200000, 0x00000000c3300000|  0%| F|  |TAMS 0x00000000c3200000, 0x00000000c3200000| Untracked 
|  51|0x00000000c3300000, 0x00000000c3300000, 0x00000000c3400000|  0%| F|  |TAMS 0x00000000c3300000, 0x00000000c3300000| Untracked 
|  52|0x00000000c3400000, 0x00000000c3400000, 0x00000000c3500000|  0%| F|  |TAMS 0x00000000c3400000, 0x00000000c3400000| Untracked 
|  53|0x00000000c3500000, 0x00000000c3500000, 0x00000000c3600000|  0%| F|  |TAMS 0x00000000c3500000, 0x00000000c3500000| Untracked 
|  54|0x00000000c3600000, 0x00000000c3600000, 0x00000000c3700000|  0%| F|  |TAMS 0x00000000c3600000, 0x00000000c3600000| Untracked 
|  55|0x00000000c3700000, 0x00000000c3700000, 0x00000000c3800000|  0%| F|  |TAMS 0x00000000c3700000, 0x00000000c3700000| Untracked 
|  56|0x00000000c3800000, 0x00000000c3800000, 0x00000000c3900000|  0%| F|  |TAMS 0x00000000c3800000, 0x00000000c3800000| Untracked 
|  57|0x00000000c3900000, 0x00000000c3900000, 0x00000000c3a00000|  0%| F|  |TAMS 0x00000000c3900000, 0x00000000c3900000| Untracked 
|  58|0x00000000c3a00000, 0x00000000c3a00000, 0x00000000c3b00000|  0%| F|  |TAMS 0x00000000c3a00000, 0x00000000c3a00000| Untracked 
|  59|0x00000000c3b00000, 0x00000000c3b00000, 0x00000000c3c00000|  0%| F|  |TAMS 0x00000000c3b00000, 0x00000000c3b00000| Untracked 
|  60|0x00000000c3c00000, 0x00000000c3c00000, 0x00000000c3d00000|  0%| F|  |TAMS 0x00000000c3c00000, 0x00000000c3c00000| Untracked 
|  61|0x00000000c3d00000, 0x00000000c3d00000, 0x00000000c3e00000|  0%| F|  |TAMS 0x00000000c3d00000, 0x00000000c3d00000| Untracked 
|  62|0x00000000c3e00000, 0x00000000c3e00000, 0x00000000c3f00000|  0%| F|  |TAMS 0x00000000c3e00000, 0x00000000c3e00000| Untracked 
|  63|0x00000000c3f00000, 0x00000000c3f00000, 0x00000000c4000000|  0%| F|  |TAMS 0x00000000c3f00000, 0x00000000c3f00000| Untracked 
|  64|0x00000000c4000000, 0x00000000c4000000, 0x00000000c4100000|  0%| F|  |TAMS 0x00000000c4000000, 0x00000000c4000000| Untracked 
|  65|0x00000000c4100000, 0x00000000c4100000, 0x00000000c4200000|  0%| F|  |TAMS 0x00000000c4100000, 0x00000000c4100000| Untracked 
|  66|0x00000000c4200000, 0x00000000c4200000, 0x00000000c4300000|  0%| F|  |TAMS 0x00000000c4200000, 0x00000000c4200000| Untracked 
|  67|0x00000000c4300000, 0x00000000c4300000, 0x00000000c4400000|  0%| F|  |TAMS 0x00000000c4300000, 0x00000000c4300000| Untracked 
|  68|0x00000000c4400000, 0x00000000c4400000, 0x00000000c4500000|  0%| F|  |TAMS 0x00000000c4400000, 0x00000000c4400000| Untracked 
|  69|0x00000000c4500000, 0x00000000c4500000, 0x00000000c4600000|  0%| F|  |TAMS 0x00000000c4500000, 0x00000000c4500000| Untracked 
|  70|0x00000000c4600000, 0x00000000c4600000, 0x00000000c4700000|  0%| F|  |TAMS 0x00000000c4600000, 0x00000000c4600000| Untracked 
|  71|0x00000000c4700000, 0x00000000c4700000, 0x00000000c4800000|  0%| F|  |TAMS 0x00000000c4700000, 0x00000000c4700000| Untracked 
|  72|0x00000000c4800000, 0x00000000c4800000, 0x00000000c4900000|  0%| F|  |TAMS 0x00000000c4800000, 0x00000000c4800000| Untracked 
|  73|0x00000000c4900000, 0x00000000c4900000, 0x00000000c4a00000|  0%| F|  |TAMS 0x00000000c4900000, 0x00000000c4900000| Untracked 
|  74|0x00000000c4a00000, 0x00000000c4a00000, 0x00000000c4b00000|  0%| F|  |TAMS 0x00000000c4a00000, 0x00000000c4a00000| Untracked 
|  75|0x00000000c4b00000, 0x00000000c4b00000, 0x00000000c4c00000|  0%| F|  |TAMS 0x00000000c4b00000, 0x00000000c4b00000| Untracked 
|  76|0x00000000c4c00000, 0x00000000c4c00000, 0x00000000c4d00000|  0%| F|  |TAMS 0x00000000c4c00000, 0x00000000c4c00000| Untracked 
|  77|0x00000000c4d00000, 0x00000000c4d00000, 0x00000000c4e00000|  0%| F|  |TAMS 0x00000000c4d00000, 0x00000000c4d00000| Untracked 
|  78|0x00000000c4e00000, 0x00000000c4e00000, 0x00000000c4f00000|  0%| F|  |TAMS 0x00000000c4e00000, 0x00000000c4e00000| Untracked 
|  79|0x00000000c4f00000, 0x00000000c4f00000, 0x00000000c5000000|  0%| F|  |TAMS 0x00000000c4f00000, 0x00000000c4f00000| Untracked 
|  80|0x00000000c5000000, 0x00000000c5000000, 0x00000000c5100000|  0%| F|  |TAMS 0x00000000c5000000, 0x00000000c5000000| Untracked 
|  81|0x00000000c5100000, 0x00000000c5100000, 0x00000000c5200000|  0%| F|  |TAMS 0x00000000c5100000, 0x00000000c5100000| Untracked 
|  82|0x00000000c5200000, 0x00000000c5300000, 0x00000000c5300000|100%| O|  |TAMS 0x00000000c5300000, 0x00000000c5200000| Untracked 
|  83|0x00000000c5300000, 0x00000000c5400000, 0x00000000c5400000|100%| O|  |TAMS 0x00000000c5400000, 0x00000000c5300000| Untracked 
|  84|0x00000000c5400000, 0x00000000c5400000, 0x00000000c5500000|  0%| F|  |TAMS 0x00000000c5400000, 0x00000000c5400000| Untracked 
|  85|0x00000000c5500000, 0x00000000c5500000, 0x00000000c5600000|  0%| F|  |TAMS 0x00000000c5500000, 0x00000000c5500000| Untracked 
|  86|0x00000000c5600000, 0x00000000c5600000, 0x00000000c5700000|  0%| F|  |TAMS 0x00000000c5600000, 0x00000000c5600000| Untracked 
|  87|0x00000000c5700000, 0x00000000c5700000, 0x00000000c5800000|  0%| F|  |TAMS 0x00000000c5700000, 0x00000000c5700000| Untracked 
|  88|0x00000000c5800000, 0x00000000c5800000, 0x00000000c5900000|  0%| F|  |TAMS 0x00000000c5800000, 0x00000000c5800000| Untracked 
|  89|0x00000000c5900000, 0x00000000c5900000, 0x00000000c5a00000|  0%| F|  |TAMS 0x00000000c5900000, 0x00000000c5900000| Untracked 
|  90|0x00000000c5a00000, 0x00000000c5a00000, 0x00000000c5b00000|  0%| F|  |TAMS 0x00000000c5a00000, 0x00000000c5a00000| Untracked 
|  91|0x00000000c5b00000, 0x00000000c5b00000, 0x00000000c5c00000|  0%| F|  |TAMS 0x00000000c5b00000, 0x00000000c5b00000| Untracked 
|  92|0x00000000c5c00000, 0x00000000c5c00000, 0x00000000c5d00000|  0%| F|  |TAMS 0x00000000c5c00000, 0x00000000c5c00000| Untracked 
|  93|0x00000000c5d00000, 0x00000000c5d00000, 0x00000000c5e00000|  0%| F|  |TAMS 0x00000000c5d00000, 0x00000000c5d00000| Untracked 
|  94|0x00000000c5e00000, 0x00000000c5e00000, 0x00000000c5f00000|  0%| F|  |TAMS 0x00000000c5e00000, 0x00000000c5e00000| Untracked 
|  95|0x00000000c5f00000, 0x00000000c5f00000, 0x00000000c6000000|  0%| F|  |TAMS 0x00000000c5f00000, 0x00000000c5f00000| Untracked 
|  96|0x00000000c6000000, 0x00000000c603c4e0, 0x00000000c6100000| 23%| E|  |TAMS 0x00000000c6000000, 0x00000000c6000000| Complete 

Card table byte_map: [0x0000029d99a50000,0x0000029d99c50000] _byte_map_base: 0x0000029d99450000

Marking Bits (Prev, Next): (CMBitMap*) 0x0000029d938d43e0, (CMBitMap*) 0x0000029d938d4420
 Prev Bits: [0x0000029d99e50000, 0x0000029d9ae50000)
 Next Bits: [0x0000029d9ae50000, 0x0000029d9be50000)

Polling page: 0x0000029d917f0000

Metaspace:

Usage:
  Non-class:     47.52 MB used.
      Class:      6.93 MB used.
       Both:     54.45 MB used.

Virtual space:
  Non-class space:       64.00 MB reserved,      47.81 MB ( 75%) committed,  1 nodes.
      Class space:        1.00 GB reserved,       7.19 MB ( <1%) committed,  1 nodes.
             Both:        1.06 GB reserved,      55.00 MB (  5%) committed. 

Chunk freelists:
   Non-Class:  289.00 KB
       Class:  8.78 MB
        Both:  9.06 MB

MaxMetaspaceSize: unlimited
CompressedClassSpaceSize: 1.00 GB
Initial GC threshold: 21.00 MB
Current GC threshold: 91.69 MB
CDS: off
MetaspaceReclaimPolicy: balanced
 - commit_granule_bytes: 65536.
 - commit_granule_words: 8192.
 - virtual_space_node_default_size: 8388608.
 - enlarge_chunks_in_place: 1.
 - new_chunks_are_fully_committed: 0.
 - uncommit_free_chunks: 1.
 - use_allocation_guard: 0.
 - handle_deallocations: 1.


Internal statistics:

num_allocs_failed_limit: 6.
num_arena_births: 634.
num_arena_deaths: 214.
num_vsnodes_births: 2.
num_vsnodes_deaths: 0.
num_space_committed: 880.
num_space_uncommitted: 0.
num_chunks_returned_to_freelist: 272.
num_chunks_taken_from_freelist: 2379.
num_chunk_merges: 76.
num_chunk_splits: 1593.
num_chunks_enlarged: 1192.
num_inconsistent_stats: 0.

CodeCache: size=49152Kb used=12023Kb max_used=13533Kb free=37128Kb
 bounds [0x0000029d96510000, 0x0000029d972c0000, 0x0000029d99510000]
 total_blobs=7213 nmethods=6564 adapters=576
 compilation: enabled
              stopped_count=0, restarted_count=0
 full_count=0

Compilation events (20 events):
Event: 16266.188 Thread 0x0000029d9ec040f0 6555       1       org.springframework.ide.vscode.boot.app.SpringSymbolIndex$$Lambda$677/0x00000001004ec868::apply (8 bytes)
Event: 16266.188 Thread 0x0000029d9ec040f0 nmethod 6555 0x0000029d970c6c90 code [0x0000029d970c6e20, 0x0000029d970c6f18]
Event: 16266.188 Thread 0x0000029d9ec040f0 6556       1       org.springframework.ide.vscode.boot.app.SpringSymbolIndex::lambda$searchMatchingSymbols$38 (5 bytes)
Event: 16266.188 Thread 0x0000029d9ec040f0 nmethod 6556 0x0000029d970c6990 code [0x0000029d970c6b20, 0x0000029d970c6bd8]
Event: 16266.188 Thread 0x0000029d9ec040f0 6557       1       org.springframework.ide.vscode.boot.app.SpringSymbolIndex$$Lambda$678/0x00000001004ecaa0::test (12 bytes)
Event: 16266.188 Thread 0x0000029d9ec040f0 nmethod 6557 0x0000029d970c6610 code [0x0000029d970c67a0, 0x0000029d970c68c8]
Event: 16266.188 Thread 0x0000029d9ec040f0 6558       1       org.springframework.ide.vscode.boot.app.SpringSymbolIndex::lambda$searchMatchingSymbols$39 (54 bytes)
Event: 16266.189 Thread 0x0000029d9ec040f0 nmethod 6558 0x0000029d970c6010 code [0x0000029d970c61e0, 0x0000029d970c6418]
Event: 16266.189 Thread 0x0000029d9ec040f0 6559       1       org.springframework.ide.vscode.boot.app.SpringSymbolIndex$$Lambda$680/0x00000001004ecf28::test (12 bytes)
Event: 16266.189 Thread 0x0000029d9ec040f0 nmethod 6559 0x0000029d970c5510 code [0x0000029d970c5720, 0x0000029d970c5ca8]
Event: 16266.189 Thread 0x0000029d9ec040f0 6560       1       org.springframework.ide.vscode.boot.app.SpringSymbolIndex::lambda$searchMatchingSymbols$40 (9 bytes)
Event: 16266.189 Thread 0x0000029d9ec040f0 nmethod 6560 0x0000029d970c4a90 code [0x0000029d970c4ca0, 0x0000029d970c51c8]
Event: 176621.815 Thread 0x0000029d9ec040f0 6561       1       org.slf4j.helpers.MessageFormatter::isEscapedDelimeter (24 bytes)
Event: 176621.885 Thread 0x0000029d9ec040f0 nmethod 6561 0x0000029d970c4510 code [0x0000029d970c46c0, 0x0000029d970c4918]
Event: 176621.888 Thread 0x0000029d9ec040f0 6562       1       org.slf4j.helpers.MessageFormatter::deeplyAppendParameter (184 bytes)
Event: 176622.083 Thread 0x0000029d9ec040f0 nmethod 6562 0x0000029d970c3790 code [0x0000029d970c3a40, 0x0000029d970c4218]
Event: 176632.078 Thread 0x0000029d9ec040f0 6564       1       sun.nio.cs.StringUTF16::getChar (23 bytes)
Event: 176632.079 Thread 0x0000029d9ec040f0 nmethod 6564 0x0000029d970c3490 code [0x0000029d970c3620, 0x0000029d970c36f8]
Event: 176632.079 Thread 0x0000029d9ec040f0 6565       1       sun.nio.cs.DoubleByte$Encoder::encodeChar (21 bytes)
Event: 176632.079 Thread 0x0000029d9ec040f0 nmethod 6565 0x0000029d970c3090 code [0x0000029d970c3220, 0x0000029d970c3358]

GC Heap History (20 events):
Event: 176530.440 GC heap before
{Heap before GC invocations=12268 (full 12248):
 garbage-first heap   total 99328K, used 29065K [0x00000000c0000000, 0x0000000100000000)
  region size 1024K, 1 young (1024K), 0 survivors (0K)
 Metaspace       used 55731K, committed 56320K, reserved 1114112K
  class space    used 7088K, committed 7360K, reserved 1048576K
}
Event: 176530.465 GC heap after
{Heap after GC invocations=12269 (full 12249):
 garbage-first heap   total 99328K, used 29065K [0x00000000c0000000, 0x0000000100000000)
  region size 1024K, 0 young (0K), 0 survivors (0K)
 Metaspace       used 55731K, committed 56320K, reserved 1114112K
  class space    used 7088K, committed 7360K, reserved 1048576K
}
Event: 176540.570 GC heap before
{Heap before GC invocations=12269 (full 12249):
 garbage-first heap   total 99328K, used 29065K [0x00000000c0000000, 0x0000000100000000)
  region size 1024K, 1 young (1024K), 0 survivors (0K)
 Metaspace       used 55731K, committed 56320K, reserved 1114112K
  class space    used 7088K, committed 7360K, reserved 1048576K
}
Event: 176540.603 GC heap after
{Heap after GC invocations=12270 (full 12250):
 garbage-first heap   total 99328K, used 29065K [0x00000000c0000000, 0x0000000100000000)
  region size 1024K, 0 young (0K), 0 survivors (0K)
 Metaspace       used 55731K, committed 56320K, reserved 1114112K
  class space    used 7088K, committed 7360K, reserved 1048576K
}
Event: 176550.759 GC heap before
{Heap before GC invocations=12270 (full 12250):
 garbage-first heap   total 99328K, used 29065K [0x00000000c0000000, 0x0000000100000000)
  region size 1024K, 1 young (1024K), 0 survivors (0K)
 Metaspace       used 55731K, committed 56320K, reserved 1114112K
  class space    used 7088K, committed 7360K, reserved 1048576K
}
Event: 176550.786 GC heap after
{Heap after GC invocations=12271 (full 12251):
 garbage-first heap   total 99328K, used 29065K [0x00000000c0000000, 0x0000000100000000)
  region size 1024K, 0 young (0K), 0 survivors (0K)
 Metaspace       used 55731K, committed 56320K, reserved 1114112K
  class space    used 7088K, committed 7360K, reserved 1048576K
}
Event: 176560.933 GC heap before
{Heap before GC invocations=12271 (full 12251):
 garbage-first heap   total 99328K, used 29065K [0x00000000c0000000, 0x0000000100000000)
  region size 1024K, 1 young (1024K), 0 survivors (0K)
 Metaspace       used 55731K, committed 56320K, reserved 1114112K
  class space    used 7088K, committed 7360K, reserved 1048576K
}
Event: 176560.959 GC heap after
{Heap after GC invocations=12272 (full 12252):
 garbage-first heap   total 99328K, used 29065K [0x00000000c0000000, 0x0000000100000000)
  region size 1024K, 0 young (0K), 0 survivors (0K)
 Metaspace       used 55731K, committed 56320K, reserved 1114112K
  class space    used 7088K, committed 7360K, reserved 1048576K
}
Event: 176571.089 GC heap before
{Heap before GC invocations=12272 (full 12252):
 garbage-first heap   total 99328K, used 29065K [0x00000000c0000000, 0x0000000100000000)
  region size 1024K, 1 young (1024K), 0 survivors (0K)
 Metaspace       used 55731K, committed 56320K, reserved 1114112K
  class space    used 7088K, committed 7360K, reserved 1048576K
}
Event: 176571.113 GC heap after
{Heap after GC invocations=12273 (full 12253):
 garbage-first heap   total 99328K, used 29065K [0x00000000c0000000, 0x0000000100000000)
  region size 1024K, 0 young (0K), 0 survivors (0K)
 Metaspace       used 55731K, committed 56320K, reserved 1114112K
  class space    used 7088K, committed 7360K, reserved 1048576K
}
Event: 176581.229 GC heap before
{Heap before GC invocations=12273 (full 12253):
 garbage-first heap   total 99328K, used 29065K [0x00000000c0000000, 0x0000000100000000)
  region size 1024K, 1 young (1024K), 0 survivors (0K)
 Metaspace       used 55731K, committed 56320K, reserved 1114112K
  class space    used 7088K, committed 7360K, reserved 1048576K
}
Event: 176581.256 GC heap after
{Heap after GC invocations=12274 (full 12254):
 garbage-first heap   total 99328K, used 29065K [0x00000000c0000000, 0x0000000100000000)
  region size 1024K, 0 young (0K), 0 survivors (0K)
 Metaspace       used 55731K, committed 56320K, reserved 1114112K
  class space    used 7088K, committed 7360K, reserved 1048576K
}
Event: 176591.392 GC heap before
{Heap before GC invocations=12274 (full 12254):
 garbage-first heap   total 99328K, used 29065K [0x00000000c0000000, 0x0000000100000000)
  region size 1024K, 1 young (1024K), 0 survivors (0K)
 Metaspace       used 55731K, committed 56320K, reserved 1114112K
  class space    used 7088K, committed 7360K, reserved 1048576K
}
Event: 176591.419 GC heap after
{Heap after GC invocations=12275 (full 12255):
 garbage-first heap   total 99328K, used 29065K [0x00000000c0000000, 0x0000000100000000)
  region size 1024K, 0 young (0K), 0 survivors (0K)
 Metaspace       used 55731K, committed 56320K, reserved 1114112K
  class space    used 7088K, committed 7360K, reserved 1048576K
}
Event: 176601.528 GC heap before
{Heap before GC invocations=12275 (full 12255):
 garbage-first heap   total 99328K, used 29065K [0x00000000c0000000, 0x0000000100000000)
  region size 1024K, 1 young (1024K), 0 survivors (0K)
 Metaspace       used 55731K, committed 56320K, reserved 1114112K
  class space    used 7088K, committed 7360K, reserved 1048576K
}
Event: 176601.556 GC heap after
{Heap after GC invocations=12276 (full 12256):
 garbage-first heap   total 99328K, used 29065K [0x00000000c0000000, 0x0000000100000000)
  region size 1024K, 0 young (0K), 0 survivors (0K)
 Metaspace       used 55731K, committed 56320K, reserved 1114112K
  class space    used 7088K, committed 7360K, reserved 1048576K
}
Event: 176611.706 GC heap before
{Heap before GC invocations=12276 (full 12256):
 garbage-first heap   total 99328K, used 29065K [0x00000000c0000000, 0x0000000100000000)
  region size 1024K, 1 young (1024K), 0 survivors (0K)
 Metaspace       used 55731K, committed 56320K, reserved 1114112K
  class space    used 7088K, committed 7360K, reserved 1048576K
}
Event: 176611.734 GC heap after
{Heap after GC invocations=12277 (full 12257):
 garbage-first heap   total 99328K, used 29065K [0x00000000c0000000, 0x0000000100000000)
  region size 1024K, 0 young (0K), 0 survivors (0K)
 Metaspace       used 55731K, committed 56320K, reserved 1114112K
  class space    used 7088K, committed 7360K, reserved 1048576K
}
Event: 176621.842 GC heap before
{Heap before GC invocations=12277 (full 12257):
 garbage-first heap   total 99328K, used 29065K [0x00000000c0000000, 0x0000000100000000)
  region size 1024K, 1 young (1024K), 0 survivors (0K)
 Metaspace       used 55731K, committed 56320K, reserved 1114112K
  class space    used 7088K, committed 7360K, reserved 1048576K
}
Event: 176621.872 GC heap after
{Heap after GC invocations=12278 (full 12258):
 garbage-first heap   total 99328K, used 29065K [0x00000000c0000000, 0x0000000100000000)
  region size 1024K, 0 young (0K), 0 survivors (0K)
 Metaspace       used 55731K, committed 56320K, reserved 1114112K
  class space    used 7088K, committed 7360K, reserved 1048576K
}

Dll operation events (8 events):
Event: 0.010 Loaded shared library c:\Users\ohkub\.vscode\extensions\redhat.java-1.20.0-win32-x64\jre\17.0.7-win32-x86_64\bin\java.dll
Event: 0.400 Loaded shared library C:\Users\ohkub\.vscode\extensions\redhat.java-1.20.0-win32-x64\jre\17.0.7-win32-x86_64\bin\net.dll
Event: 0.403 Loaded shared library C:\Users\ohkub\.vscode\extensions\redhat.java-1.20.0-win32-x64\jre\17.0.7-win32-x86_64\bin\nio.dll
Event: 0.411 Loaded shared library C:\Users\ohkub\.vscode\extensions\redhat.java-1.20.0-win32-x64\jre\17.0.7-win32-x86_64\bin\zip.dll
Event: 0.639 Loaded shared library C:\Users\ohkub\.vscode\extensions\redhat.java-1.20.0-win32-x64\jre\17.0.7-win32-x86_64\bin\jimage.dll
Event: 3.302 Loaded shared library C:\Users\ohkub\.vscode\extensions\redhat.java-1.20.0-win32-x64\jre\17.0.7-win32-x86_64\bin\management.dll
Event: 3.305 Loaded shared library C:\Users\ohkub\.vscode\extensions\redhat.java-1.20.0-win32-x64\jre\17.0.7-win32-x86_64\bin\management_ext.dll
Event: 4.260 Loaded shared library C:\Users\ohkub\.vscode\extensions\redhat.java-1.20.0-win32-x64\jre\17.0.7-win32-x86_64\bin\sunmscapi.dll

Deoptimization events (20 events):
Event: 2.043 Thread 0x0000029d9172e9f0 DEOPT PACKING pc=0x0000029d96b0dd19 sp=0x000000e0871fd300
Event: 2.043 Thread 0x0000029d9172e9f0 DEOPT UNPACKING pc=0x0000029d96567143 sp=0x000000e0871fc7e0 mode 3
Event: 2.704 Thread 0x0000029d9172e9f0 DEOPT PACKING pc=0x0000029d96c17b1d sp=0x000000e0871fa6a0
Event: 2.704 Thread 0x0000029d9172e9f0 DEOPT UNPACKING pc=0x0000029d96567143 sp=0x000000e0871f9bb8 mode 3
Event: 3.487 Thread 0x0000029da46da4b0 DEOPT PACKING pc=0x0000029d96d06535 sp=0x000000e0896fd1f0
Event: 3.488 Thread 0x0000029da46da4b0 DEOPT UNPACKING pc=0x0000029d96567143 sp=0x000000e0896fc708 mode 3
Event: 3.608 Thread 0x0000029da46b2ee0 DEOPT PACKING pc=0x0000029d96aaff01 sp=0x000000e0895fde00
Event: 3.608 Thread 0x0000029da46b2ee0 DEOPT UNPACKING pc=0x0000029d96567143 sp=0x000000e0895fd290 mode 3
Event: 3.626 Thread 0x0000029da46da4b0 DEOPT PACKING pc=0x0000029d96a8aa97 sp=0x000000e0896fee60
Event: 3.626 Thread 0x0000029da46da4b0 DEOPT UNPACKING pc=0x0000029d96567143 sp=0x000000e0896fe2b8 mode 3
Event: 4.253 Thread 0x0000029da476fb50 DEOPT PACKING pc=0x0000029d966fbf8c sp=0x000000e089cfea90
Event: 4.253 Thread 0x0000029da476fb50 DEOPT UNPACKING pc=0x0000029d96567143 sp=0x000000e089cfdf58 mode 0
Event: 4.645 Thread 0x0000029da4770e90 DEOPT PACKING pc=0x0000029d96eedbee sp=0x000000e089efe140
Event: 4.645 Thread 0x0000029da4770e90 DEOPT UNPACKING pc=0x0000029d96567143 sp=0x000000e089efd638 mode 3
Event: 40.241 Thread 0x0000029da4e0ad90 DEOPT PACKING pc=0x0000029d96a62efd sp=0x000000e08abfd5f0
Event: 40.241 Thread 0x0000029da4e0ad90 DEOPT UNPACKING pc=0x0000029d96567143 sp=0x000000e08abfcb58 mode 3
Event: 116.110 Thread 0x0000029da46b2ee0 DEOPT PACKING pc=0x0000029d96b862d4 sp=0x000000e0895ff2c0
Event: 116.110 Thread 0x0000029da46b2ee0 DEOPT UNPACKING pc=0x0000029d96567143 sp=0x000000e0895fe748 mode 0
Event: 3027.936 Thread 0x0000029da4e0b730 DEOPT PACKING pc=0x0000029d97014fb6 sp=0x000000e086efcd80
Event: 3027.936 Thread 0x0000029da4e0b730 DEOPT UNPACKING pc=0x0000029d96567143 sp=0x000000e086efc278 mode 3

Classes unloaded (20 events):
Event: 103.623 Thread 0x0000029d9eba9ad0 Unloading class 0x000000010008b800 'java/lang/invoke/LambdaForm$MH+0x000000010008b800'
Event: 103.623 Thread 0x0000029d9eba9ad0 Unloading class 0x000000010008b400 'java/lang/invoke/LambdaForm$MH+0x000000010008b400'
Event: 103.623 Thread 0x0000029d9eba9ad0 Unloading class 0x000000010008b000 'java/lang/invoke/LambdaForm$MH+0x000000010008b000'
Event: 103.623 Thread 0x0000029d9eba9ad0 Unloading class 0x000000010008ac00 'java/lang/invoke/LambdaForm$MH+0x000000010008ac00'
Event: 103.623 Thread 0x0000029d9eba9ad0 Unloading class 0x000000010008a800 'java/lang/invoke/LambdaForm$MH+0x000000010008a800'
Event: 103.623 Thread 0x0000029d9eba9ad0 Unloading class 0x000000010008a400 'java/lang/invoke/LambdaForm$MH+0x000000010008a400'
Event: 103.623 Thread 0x0000029d9eba9ad0 Unloading class 0x0000000100089c00 'java/lang/invoke/LambdaForm$MH+0x0000000100089c00'
Event: 103.623 Thread 0x0000029d9eba9ad0 Unloading class 0x0000000100089400 'java/lang/invoke/LambdaForm$MH+0x0000000100089400'
Event: 103.623 Thread 0x0000029d9eba9ad0 Unloading class 0x0000000100088c00 'java/lang/invoke/LambdaForm$MH+0x0000000100088c00'
Event: 103.623 Thread 0x0000029d9eba9ad0 Unloading class 0x0000000100088400 'java/lang/invoke/LambdaForm$MH+0x0000000100088400'
Event: 3101.691 Thread 0x0000029d9eba9ad0 Unloading class 0x00000001005d4800 'java/lang/invoke/LambdaForm$MH+0x00000001005d4800'
Event: 3101.691 Thread 0x0000029d9eba9ad0 Unloading class 0x00000001005d5000 'java/lang/invoke/LambdaForm$MH+0x00000001005d5000'
Event: 3101.691 Thread 0x0000029d9eba9ad0 Unloading class 0x000000010071ac00 'java/lang/invoke/LambdaForm$MH+0x000000010071ac00'
Event: 3111.823 Thread 0x0000029d9eba9ad0 Unloading class 0x0000000100399c00 'jdk/internal/reflect/GeneratedConstructorAccessor51'
Event: 3111.823 Thread 0x0000029d9eba9ad0 Unloading class 0x000000010039ac00 'jdk/internal/reflect/GeneratedConstructorAccessor50'
Event: 3111.823 Thread 0x0000029d9eba9ad0 Unloading class 0x00000001003a1800 'jdk/internal/reflect/GeneratedConstructorAccessor48'
Event: 3111.823 Thread 0x0000029d9eba9ad0 Unloading class 0x00000001003a8800 'jdk/internal/reflect/GeneratedConstructorAccessor47'
Event: 3111.823 Thread 0x0000029d9eba9ad0 Unloading class 0x00000001003bc000 'jdk/internal/reflect/GeneratedConstructorAccessor46'
Event: 3111.823 Thread 0x0000029d9eba9ad0 Unloading class 0x00000001003bc800 'jdk/internal/reflect/GeneratedConstructorAccessor45'
Event: 3111.823 Thread 0x0000029d9eba9ad0 Unloading class 0x0000000100420400 'jdk/internal/reflect/GeneratedMethodAccessor13'

Classes redefined (0 events):
No events

Internal exceptions (20 events):
Event: 3031.853 Thread 0x0000029da4e0ad90 Exception <a 'sun/nio/fs/WindowsException'{0x00000000c5dbdf78}> (0x00000000c5dbdf78) 
thrown [s\src\hotspot\share\prims\jni.cpp, line 516]
Event: 3031.853 Thread 0x0000029da4e0ad90 Exception <a 'sun/nio/fs/WindowsException'{0x00000000c5dbe2a8}> (0x00000000c5dbe2a8) 
thrown [s\src\hotspot\share\prims\jni.cpp, line 516]
Event: 3031.853 Thread 0x0000029da4e0ad90 Exception <a 'sun/nio/fs/WindowsException'{0x00000000c5dbf248}> (0x00000000c5dbf248) 
thrown [s\src\hotspot\share\prims\jni.cpp, line 516]
Event: 3031.853 Thread 0x0000029da4e0ad90 Exception <a 'sun/nio/fs/WindowsException'{0x00000000c5dbf5c0}> (0x00000000c5dbf5c0) 
thrown [s\src\hotspot\share\prims\jni.cpp, line 516]
Event: 3031.853 Thread 0x0000029da4e0ad90 Exception <a 'sun/nio/fs/WindowsException'{0x00000000c5dc02c8}> (0x00000000c5dc02c8) 
thrown [s\src\hotspot\share\prims\jni.cpp, line 516]
Event: 3031.853 Thread 0x0000029da4e0ad90 Exception <a 'sun/nio/fs/WindowsException'{0x00000000c5dc09e0}> (0x00000000c5dc09e0) 
thrown [s\src\hotspot\share\prims\jni.cpp, line 516]
Event: 3031.853 Thread 0x0000029da4e0ad90 Exception <a 'sun/nio/fs/WindowsException'{0x00000000c5dc0d10}> (0x00000000c5dc0d10) 
thrown [s\src\hotspot\share\prims\jni.cpp, line 516]
Event: 3031.853 Thread 0x0000029da4e0ad90 Exception <a 'sun/nio/fs/WindowsException'{0x00000000c5dc1cb0}> (0x00000000c5dc1cb0) 
thrown [s\src\hotspot\share\prims\jni.cpp, line 516]
Event: 3031.853 Thread 0x0000029da4e0ad90 Exception <a 'sun/nio/fs/WindowsException'{0x00000000c5dc2028}> (0x00000000c5dc2028) 
thrown [s\src\hotspot\share\prims\jni.cpp, line 516]
Event: 3031.914 Thread 0x0000029da4e0ad90 Exception <a 'sun/nio/fs/WindowsException'{0x00000000c5664db8}> (0x00000000c5664db8) 
thrown [s\src\hotspot\share\prims\jni.cpp, line 516]
Event: 3031.914 Thread 0x0000029da4e0ad90 Exception <a 'sun/nio/fs/WindowsException'{0x00000000c5665470}> (0x00000000c5665470) 
thrown [s\src\hotspot\share\prims\jni.cpp, line 516]
Event: 3031.914 Thread 0x0000029da4e0ad90 Exception <a 'sun/nio/fs/WindowsException'{0x00000000c5665788}> (0x00000000c5665788) 
thrown [s\src\hotspot\share\prims\jni.cpp, line 516]
Event: 3031.914 Thread 0x0000029da4e0ad90 Exception <a 'sun/nio/fs/WindowsException'{0x00000000c56666f8}> (0x00000000c56666f8) 
thrown [s\src\hotspot\share\prims\jni.cpp, line 516]
Event: 3031.914 Thread 0x0000029da4e0ad90 Exception <a 'sun/nio/fs/WindowsException'{0x00000000c5666a50}> (0x00000000c5666a50) 
thrown [s\src\hotspot\share\prims\jni.cpp, line 516]
Event: 3031.915 Thread 0x0000029da4e0ad90 Exception <a 'sun/nio/fs/WindowsException'{0x00000000c5667758}> (0x00000000c5667758) 
thrown [s\src\hotspot\share\prims\jni.cpp, line 516]
Event: 3031.915 Thread 0x0000029da4e0ad90 Exception <a 'sun/nio/fs/WindowsException'{0x00000000c5667e70}> (0x00000000c5667e70) 
thrown [s\src\hotspot\share\prims\jni.cpp, line 516]
Event: 3031.915 Thread 0x0000029da4e0ad90 Exception <a 'sun/nio/fs/WindowsException'{0x00000000c56681a0}> (0x00000000c56681a0) 
thrown [s\src\hotspot\share\prims\jni.cpp, line 516]
Event: 3031.915 Thread 0x0000029da4e0ad90 Exception <a 'sun/nio/fs/WindowsException'{0x00000000c5669140}> (0x00000000c5669140) 
thrown [s\src\hotspot\share\prims\jni.cpp, line 516]
Event: 3031.915 Thread 0x0000029da4e0ad90 Exception <a 'sun/nio/fs/WindowsException'{0x00000000c56694b8}> (0x00000000c56694b8) 
thrown [s\src\hotspot\share\prims\jni.cpp, line 516]
Event: 176631.897 Thread 0x0000029da45aa970 Exception <a 'java/io/IOException'{0x00000000c6000648}: CreateProcess error=1455, ページング ファイルが小さすぎるため、この操作を完了できません。> (0x00000000c6000648) 
thrown [s\src\hotspot\share\prims\jni.cpp, line 535]

VM Operations (20 events):
Event: 176540.603 Executing VM operation: G1CollectFull done
Event: 176550.758 Executing VM operation: G1CollectFull
Event: 176550.786 Executing VM operation: G1CollectFull done
Event: 176560.932 Executing VM operation: G1CollectFull
Event: 176560.959 Executing VM operation: G1CollectFull done
Event: 176571.089 Executing VM operation: G1CollectFull
Event: 176571.113 Executing VM operation: G1CollectFull done
Event: 176581.228 Executing VM operation: G1CollectFull
Event: 176581.256 Executing VM operation: G1CollectFull done
Event: 176591.391 Executing VM operation: G1CollectFull
Event: 176591.419 Executing VM operation: G1CollectFull done
Event: 176601.528 Executing VM operation: G1CollectFull
Event: 176601.556 Executing VM operation: G1CollectFull done
Event: 176611.706 Executing VM operation: G1CollectFull
Event: 176611.734 Executing VM operation: G1CollectFull done
Event: 176621.837 Executing VM operation: G1CollectFull
Event: 176621.873 Executing VM operation: G1CollectFull done
Event: 176631.968 Executing VM operation: Cleanup
Event: 176632.045 Executing VM operation: Cleanup done
Event: 176642.129 Executing VM operation: G1CollectFull

Events (20 events):
Event: 3031.334 Thread 0x0000029da37ded50 Thread added: 0x0000029da37ded50
Event: 3036.922 Thread 0x0000029da37ded50 Thread exited: 0x0000029da37ded50
Event: 3043.257 Thread 0x0000029da4e07d70 Thread exited: 0x0000029da4e07d70
Event: 3043.646 Thread 0x0000029da37de840 Thread exited: 0x0000029da37de840
Event: 3048.658 Thread 0x0000029da3917880 Thread exited: 0x0000029da3917880
Event: 3098.859 Thread 0x0000029da4e09f20 Thread exited: 0x0000029da4e09f20
Event: 3103.522 Thread 0x0000029da4e0b730 Thread exited: 0x0000029da4e0b730
Event: 3119.566 Thread 0x0000029da4e08be0 Thread exited: 0x0000029da4e08be0
Event: 3154.588 Thread 0x0000029da4e09f20 Thread added: 0x0000029da4e09f20
Event: 3231.745 Thread 0x0000029da4e09f20 Thread exited: 0x0000029da4e09f20
Event: 16217.975 Thread 0x0000029da4e07d70 Thread added: 0x0000029da4e07d70
Event: 16217.976 Thread 0x0000029da4e08240 Thread added: 0x0000029da4e08240
Event: 16218.405 Thread 0x0000029da36f8290 Thread added: 0x0000029da36f8290
Event: 16219.085 Thread 0x0000029da36f8290 Thread exited: 0x0000029da36f8290
Event: 16242.665 Thread 0x0000029da4e09f20 Thread added: 0x0000029da4e09f20
Event: 16280.792 Thread 0x0000029da4e07d70 Thread exited: 0x0000029da4e07d70
Event: 16280.917 Thread 0x0000029da4e08240 Thread exited: 0x0000029da4e08240
Event: 16326.198 Thread 0x0000029da4e09f20 Thread exited: 0x0000029da4e09f20
Event: 176632.074 loading class sun/nio/cs/StringUTF16
Event: 176632.078 loading class sun/nio/cs/StringUTF16 done


Dynamic libraries:
0x00007ff796480000 - 0x00007ff79648e000 	c:\Users\ohkub\.vscode\extensions\redhat.java-1.20.0-win32-x64\jre\17.0.7-win32-x86_64\bin\java.exe
0x00007ff8ef950000 - 0x00007ff8efb64000 	C:\WINDOWS\SYSTEM32\ntdll.dll
0x00007ff8edd40000 - 0x00007ff8ede02000 	C:\WINDOWS\System32\KERNEL32.DLL
0x00007ff8ed1f0000 - 0x00007ff8ed593000 	C:\WINDOWS\System32\KERNELBASE.dll
0x00007ff8ed5a0000 - 0x00007ff8ed6b1000 	C:\WINDOWS\System32\ucrtbase.dll
0x00007ff8e0830000 - 0x00007ff8e0847000 	c:\Users\ohkub\.vscode\extensions\redhat.java-1.20.0-win32-x64\jre\17.0.7-win32-x86_64\bin\jli.dll
0x00007ff8edb50000 - 0x00007ff8edcfa000 	C:\WINDOWS\System32\USER32.dll
0x00007ff8ed060000 - 0x00007ff8ed086000 	C:\WINDOWS\System32\win32u.dll
0x00007ff8ef120000 - 0x00007ff8ef149000 	C:\WINDOWS\System32\GDI32.dll
0x00007ff8ecec0000 - 0x00007ff8ecfd9000 	C:\WINDOWS\System32\gdi32full.dll
0x00007ff8ed090000 - 0x00007ff8ed12a000 	C:\WINDOWS\System32\msvcp_win.dll
0x00007ff8c8bc0000 - 0x00007ff8c8e4e000 	C:\WINDOWS\WinSxS\amd64_microsoft.windows.common-controls_6595b64144ccf1df_6.0.22621.1635_none_270f70857386168e\COMCTL32.dll
0x00007ff8ef780000 - 0x00007ff8ef827000 	C:\WINDOWS\System32\msvcrt.dll
0x00007ff8d0cc0000 - 0x00007ff8d0cd9000 	c:\Users\ohkub\.vscode\extensions\redhat.java-1.20.0-win32-x64\jre\17.0.7-win32-x86_64\bin\VCRUNTIME140.dll
0x00007ff8edd00000 - 0x00007ff8edd31000 	C:\WINDOWS\System32\IMM32.DLL
0x00007ff8e7020000 - 0x00007ff8e702c000 	c:\Users\ohkub\.vscode\extensions\redhat.java-1.20.0-win32-x64\jre\17.0.7-win32-x86_64\bin\vcruntime140_1.dll
0x00007ff8c60e0000 - 0x00007ff8c6171000 	c:\Users\ohkub\.vscode\extensions\redhat.java-1.20.0-win32-x64\jre\17.0.7-win32-x86_64\bin\msvcp140.dll
0x00007ff86be20000 - 0x00007ff86ca68000 	c:\Users\ohkub\.vscode\extensions\redhat.java-1.20.0-win32-x64\jre\17.0.7-win32-x86_64\bin\server\jvm.dll
0x00007ff8ef5c0000 - 0x00007ff8ef66e000 	C:\WINDOWS\System32\ADVAPI32.dll
0x00007ff8ee580000 - 0x00007ff8ee624000 	C:\WINDOWS\System32\sechost.dll
0x00007ff8ed820000 - 0x00007ff8ed937000 	C:\WINDOWS\System32\RPCRT4.dll
0x00007ff8e0890000 - 0x00007ff8e0899000 	C:\WINDOWS\SYSTEM32\WSOCK32.dll
0x00007ff8e5ec0000 - 0x00007ff8e5ef4000 	C:\WINDOWS\SYSTEM32\WINMM.dll
0x00007ff8e7840000 - 0x00007ff8e784a000 	C:\WINDOWS\SYSTEM32\VERSION.dll
0x00007ff8ef890000 - 0x00007ff8ef901000 	C:\WINDOWS\System32\WS2_32.dll
0x00007ff8ebe00000 - 0x00007ff8ebe18000 	C:\WINDOWS\SYSTEM32\kernel.appcore.dll
0x00007ff8d4be0000 - 0x00007ff8d4bea000 	c:\Users\ohkub\.vscode\extensions\redhat.java-1.20.0-win32-x64\jre\17.0.7-win32-x86_64\bin\jimage.dll
0x00007ff8ea7f0000 - 0x00007ff8eaa1e000 	C:\WINDOWS\SYSTEM32\DBGHELP.DLL
0x00007ff8ef150000 - 0x00007ff8ef4d9000 	C:\WINDOWS\System32\combase.dll
0x00007ff8ed970000 - 0x00007ff8eda47000 	C:\WINDOWS\System32\OLEAUT32.dll
0x00007ff8e5350000 - 0x00007ff8e5382000 	C:\WINDOWS\SYSTEM32\dbgcore.DLL
0x00007ff8ecfe0000 - 0x00007ff8ed05a000 	C:\WINDOWS\System32\bcryptPrimitives.dll
0x00007ff8d07a0000 - 0x00007ff8d07c5000 	c:\Users\ohkub\.vscode\extensions\redhat.java-1.20.0-win32-x64\jre\17.0.7-win32-x86_64\bin\java.dll
0x00007ff8d0ca0000 - 0x00007ff8d0cb8000 	c:\Users\ohkub\.vscode\extensions\redhat.java-1.20.0-win32-x64\jre\17.0.7-win32-x86_64\bin\zip.dll
0x00007ff8ee630000 - 0x00007ff8eee29000 	C:\WINDOWS\System32\SHELL32.dll
0x00007ff8ead40000 - 0x00007ff8eb60e000 	C:\WINDOWS\SYSTEM32\windows.storage.dll
0x00007ff8eac00000 - 0x00007ff8ead3e000 	C:\WINDOWS\SYSTEM32\wintypes.dll
0x00007ff8eda50000 - 0x00007ff8edb41000 	C:\WINDOWS\System32\SHCORE.dll
0x00007ff8ef4e0000 - 0x00007ff8ef53e000 	C:\WINDOWS\System32\shlwapi.dll
0x00007ff8ecc80000 - 0x00007ff8ecca6000 	C:\WINDOWS\SYSTEM32\profapi.dll
0x00007ff8d04a0000 - 0x00007ff8d04b9000 	C:\Users\ohkub\.vscode\extensions\redhat.java-1.20.0-win32-x64\jre\17.0.7-win32-x86_64\bin\net.dll
0x00007ff8e5fd0000 - 0x00007ff8e6107000 	C:\WINDOWS\SYSTEM32\WINHTTP.dll
0x00007ff8ec300000 - 0x00007ff8ec369000 	C:\WINDOWS\system32\mswsock.dll
0x00007ff8d0390000 - 0x00007ff8d03a5000 	C:\Users\ohkub\.vscode\extensions\redhat.java-1.20.0-win32-x64\jre\17.0.7-win32-x86_64\bin\nio.dll
0x00007ff8ec570000 - 0x00007ff8ec58b000 	C:\WINDOWS\SYSTEM32\CRYPTSP.dll
0x00007ff8ebd70000 - 0x00007ff8ebda5000 	C:\WINDOWS\system32\rsaenh.dll
0x00007ff8ec400000 - 0x00007ff8ec42c000 	C:\WINDOWS\SYSTEM32\USERENV.dll
0x00007ff8ec720000 - 0x00007ff8ec748000 	C:\WINDOWS\SYSTEM32\bcrypt.dll
0x00007ff8ec560000 - 0x00007ff8ec56c000 	C:\WINDOWS\SYSTEM32\CRYPTBASE.dll
0x00007ff8eb8b0000 - 0x00007ff8eb8dd000 	C:\WINDOWS\SYSTEM32\IPHLPAPI.DLL
0x00007ff8edfb0000 - 0x00007ff8edfb9000 	C:\WINDOWS\System32\NSI.dll
0x00007ff8e5ae0000 - 0x00007ff8e5af9000 	C:\WINDOWS\SYSTEM32\dhcpcsvc6.DLL
0x00007ff8e5920000 - 0x00007ff8e593f000 	C:\WINDOWS\SYSTEM32\dhcpcsvc.DLL
0x00007ff8eb930000 - 0x00007ff8eba23000 	C:\WINDOWS\SYSTEM32\DNSAPI.dll
0x00007ff8d0970000 - 0x00007ff8d0979000 	C:\Users\ohkub\.vscode\extensions\redhat.java-1.20.0-win32-x64\jre\17.0.7-win32-x86_64\bin\management.dll
0x00007ff8d0490000 - 0x00007ff8d049b000 	C:\Users\ohkub\.vscode\extensions\redhat.java-1.20.0-win32-x64\jre\17.0.7-win32-x86_64\bin\management_ext.dll
0x00007ff8ef880000 - 0x00007ff8ef888000 	C:\WINDOWS\System32\PSAPI.DLL
0x00007ff8d0380000 - 0x00007ff8d038e000 	C:\Users\ohkub\.vscode\extensions\redhat.java-1.20.0-win32-x64\jre\17.0.7-win32-x86_64\bin\sunmscapi.dll
0x00007ff8ecd50000 - 0x00007ff8eceb7000 	C:\WINDOWS\System32\CRYPT32.dll
0x00007ff8ec6f0000 - 0x00007ff8ec71e000 	C:\WINDOWS\SYSTEM32\ncrypt.dll
0x00007ff8ec6b0000 - 0x00007ff8ec6e7000 	C:\WINDOWS\SYSTEM32\NTASN1.dll
0x00007ff8e2a60000 - 0x00007ff8e2a6a000 	C:\Windows\System32\rasadhlp.dll
0x00007ff8e4b10000 - 0x00007ff8e4b94000 	C:\WINDOWS\System32\fwpuclnt.dll

dbghelp: loaded successfully - version: 4.0.5 - missing functions: none
symbol engine: initialized successfully - sym options: 0x614 - pdb path: .;c:\Users\ohkub\.vscode\extensions\redhat.java-1.20.0-win32-x64\jre\17.0.7-win32-x86_64\bin;C:\WINDOWS\SYSTEM32;C:\WINDOWS\WinSxS\amd64_microsoft.windows.common-controls_6595b64144ccf1df_6.0.22621.1635_none_270f70857386168e;c:\Users\ohkub\.vscode\extensions\redhat.java-1.20.0-win32-x64\jre\17.0.7-win32-x86_64\bin\server

VM Arguments:
jvm_args: -XX:+HeapDumpOnOutOfMemoryError -Xmx1024m -Dsts.lsp.client=vscode -Dsts.log.file=/dev/null -XX:TieredStopAtLevel=1 -Xlog:jni+resolve=off -Dspring.config.location=file:c:\Users\ohkub\.vscode\extensions\vmware.vscode-spring-boot-1.47.0\language-server\BOOT-INF\classes\application.properties 
java_command: org.springframework.ide.vscode.boot.app.BootLanguageServerBootApp
java_class_path (initial): c:\Users\ohkub\.vscode\extensions\vmware.vscode-spring-boot-1.47.0\language-server\BOOT-INF\classes;c:\Users\ohkub\.vscode\extensions\vmware.vscode-spring-boot-1.47.0\language-server\BOOT-INF\lib\annotations-24.0.1.jar;c:\Users\ohkub\.vscode\extensions\vmware.vscode-spring-boot-1.47.0\language-server\BOOT-INF\lib\antlr-runtime-3.5.3.jar;c:\Users\ohkub\.vscode\extensions\vmware.vscode-spring-boot-1.47.0\language-server\BOOT-INF\lib\antlr4-4.11.1.jar;c:\Users\ohkub\.vscode\extensions\vmware.vscode-spring-boot-1.47.0\language-server\BOOT-INF\lib\antlr4-runtime-4.11.1.jar;c:\Users\ohkub\.vscode\extensions\vmware.vscode-spring-boot-1.47.0\language-server\BOOT-INF\lib\aopalliance-1.0.jar;c:\Users\ohkub\.vscode\extensions\vmware.vscode-spring-boot-1.47.0\language-server\BOOT-INF\lib\asm-9.5.jar;c:\Users\ohkub\.vscode\extensions\vmware.vscode-spring-boot-1.47.0\language-server\BOOT-INF\lib\asm-analysis-9.5.jar;c:\Users\ohkub\.vscode\extensions\vmware.vscode-spring-boot-1.47.0\language-server\BOOT-INF\lib\asm-tree-9.5.jar;c:\Users\ohkub\.vscode\extensions\vmware.vscode-spring-boot-1.47.0\language-server\BOOT-INF\lib\asm-util-9.5.jar;c:\Users\ohkub\.vscode\extensions\vmware.vscode-spring-boot-1.47.0\language-server\BOOT-INF\lib\auto-common-1.2.1.jar;c:\Users\ohkub\.vscode\extensions\vmware.vscode-spring-boot-1.47.0\language-server\BOOT-INF\lib\auto-value-annotations-1.9.jar;c:\Users\ohkub\.vscode\extensions\vmware.vscode-spring-boot-1.47.0\language-server\BOOT-INF\lib\caffeine-3.1.2.jar;c:\Users\ohkub\.vscode\extensions\vmware.vscode-spring-boot-1.47.0\language-server\BOOT-INF\lib\checker-qual-3.12.0.jar;c:\Users\ohkub\.vscode\extensions\vmware.vscode-spring-boot-1.47.0\language-server\BOOT-INF\lib\classgraph-4.8.149.jar;c:\Users\ohkub\.vscode\extensions\vmware.vscode-spring-boot-1.47.0\language-server\BOOT-INF\lib\commons-codec-1.15.jar;c:\Users\ohkub\.vscode\extensions\vmware.vscode-spring-boot-1.47.0\language-server\BOOT-INF\lib\commons-compres
Launcher Type: SUN_STANDARD

[Global flags]
     intx CICompilerCount                          = 4                                         {product} {ergonomic}
     uint ConcGCThreads                            = 3                                         {product} {ergonomic}
     uint G1ConcRefinementThreads                  = 10                                        {product} {ergonomic}
   size_t G1HeapRegionSize                         = 1048576                                   {product} {ergonomic}
    uintx GCDrainStackTargetSize                   = 64                                        {product} {ergonomic}
     bool HeapDumpOnOutOfMemoryError               = true                                   {manageable} {command line}
   size_t InitialHeapSize                          = 536870912                                 {product} {ergonomic}
   size_t MarkStackSize                            = 4194304                                   {product} {ergonomic}
   size_t MaxHeapSize                              = 1073741824                                {product} {command line}
   size_t MaxNewSize                               = 643825664                                 {product} {ergonomic}
   size_t MinHeapDeltaBytes                        = 1048576                                   {product} {ergonomic}
   size_t MinHeapSize                              = 8388608                                   {product} {ergonomic}
    uintx NonProfiledCodeHeapSize                  = 0                                      {pd product} {ergonomic}
     bool ProfileInterpreter                       = false                                  {pd product} {command line}
    uintx ProfiledCodeHeapSize                     = 0                                      {pd product} {ergonomic}
   size_t SoftMaxHeapSize                          = 1073741824                             {manageable} {ergonomic}
     intx TieredStopAtLevel                        = 1                                         {product} {command line}
     bool UseCompressedClassPointers               = true                           {product lp64_product} {ergonomic}
     bool UseCompressedOops                        = true                           {product lp64_product} {ergonomic}
     bool UseG1GC                                  = true                                      {product} {ergonomic}
     bool UseLargePagesIndividualAllocation        = false                                  {pd product} {ergonomic}

Logging:
Log output configuration:
 #0: stdout all=warning,jni+resolve=off uptime,level,tags
 #1: stderr all=off uptime,level,tags

Environment Variables:
JAVA_HOME=C:\Program Files\Amazon Corretto\jdk17.0.7_7
PATH=C:\Program Files\Amazon Corretto\jdk17.0.7_7\bin;C:\Program Files\Common Files\Oracle\Java\javapath;C:\WINDOWS\system32;C:\WINDOWS;C:\WINDOWS\System32\Wbem;C:\WINDOWS\System32\WindowsPowerShell\v1.0\;C:\WINDOWS\System32\OpenSSH\;C:\Program Files\MySQL\MySQL Server 8.0\bin;C:\Program Files\Git\cmd;C:\Program Files (x86)\Google\Cloud SDK\google-cloud-sdk\bin;C:\Program Files\TortoiseGit\bin;C:\Program Files\PostgreSQL\15\bin;C:\Users\ohkub\AppData\Local\Microsoft\WindowsApps;C:\Users\ohkub\AppData\Local\Programs\Microsoft VS Code\bin;C:\Program Files\heroku\bin;C:\Users\ohkub\AppData\Local\GitHubDesktop\bin
USERNAME=ohkub
OS=Windows_NT
PROCESSOR_IDENTIFIER=Intel64 Family 6 Model 158 Stepping 10, GenuineIntel
TMP=C:\Users\ohkub\AppData\Local\Temp
TEMP=C:\Users\ohkub\AppData\Local\Temp



---------------  S Y S T E M  ---------------

OS:
 Windows 11 , 64 bit Build 22621 (10.0.22621.1928)
OS uptime: 4 days 9:44 hours

CPU: total 12 (initial active 12) (6 cores per cpu, 2 threads per core) family 6 model 158 stepping 10 microcode 0xde, cx8, cmov, fxsr, ht, mmx, 3dnowpref, sse, sse2, sse3, ssse3, sse4.1, sse4.2, popcnt, lzcnt, tsc, tscinvbit, avx, avx2, aes, erms, clmul, bmi1, bmi2, rtm, adx, fma, vzeroupper, clflush, clflushopt

Memory: 4k page, system-wide physical 32702M (639M free)
TotalPageFile size 89699M (AvailPageFile size 10M)
current process WorkingSet (physical memory assigned to process): 71M, peak: 248M
current process commit charge ("private bytes"): 267M, peak: 638M

vm_info: OpenJDK 64-Bit Server VM (17.0.7+7) for windows-amd64 JRE (17.0.7+7), built on Apr 18 2023 22:10:42 by "temurin" with MS VC++ 16.7 (VS2019)

END.
